<?xml version="1.0" encoding="UTF-8"?>
<!-- Generated by org.testng.reporters.JUnitXMLReporter -->
<testsuite hostname="primas-Air" ignored="0" name="Test1" tests="1" failures="0" timestamp="2022-06-08T14:38:16 EDT" time="7.654" errors="0">
  <testcase name="@BeforeMethod setUp" time="0.002" classname="com.crm.qa.testcases.HomePageTest">
    <failure type="java.lang.StackOverflowError">
      <![CDATA[java.lang.StackOverflowError
at com.crm.qa.testcases.HomePageTest.setUp(HomePageTest.java:31)
at com.crm.qa.testcases.HomePageTest.setUp(HomePageTest.java:31)
at com.crm.qa.testcases.HomePageTest.setUp(HomePageTest.java:31)
at com.crm.qa.testcases.HomePageTest.setUp(HomePageTest.java:31)
at com.crm.qa.testcases.HomePageTest.setUp(HomePageTest.java:31)
at com.crm.qa.testcases.HomePageTest.setUp(HomePageTest.java:31)
at com.crm.qa.testcases.HomePageTest.setUp(HomePageTest.java:31)
at com.crm.qa.testcases.HomePageTest.setUp(HomePageTest.java:31)
at com.crm.qa.testcases.HomePageTest.setUp(HomePageTest.java:31)
at com.crm.qa.testcases.HomePageTest.setUp(HomePageTest.java:31)
at com.crm.qa.testcases.HomePageTest.setUp(HomePageTest.java:31)
at com.crm.qa.testcases.HomePageTest.setUp(HomePageTest.java:31)
at com.crm.qa.testcases.HomePageTest.setUp(HomePageTest.java:31)
at com.crm.qa.testcases.HomePageTest.setUp(HomePageTest.java:31)
at com.crm.qa.testcases.HomePageTest.setUp(HomePageTest.java:31)
at com.crm.qa.testcases.HomePageTest.setUp(HomePageTest.java:31)
at com.crm.qa.testcases.HomePageTest.setUp(HomePageTest.java:31)
at com.crm.qa.testcases.HomePageTest.setUp(HomePageTest.java:31)
at com.crm.qa.testcases.HomePageTest.setUp(HomePageTest.java:31)
at com.crm.qa.testcases.HomePageTest.setUp(HomePageTest.java:31)
at com.crm.qa.testcases.HomePageTest.setUp(HomePageTest.java:31)
at com.crm.qa.testcases.HomePageTest.setUp(HomePageTest.java:31)
at com.crm.qa.testcases.HomePageTest.setUp(HomePageTest.java:31)
at com.crm.qa.testcases.HomePageTest.setUp(HomePageTest.java:31)
at com.crm.qa.testcases.HomePageTest.setUp(HomePageTest.java:31)
at com.crm.qa.testcases.HomePageTest.setUp(HomePageTest.java:31)
at com.crm.qa.testcases.HomePageTest.setUp(HomePageTest.java:31)
at com.crm.qa.testcases.HomePageTest.setUp(HomePageTest.java:31)
at com.crm.qa.testcases.HomePageTest.setUp(HomePageTest.java:31)
at com.crm.qa.testcases.HomePageTest.setUp(HomePageTest.java:31)
at com.crm.qa.testcases.HomePageTest.setUp(HomePageTest.java:31)
at com.crm.qa.testcases.HomePageTest.setUp(HomePageTest.java:31)
at com.crm.qa.testcases.HomePageTest.setUp(HomePageTest.java:31)
at com.crm.qa.testcases.HomePageTest.setUp(HomePageTest.java:31)
at com.crm.qa.testcases.HomePageTest.setUp(HomePageTest.java:31)
at com.crm.qa.testcases.HomePageTest.setUp(HomePageTest.java:31)
at com.crm.qa.testcases.HomePageTest.setUp(HomePageTest.java:31)
at com.crm.qa.testcases.HomePageTest.setUp(HomePageTest.java:31)
at com.crm.qa.testcases.HomePageTest.setUp(HomePageTest.java:31)
at com.crm.qa.testcases.HomePageTest.setUp(HomePageTest.java:31)
at com.crm.qa.testcases.HomePageTest.setUp(HomePageTest.java:31)
at com.crm.qa.testcases.HomePageTest.setUp(HomePageTest.java:31)
at com.crm.qa.testcases.HomePageTest.setUp(HomePageTest.java:31)
at com.crm.qa.testcases.HomePageTest.setUp(HomePageTest.java:31)
at com.crm.qa.testcases.HomePageTest.setUp(HomePageTest.java:31)
at com.crm.qa.testcases.HomePageTest.setUp(HomePageTest.java:31)
at com.crm.qa.testcases.HomePageTest.setUp(HomePageTest.java:31)
at com.crm.qa.testcases.HomePageTest.setUp(HomePageTest.java:31)
at com.crm.qa.testcases.HomePageTest.setUp(HomePageTest.java:31)
at com.crm.qa.testcases.HomePageTest.setUp(HomePageTest.java:31)
at com.crm.qa.testcases.HomePageTest.setUp(HomePageTest.java:31)
at com.crm.qa.testcases.HomePageTest.setUp(HomePageTest.java:31)
at com.crm.qa.testcases.HomePageTest.setUp(HomePageTest.java:31)
at com.crm.qa.testcases.HomePageTest.setUp(HomePageTest.java:31)
at com.crm.qa.testcases.HomePageTest.setUp(HomePageTest.java:31)
at com.crm.qa.testcases.HomePageTest.setUp(HomePageTest.java:31)
at com.crm.qa.testcases.HomePageTest.setUp(HomePageTest.java:31)
at com.crm.qa.testcases.HomePageTest.setUp(HomePageTest.java:31)
at com.crm.qa.testcases.HomePageTest.setUp(HomePageTest.java:31)
at com.crm.qa.testcases.HomePageTest.setUp(HomePageTest.java:31)
at com.crm.qa.testcases.HomePageTest.setUp(HomePageTest.java:31)
at com.crm.qa.testcases.HomePageTest.setUp(HomePageTest.java:31)
at com.crm.qa.testcases.HomePageTest.setUp(HomePageTest.java:31)
at com.crm.qa.testcases.HomePageTest.setUp(HomePageTest.java:31)
at com.crm.qa.testcases.HomePageTest.setUp(HomePageTest.java:31)
at com.crm.qa.testcases.HomePageTest.setUp(HomePageTest.java:31)
at com.crm.qa.testcases.HomePageTest.setUp(HomePageTest.java:31)
at com.crm.qa.testcases.HomePageTest.setUp(HomePageTest.java:31)
at com.crm.qa.testcases.HomePageTest.setUp(HomePageTest.java:31)
at com.crm.qa.testcases.HomePageTest.setUp(HomePageTest.java:31)
at com.crm.qa.testcases.HomePageTest.setUp(HomePageTest.java:31)
at com.crm.qa.testcases.HomePageTest.setUp(HomePageTest.java:31)
at com.crm.qa.testcases.HomePageTest.setUp(HomePageTest.java:31)
at com.crm.qa.testcases.HomePageTest.setUp(HomePageTest.java:31)
at com.crm.qa.testcases.HomePageTest.setUp(HomePageTest.java:31)
at com.crm.qa.testcases.HomePageTest.setUp(HomePageTest.java:31)
at com.crm.qa.testcases.HomePageTest.setUp(HomePageTest.java:31)
at com.crm.qa.testcases.HomePageTest.setUp(HomePageTest.java:31)
at com.crm.qa.testcases.HomePageTest.setUp(HomePageTest.java:31)
at com.crm.qa.testcases.HomePageTest.setUp(HomePageTest.java:31)
at com.crm.qa.testcases.HomePageTest.setUp(HomePageTest.java:31)
at com.crm.qa.testcases.HomePageTest.setUp(HomePageTest.java:31)
at com.crm.qa.testcases.HomePageTest.setUp(HomePageTest.java:31)
at com.crm.qa.testcases.HomePageTest.setUp(HomePageTest.java:31)
at com.crm.qa.testcases.HomePageTest.setUp(HomePageTest.java:31)
at com.crm.qa.testcases.HomePageTest.setUp(HomePageTest.java:31)
at com.crm.qa.testcases.HomePageTest.setUp(HomePageTest.java:31)
at com.crm.qa.testcases.HomePageTest.setUp(HomePageTest.java:31)
at com.crm.qa.testcases.HomePageTest.setUp(HomePageTest.java:31)
at com.crm.qa.testcases.HomePageTest.setUp(HomePageTest.java:31)
at com.crm.qa.testcases.HomePageTest.setUp(HomePageTest.java:31)
at com.crm.qa.testcases.HomePageTest.setUp(HomePageTest.java:31)
at com.crm.qa.testcases.HomePageTest.setUp(HomePageTest.java:31)
at com.crm.qa.testcases.HomePageTest.setUp(HomePageTest.java:31)
at com.crm.qa.testcases.HomePageTest.setUp(HomePageTest.java:31)
at com.crm.qa.testcases.HomePageTest.setUp(HomePageTest.java:31)
at com.crm.qa.testcases.HomePageTest.setUp(HomePageTest.java:31)
at com.crm.qa.testcases.HomePageTest.setUp(HomePageTest.java:31)
at com.crm.qa.testcases.HomePageTest.setUp(HomePageTest.java:31)
at com.crm.qa.testcases.HomePageTest.setUp(HomePageTest.java:31)
at com.crm.qa.testcases.HomePageTest.setUp(HomePageTest.java:31)
at com.crm.qa.testcases.HomePageTest.setUp(HomePageTest.java:31)
at com.crm.qa.testcases.HomePageTest.setUp(HomePageTest.java:31)
at com.crm.qa.testcases.HomePageTest.setUp(HomePageTest.java:31)
at com.crm.qa.testcases.HomePageTest.setUp(HomePageTest.java:31)
at com.crm.qa.testcases.HomePageTest.setUp(HomePageTest.java:31)
at com.crm.qa.testcases.HomePageTest.setUp(HomePageTest.java:31)
at com.crm.qa.testcases.HomePageTest.setUp(HomePageTest.java:31)
at com.crm.qa.testcases.HomePageTest.setUp(HomePageTest.java:31)
at com.crm.qa.testcases.HomePageTest.setUp(HomePageTest.java:31)
at com.crm.qa.testcases.HomePageTest.setUp(HomePageTest.java:31)
at com.crm.qa.testcases.HomePageTest.setUp(HomePageTest.java:31)
at com.crm.qa.testcases.HomePageTest.setUp(HomePageTest.java:31)
at com.crm.qa.testcases.HomePageTest.setUp(HomePageTest.java:31)
at com.crm.qa.testcases.HomePageTest.setUp(HomePageTest.java:31)
at com.crm.qa.testcases.HomePageTest.setUp(HomePageTest.java:31)
at com.crm.qa.testcases.HomePageTest.setUp(HomePageTest.java:31)
at com.crm.qa.testcases.HomePageTest.setUp(HomePageTest.java:31)
at com.crm.qa.testcases.HomePageTest.setUp(HomePageTest.java:31)
at com.crm.qa.testcases.HomePageTest.setUp(HomePageTest.java:31)
at com.crm.qa.testcases.HomePageTest.setUp(HomePageTest.java:31)
at com.crm.qa.testcases.HomePageTest.setUp(HomePageTest.java:31)
at com.crm.qa.testcases.HomePageTest.setUp(HomePageTest.java:31)
at com.crm.qa.testcases.HomePageTest.setUp(HomePageTest.java:31)
at com.crm.qa.testcases.HomePageTest.setUp(HomePageTest.java:31)
at com.crm.qa.testcases.HomePageTest.setUp(HomePageTest.java:31)
at com.crm.qa.testcases.HomePageTest.setUp(HomePageTest.java:31)
at com.crm.qa.testcases.HomePageTest.setUp(HomePageTest.java:31)
at com.crm.qa.testcases.HomePageTest.setUp(HomePageTest.java:31)
at com.crm.qa.testcases.HomePageTest.setUp(HomePageTest.java:31)
at com.crm.qa.testcases.HomePageTest.setUp(HomePageTest.java:31)
at com.crm.qa.testcases.HomePageTest.setUp(HomePageTest.java:31)
at com.crm.qa.testcases.HomePageTest.setUp(HomePageTest.java:31)
at com.crm.qa.testcases.HomePageTest.setUp(HomePageTest.java:31)
at com.crm.qa.testcases.HomePageTest.setUp(HomePageTest.java:31)
at com.crm.qa.testcases.HomePageTest.setUp(HomePageTest.java:31)
at com.crm.qa.testcases.HomePageTest.setUp(HomePageTest.java:31)
at com.crm.qa.testcases.HomePageTest.setUp(HomePageTest.java:31)
at com.crm.qa.testcases.HomePageTest.setUp(HomePageTest.java:31)
at com.crm.qa.testcases.HomePageTest.setUp(HomePageTest.java:31)
at com.crm.qa.testcases.HomePageTest.setUp(HomePageTest.java:31)
at com.crm.qa.testcases.HomePageTest.setUp(HomePageTest.java:31)
at com.crm.qa.testcases.HomePageTest.setUp(HomePageTest.java:31)
at com.crm.qa.testcases.HomePageTest.setUp(HomePageTest.java:31)
at com.crm.qa.testcases.HomePageTest.setUp(HomePageTest.java:31)
at com.crm.qa.testcases.HomePageTest.setUp(HomePageTest.java:31)
at com.crm.qa.testcases.HomePageTest.setUp(HomePageTest.java:31)
at com.crm.qa.testcases.HomePageTest.setUp(HomePageTest.java:31)
at com.crm.qa.testcases.HomePageTest.setUp(HomePageTest.java:31)
at com.crm.qa.testcases.HomePageTest.setUp(HomePageTest.java:31)
at com.crm.qa.testcases.HomePageTest.setUp(HomePageTest.java:31)
at com.crm.qa.testcases.HomePageTest.setUp(HomePageTest.java:31)
at com.crm.qa.testcases.HomePageTest.setUp(HomePageTest.java:31)
at com.crm.qa.testcases.HomePageTest.setUp(HomePageTest.java:31)
at com.crm.qa.testcases.HomePageTest.setUp(HomePageTest.java:31)
at com.crm.qa.testcases.HomePageTest.setUp(HomePageTest.java:31)
at com.crm.qa.testcases.HomePageTest.setUp(HomePageTest.java:31)
at com.crm.qa.testcases.HomePageTest.setUp(HomePageTest.java:31)
at com.crm.qa.testcases.HomePageTest.setUp(HomePageTest.java:31)
at com.crm.qa.testcases.HomePageTest.setUp(HomePageTest.java:31)
at com.crm.qa.testcases.HomePageTest.setUp(HomePageTest.java:31)
at com.crm.qa.testcases.HomePageTest.setUp(HomePageTest.java:31)
at com.crm.qa.testcases.HomePageTest.setUp(HomePageTest.java:31)
at com.crm.qa.testcases.HomePageTest.setUp(HomePageTest.java:31)
at com.crm.qa.testcases.HomePageTest.setUp(HomePageTest.java:31)
at com.crm.qa.testcases.HomePageTest.setUp(HomePageTest.java:31)
at com.crm.qa.testcases.HomePageTest.setUp(HomePageTest.java:31)
at com.crm.qa.testcases.HomePageTest.setUp(HomePageTest.java:31)
at com.crm.qa.testcases.HomePageTest.setUp(HomePageTest.java:31)
at com.crm.qa.testcases.HomePageTest.setUp(HomePageTest.java:31)
at com.crm.qa.testcases.HomePageTest.setUp(HomePageTest.java:31)
at com.crm.qa.testcases.HomePageTest.setUp(HomePageTest.java:31)
at com.crm.qa.testcases.HomePageTest.setUp(HomePageTest.java:31)
at com.crm.qa.testcases.HomePageTest.setUp(HomePageTest.java:31)
at com.crm.qa.testcases.HomePageTest.setUp(HomePageTest.java:31)
at com.crm.qa.testcases.HomePageTest.setUp(HomePageTest.java:31)
at com.crm.qa.testcases.HomePageTest.setUp(HomePageTest.java:31)
at com.crm.qa.testcases.HomePageTest.setUp(HomePageTest.java:31)
at com.crm.qa.testcases.HomePageTest.setUp(HomePageTest.java:31)
at com.crm.qa.testcases.HomePageTest.setUp(HomePageTest.java:31)
at com.crm.qa.testcases.HomePageTest.setUp(HomePageTest.java:31)
at com.crm.qa.testcases.HomePageTest.setUp(HomePageTest.java:31)
at com.crm.qa.testcases.HomePageTest.setUp(HomePageTest.java:31)
at com.crm.qa.testcases.HomePageTest.setUp(HomePageTest.java:31)
at com.crm.qa.testcases.HomePageTest.setUp(HomePageTest.java:31)
at com.crm.qa.testcases.HomePageTest.setUp(HomePageTest.java:31)
at com.crm.qa.testcases.HomePageTest.setUp(HomePageTest.java:31)
at com.crm.qa.testcases.HomePageTest.setUp(HomePageTest.java:31)
at com.crm.qa.testcases.HomePageTest.setUp(HomePageTest.java:31)
at com.crm.qa.testcases.HomePageTest.setUp(HomePageTest.java:31)
at com.crm.qa.testcases.HomePageTest.setUp(HomePageTest.java:31)
at com.crm.qa.testcases.HomePageTest.setUp(HomePageTest.java:31)
at com.crm.qa.testcases.HomePageTest.setUp(HomePageTest.java:31)
at com.crm.qa.testcases.HomePageTest.setUp(HomePageTest.java:31)
at com.crm.qa.testcases.HomePageTest.setUp(HomePageTest.java:31)
at com.crm.qa.testcases.HomePageTest.setUp(HomePageTest.java:31)
at com.crm.qa.testcases.HomePageTest.setUp(HomePageTest.java:31)
at com.crm.qa.testcases.HomePageTest.setUp(HomePageTest.java:31)
at com.crm.qa.testcases.HomePageTest.setUp(HomePageTest.java:31)
at com.crm.qa.testcases.HomePageTest.setUp(HomePageTest.java:31)
at com.crm.qa.testcases.HomePageTest.setUp(HomePageTest.java:31)
at com.crm.qa.testcases.HomePageTest.setUp(HomePageTest.java:31)
at com.crm.qa.testcases.HomePageTest.setUp(HomePageTest.java:31)
at com.crm.qa.testcases.HomePageTest.setUp(HomePageTest.java:31)
at com.crm.qa.testcases.HomePageTest.setUp(HomePageTest.java:31)
at com.crm.qa.testcases.HomePageTest.setUp(HomePageTest.java:31)
at com.crm.qa.testcases.HomePageTest.setUp(HomePageTest.java:31)
at com.crm.qa.testcases.HomePageTest.setUp(HomePageTest.java:31)
at com.crm.qa.testcases.HomePageTest.setUp(HomePageTest.java:31)
at com.crm.qa.testcases.HomePageTest.setUp(HomePageTest.java:31)
at com.crm.qa.testcases.HomePageTest.setUp(HomePageTest.java:31)
at com.crm.qa.testcases.HomePageTest.setUp(HomePageTest.java:31)
at com.crm.qa.testcases.HomePageTest.setUp(HomePageTest.java:31)
at com.crm.qa.testcases.HomePageTest.setUp(HomePageTest.java:31)
at com.crm.qa.testcases.HomePageTest.setUp(HomePageTest.java:31)
at com.crm.qa.testcases.HomePageTest.setUp(HomePageTest.java:31)
at com.crm.qa.testcases.HomePageTest.setUp(HomePageTest.java:31)
at com.crm.qa.testcases.HomePageTest.setUp(HomePageTest.java:31)
at com.crm.qa.testcases.HomePageTest.setUp(HomePageTest.java:31)
at com.crm.qa.testcases.HomePageTest.setUp(HomePageTest.java:31)
at com.crm.qa.testcases.HomePageTest.setUp(HomePageTest.java:31)
at com.crm.qa.testcases.HomePageTest.setUp(HomePageTest.java:31)
at com.crm.qa.testcases.HomePageTest.setUp(HomePageTest.java:31)
at com.crm.qa.testcases.HomePageTest.setUp(HomePageTest.java:31)
at com.crm.qa.testcases.HomePageTest.setUp(HomePageTest.java:31)
at com.crm.qa.testcases.HomePageTest.setUp(HomePageTest.java:31)
at com.crm.qa.testcases.HomePageTest.setUp(HomePageTest.java:31)
at com.crm.qa.testcases.HomePageTest.setUp(HomePageTest.java:31)
at com.crm.qa.testcases.HomePageTest.setUp(HomePageTest.java:31)
at com.crm.qa.testcases.HomePageTest.setUp(HomePageTest.java:31)
at com.crm.qa.testcases.HomePageTest.setUp(HomePageTest.java:31)
at com.crm.qa.testcases.HomePageTest.setUp(HomePageTest.java:31)
at com.crm.qa.testcases.HomePageTest.setUp(HomePageTest.java:31)
at com.crm.qa.testcases.HomePageTest.setUp(HomePageTest.java:31)
at com.crm.qa.testcases.HomePageTest.setUp(HomePageTest.java:31)
at com.crm.qa.testcases.HomePageTest.setUp(HomePageTest.java:31)
at com.crm.qa.testcases.HomePageTest.setUp(HomePageTest.java:31)
at com.crm.qa.testcases.HomePageTest.setUp(HomePageTest.java:31)
at com.crm.qa.testcases.HomePageTest.setUp(HomePageTest.java:31)
at com.crm.qa.testcases.HomePageTest.setUp(HomePageTest.java:31)
at com.crm.qa.testcases.HomePageTest.setUp(HomePageTest.java:31)
at com.crm.qa.testcases.HomePageTest.setUp(HomePageTest.java:31)
at com.crm.qa.testcases.HomePageTest.setUp(HomePageTest.java:31)
at com.crm.qa.testcases.HomePageTest.setUp(HomePageTest.java:31)
at com.crm.qa.testcases.HomePageTest.setUp(HomePageTest.java:31)
at com.crm.qa.testcases.HomePageTest.setUp(HomePageTest.java:31)
at com.crm.qa.testcases.HomePageTest.setUp(HomePageTest.java:31)
at com.crm.qa.testcases.HomePageTest.setUp(HomePageTest.java:31)
at com.crm.qa.testcases.HomePageTest.setUp(HomePageTest.java:31)
at com.crm.qa.testcases.HomePageTest.setUp(HomePageTest.java:31)
at com.crm.qa.testcases.HomePageTest.setUp(HomePageTest.java:31)
at com.crm.qa.testcases.HomePageTest.setUp(HomePageTest.java:31)
at com.crm.qa.testcases.HomePageTest.setUp(HomePageTest.java:31)
at com.crm.qa.testcases.HomePageTest.setUp(HomePageTest.java:31)
at com.crm.qa.testcases.HomePageTest.setUp(HomePageTest.java:31)
at com.crm.qa.testcases.HomePageTest.setUp(HomePageTest.java:31)
at com.crm.qa.testcases.HomePageTest.setUp(HomePageTest.java:31)
at com.crm.qa.testcases.HomePageTest.setUp(HomePageTest.java:31)
at com.crm.qa.testcases.HomePageTest.setUp(HomePageTest.java:31)
at com.crm.qa.testcases.HomePageTest.setUp(HomePageTest.java:31)
at com.crm.qa.testcases.HomePageTest.setUp(HomePageTest.java:31)
at com.crm.qa.testcases.HomePageTest.setUp(HomePageTest.java:31)
at com.crm.qa.testcases.HomePageTest.setUp(HomePageTest.java:31)
at com.crm.qa.testcases.HomePageTest.setUp(HomePageTest.java:31)
at com.crm.qa.testcases.HomePageTest.setUp(HomePageTest.java:31)
at com.crm.qa.testcases.HomePageTest.setUp(HomePageTest.java:31)
at com.crm.qa.testcases.HomePageTest.setUp(HomePageTest.java:31)
at com.crm.qa.testcases.HomePageTest.setUp(HomePageTest.java:31)
at com.crm.qa.testcases.HomePageTest.setUp(HomePageTest.java:31)
at com.crm.qa.testcases.HomePageTest.setUp(HomePageTest.java:31)
at com.crm.qa.testcases.HomePageTest.setUp(HomePageTest.java:31)
at com.crm.qa.testcases.HomePageTest.setUp(HomePageTest.java:31)
at com.crm.qa.testcases.HomePageTest.setUp(HomePageTest.java:31)
at com.crm.qa.testcases.HomePageTest.setUp(HomePageTest.java:31)
at com.crm.qa.testcases.HomePageTest.setUp(HomePageTest.java:31)
at com.crm.qa.testcases.HomePageTest.setUp(HomePageTest.java:31)
at com.crm.qa.testcases.HomePageTest.setUp(HomePageTest.java:31)
at com.crm.qa.testcases.HomePageTest.setUp(HomePageTest.java:31)
at com.crm.qa.testcases.HomePageTest.setUp(HomePageTest.java:31)
at com.crm.qa.testcases.HomePageTest.setUp(HomePageTest.java:31)
at com.crm.qa.testcases.HomePageTest.setUp(HomePageTest.java:31)
at com.crm.qa.testcases.HomePageTest.setUp(HomePageTest.java:31)
at com.crm.qa.testcases.HomePageTest.setUp(HomePageTest.java:31)
at com.crm.qa.testcases.HomePageTest.setUp(HomePageTest.java:31)
at com.crm.qa.testcases.HomePageTest.setUp(HomePageTest.java:31)
at com.crm.qa.testcases.HomePageTest.setUp(HomePageTest.java:31)
at com.crm.qa.testcases.HomePageTest.setUp(HomePageTest.java:31)
at com.crm.qa.testcases.HomePageTest.setUp(HomePageTest.java:31)
at com.crm.qa.testcases.HomePageTest.setUp(HomePageTest.java:31)
at com.crm.qa.testcases.HomePageTest.setUp(HomePageTest.java:31)
at com.crm.qa.testcases.HomePageTest.setUp(HomePageTest.java:31)
at com.crm.qa.testcases.HomePageTest.setUp(HomePageTest.java:31)
at com.crm.qa.testcases.HomePageTest.setUp(HomePageTest.java:31)
at com.crm.qa.testcases.HomePageTest.setUp(HomePageTest.java:31)
at com.crm.qa.testcases.HomePageTest.setUp(HomePageTest.java:31)
at com.crm.qa.testcases.HomePageTest.setUp(HomePageTest.java:31)
at com.crm.qa.testcases.HomePageTest.setUp(HomePageTest.java:31)
at com.crm.qa.testcases.HomePageTest.setUp(HomePageTest.java:31)
at com.crm.qa.testcases.HomePageTest.setUp(HomePageTest.java:31)
at com.crm.qa.testcases.HomePageTest.setUp(HomePageTest.java:31)
at com.crm.qa.testcases.HomePageTest.setUp(HomePageTest.java:31)
at com.crm.qa.testcases.HomePageTest.setUp(HomePageTest.java:31)
at com.crm.qa.testcases.HomePageTest.setUp(HomePageTest.java:31)
at com.crm.qa.testcases.HomePageTest.setUp(HomePageTest.java:31)
at com.crm.qa.testcases.HomePageTest.setUp(HomePageTest.java:31)
at com.crm.qa.testcases.HomePageTest.setUp(HomePageTest.java:31)
at com.crm.qa.testcases.HomePageTest.setUp(HomePageTest.java:31)
at com.crm.qa.testcases.HomePageTest.setUp(HomePageTest.java:31)
at com.crm.qa.testcases.HomePageTest.setUp(HomePageTest.java:31)
at com.crm.qa.testcases.HomePageTest.setUp(HomePageTest.java:31)
at com.crm.qa.testcases.HomePageTest.setUp(HomePageTest.java:31)
at com.crm.qa.testcases.HomePageTest.setUp(HomePageTest.java:31)
at com.crm.qa.testcases.HomePageTest.setUp(HomePageTest.java:31)
at com.crm.qa.testcases.HomePageTest.setUp(HomePageTest.java:31)
at com.crm.qa.testcases.HomePageTest.setUp(HomePageTest.java:31)
at com.crm.qa.testcases.HomePageTest.setUp(HomePageTest.java:31)
at com.crm.qa.testcases.HomePageTest.setUp(HomePageTest.java:31)
at com.crm.qa.testcases.HomePageTest.setUp(HomePageTest.java:31)
at com.crm.qa.testcases.HomePageTest.setUp(HomePageTest.java:31)
at com.crm.qa.testcases.HomePageTest.setUp(HomePageTest.java:31)
at com.crm.qa.testcases.HomePageTest.setUp(HomePageTest.java:31)
at com.crm.qa.testcases.HomePageTest.setUp(HomePageTest.java:31)
at com.crm.qa.testcases.HomePageTest.setUp(HomePageTest.java:31)
at com.crm.qa.testcases.HomePageTest.setUp(HomePageTest.java:31)
at com.crm.qa.testcases.HomePageTest.setUp(HomePageTest.java:31)
at com.crm.qa.testcases.HomePageTest.setUp(HomePageTest.java:31)
at com.crm.qa.testcases.HomePageTest.setUp(HomePageTest.java:31)
at com.crm.qa.testcases.HomePageTest.setUp(HomePageTest.java:31)
at com.crm.qa.testcases.HomePageTest.setUp(HomePageTest.java:31)
at com.crm.qa.testcases.HomePageTest.setUp(HomePageTest.java:31)
at com.crm.qa.testcases.HomePageTest.setUp(HomePageTest.java:31)
at com.crm.qa.testcases.HomePageTest.setUp(HomePageTest.java:31)
at com.crm.qa.testcases.HomePageTest.setUp(HomePageTest.java:31)
at com.crm.qa.testcases.HomePageTest.setUp(HomePageTest.java:31)
at com.crm.qa.testcases.HomePageTest.setUp(HomePageTest.java:31)
at com.crm.qa.testcases.HomePageTest.setUp(HomePageTest.java:31)
at com.crm.qa.testcases.HomePageTest.setUp(HomePageTest.java:31)
at com.crm.qa.testcases.HomePageTest.setUp(HomePageTest.java:31)
at com.crm.qa.testcases.HomePageTest.setUp(HomePageTest.java:31)
at com.crm.qa.testcases.HomePageTest.setUp(HomePageTest.java:31)
at com.crm.qa.testcases.HomePageTest.setUp(HomePageTest.java:31)
at com.crm.qa.testcases.HomePageTest.setUp(HomePageTest.java:31)
at com.crm.qa.testcases.HomePageTest.setUp(HomePageTest.java:31)
at com.crm.qa.testcases.HomePageTest.setUp(HomePageTest.java:31)
at com.crm.qa.testcases.HomePageTest.setUp(HomePageTest.java:31)
at com.crm.qa.testcases.HomePageTest.setUp(HomePageTest.java:31)
at com.crm.qa.testcases.HomePageTest.setUp(HomePageTest.java:31)
at com.crm.qa.testcases.HomePageTest.setUp(HomePageTest.java:31)
at com.crm.qa.testcases.HomePageTest.setUp(HomePageTest.java:31)
at com.crm.qa.testcases.HomePageTest.setUp(HomePageTest.java:31)
at com.crm.qa.testcases.HomePageTest.setUp(HomePageTest.java:31)
at com.crm.qa.testcases.HomePageTest.setUp(HomePageTest.java:31)
at com.crm.qa.testcases.HomePageTest.setUp(HomePageTest.java:31)
at com.crm.qa.testcases.HomePageTest.setUp(HomePageTest.java:31)
at com.crm.qa.testcases.HomePageTest.setUp(HomePageTest.java:31)
at com.crm.qa.testcases.HomePageTest.setUp(HomePageTest.java:31)
at com.crm.qa.testcases.HomePageTest.setUp(HomePageTest.java:31)
at com.crm.qa.testcases.HomePageTest.setUp(HomePageTest.java:31)
at com.crm.qa.testcases.HomePageTest.setUp(HomePageTest.java:31)
at com.crm.qa.testcases.HomePageTest.setUp(HomePageTest.java:31)
at com.crm.qa.testcases.HomePageTest.setUp(HomePageTest.java:31)
at com.crm.qa.testcases.HomePageTest.setUp(HomePageTest.java:31)
at com.crm.qa.testcases.HomePageTest.setUp(HomePageTest.java:31)
at com.crm.qa.testcases.HomePageTest.setUp(HomePageTest.java:31)
at com.crm.qa.testcases.HomePageTest.setUp(HomePageTest.java:31)
at com.crm.qa.testcases.HomePageTest.setUp(HomePageTest.java:31)
at com.crm.qa.testcases.HomePageTest.setUp(HomePageTest.java:31)
at com.crm.qa.testcases.HomePageTest.setUp(HomePageTest.java:31)
at com.crm.qa.testcases.HomePageTest.setUp(HomePageTest.java:31)
at com.crm.qa.testcases.HomePageTest.setUp(HomePageTest.java:31)
at com.crm.qa.testcases.HomePageTest.setUp(HomePageTest.java:31)
at com.crm.qa.testcases.HomePageTest.setUp(HomePageTest.java:31)
at com.crm.qa.testcases.HomePageTest.setUp(HomePageTest.java:31)
at com.crm.qa.testcases.HomePageTest.setUp(HomePageTest.java:31)
at com.crm.qa.testcases.HomePageTest.setUp(HomePageTest.java:31)
at com.crm.qa.testcases.HomePageTest.setUp(HomePageTest.java:31)
at com.crm.qa.testcases.HomePageTest.setUp(HomePageTest.java:31)
at com.crm.qa.testcases.HomePageTest.setUp(HomePageTest.java:31)
at com.crm.qa.testcases.HomePageTest.setUp(HomePageTest.java:31)
at com.crm.qa.testcases.HomePageTest.setUp(HomePageTest.java:31)
at com.crm.qa.testcases.HomePageTest.setUp(HomePageTest.java:31)
at com.crm.qa.testcases.HomePageTest.setUp(HomePageTest.java:31)
at com.crm.qa.testcases.HomePageTest.setUp(HomePageTest.java:31)
at com.crm.qa.testcases.HomePageTest.setUp(HomePageTest.java:31)
at com.crm.qa.testcases.HomePageTest.setUp(HomePageTest.java:31)
at com.crm.qa.testcases.HomePageTest.setUp(HomePageTest.java:31)
at com.crm.qa.testcases.HomePageTest.setUp(HomePageTest.java:31)
at com.crm.qa.testcases.HomePageTest.setUp(HomePageTest.java:31)
at com.crm.qa.testcases.HomePageTest.setUp(HomePageTest.java:31)
at com.crm.qa.testcases.HomePageTest.setUp(HomePageTest.java:31)
at com.crm.qa.testcases.HomePageTest.setUp(HomePageTest.java:31)
at com.crm.qa.testcases.HomePageTest.setUp(HomePageTest.java:31)
at com.crm.qa.testcases.HomePageTest.setUp(HomePageTest.java:31)
at com.crm.qa.testcases.HomePageTest.setUp(HomePageTest.java:31)
at com.crm.qa.testcases.HomePageTest.setUp(HomePageTest.java:31)
at com.crm.qa.testcases.HomePageTest.setUp(HomePageTest.java:31)
at com.crm.qa.testcases.HomePageTest.setUp(HomePageTest.java:31)
at com.crm.qa.testcases.HomePageTest.setUp(HomePageTest.java:31)
at com.crm.qa.testcases.HomePageTest.setUp(HomePageTest.java:31)
at com.crm.qa.testcases.HomePageTest.setUp(HomePageTest.java:31)
at com.crm.qa.testcases.HomePageTest.setUp(HomePageTest.java:31)
at com.crm.qa.testcases.HomePageTest.setUp(HomePageTest.java:31)
at com.crm.qa.testcases.HomePageTest.setUp(HomePageTest.java:31)
at com.crm.qa.testcases.HomePageTest.setUp(HomePageTest.java:31)
at com.crm.qa.testcases.HomePageTest.setUp(HomePageTest.java:31)
at com.crm.qa.testcases.HomePageTest.setUp(HomePageTest.java:31)
at com.crm.qa.testcases.HomePageTest.setUp(HomePageTest.java:31)
at com.crm.qa.testcases.HomePageTest.setUp(HomePageTest.java:31)
at com.crm.qa.testcases.HomePageTest.setUp(HomePageTest.java:31)
at com.crm.qa.testcases.HomePageTest.setUp(HomePageTest.java:31)
at com.crm.qa.testcases.HomePageTest.setUp(HomePageTest.java:31)
at com.crm.qa.testcases.HomePageTest.setUp(HomePageTest.java:31)
at com.crm.qa.testcases.HomePageTest.setUp(HomePageTest.java:31)
at com.crm.qa.testcases.HomePageTest.setUp(HomePageTest.java:31)
at com.crm.qa.testcases.HomePageTest.setUp(HomePageTest.java:31)
at com.crm.qa.testcases.HomePageTest.setUp(HomePageTest.java:31)
at com.crm.qa.testcases.HomePageTest.setUp(HomePageTest.java:31)
at com.crm.qa.testcases.HomePageTest.setUp(HomePageTest.java:31)
at com.crm.qa.testcases.HomePageTest.setUp(HomePageTest.java:31)
at com.crm.qa.testcases.HomePageTest.setUp(HomePageTest.java:31)
at com.crm.qa.testcases.HomePageTest.setUp(HomePageTest.java:31)
at com.crm.qa.testcases.HomePageTest.setUp(HomePageTest.java:31)
at com.crm.qa.testcases.HomePageTest.setUp(HomePageTest.java:31)
at com.crm.qa.testcases.HomePageTest.setUp(HomePageTest.java:31)
at com.crm.qa.testcases.HomePageTest.setUp(HomePageTest.java:31)
at com.crm.qa.testcases.HomePageTest.setUp(HomePageTest.java:31)
at com.crm.qa.testcases.HomePageTest.setUp(HomePageTest.java:31)
at com.crm.qa.testcases.HomePageTest.setUp(HomePageTest.java:31)
at com.crm.qa.testcases.HomePageTest.setUp(HomePageTest.java:31)
at com.crm.qa.testcases.HomePageTest.setUp(HomePageTest.java:31)
at com.crm.qa.testcases.HomePageTest.setUp(HomePageTest.java:31)
at com.crm.qa.testcases.HomePageTest.setUp(HomePageTest.java:31)
at com.crm.qa.testcases.HomePageTest.setUp(HomePageTest.java:31)
at com.crm.qa.testcases.HomePageTest.setUp(HomePageTest.java:31)
at com.crm.qa.testcases.HomePageTest.setUp(HomePageTest.java:31)
at com.crm.qa.testcases.HomePageTest.setUp(HomePageTest.java:31)
at com.crm.qa.testcases.HomePageTest.setUp(HomePageTest.java:31)
at com.crm.qa.testcases.HomePageTest.setUp(HomePageTest.java:31)
at com.crm.qa.testcases.HomePageTest.setUp(HomePageTest.java:31)
at com.crm.qa.testcases.HomePageTest.setUp(HomePageTest.java:31)
at com.crm.qa.testcases.HomePageTest.setUp(HomePageTest.java:31)
at com.crm.qa.testcases.HomePageTest.setUp(HomePageTest.java:31)
at com.crm.qa.testcases.HomePageTest.setUp(HomePageTest.java:31)
at com.crm.qa.testcases.HomePageTest.setUp(HomePageTest.java:31)
at com.crm.qa.testcases.HomePageTest.setUp(HomePageTest.java:31)
at com.crm.qa.testcases.HomePageTest.setUp(HomePageTest.java:31)
at com.crm.qa.testcases.HomePageTest.setUp(HomePageTest.java:31)
at com.crm.qa.testcases.HomePageTest.setUp(HomePageTest.java:31)
at com.crm.qa.testcases.HomePageTest.setUp(HomePageTest.java:31)
at com.crm.qa.testcases.HomePageTest.setUp(HomePageTest.java:31)
at com.crm.qa.testcases.HomePageTest.setUp(HomePageTest.java:31)
at com.crm.qa.testcases.HomePageTest.setUp(HomePageTest.java:31)
at com.crm.qa.testcases.HomePageTest.setUp(HomePageTest.java:31)
at com.crm.qa.testcases.HomePageTest.setUp(HomePageTest.java:31)
at com.crm.qa.testcases.HomePageTest.setUp(HomePageTest.java:31)
at com.crm.qa.testcases.HomePageTest.setUp(HomePageTest.java:31)
at com.crm.qa.testcases.HomePageTest.setUp(HomePageTest.java:31)
at com.crm.qa.testcases.HomePageTest.setUp(HomePageTest.java:31)
at com.crm.qa.testcases.HomePageTest.setUp(HomePageTest.java:31)
at com.crm.qa.testcases.HomePageTest.setUp(HomePageTest.java:31)
at com.crm.qa.testcases.HomePageTest.setUp(HomePageTest.java:31)
at com.crm.qa.testcases.HomePageTest.setUp(HomePageTest.java:31)
at com.crm.qa.testcases.HomePageTest.setUp(HomePageTest.java:31)
at com.crm.qa.testcases.HomePageTest.setUp(HomePageTest.java:31)
at com.crm.qa.testcases.HomePageTest.setUp(HomePageTest.java:31)
at com.crm.qa.testcases.HomePageTest.setUp(HomePageTest.java:31)
at com.crm.qa.testcases.HomePageTest.setUp(HomePageTest.java:31)
at com.crm.qa.testcases.HomePageTest.setUp(HomePageTest.java:31)
at com.crm.qa.testcases.HomePageTest.setUp(HomePageTest.java:31)
at com.crm.qa.testcases.HomePageTest.setUp(HomePageTest.java:31)
at com.crm.qa.testcases.HomePageTest.setUp(HomePageTest.java:31)
at com.crm.qa.testcases.HomePageTest.setUp(HomePageTest.java:31)
at com.crm.qa.testcases.HomePageTest.setUp(HomePageTest.java:31)
at com.crm.qa.testcases.HomePageTest.setUp(HomePageTest.java:31)
at com.crm.qa.testcases.HomePageTest.setUp(HomePageTest.java:31)
at com.crm.qa.testcases.HomePageTest.setUp(HomePageTest.java:31)
at com.crm.qa.testcases.HomePageTest.setUp(HomePageTest.java:31)
at com.crm.qa.testcases.HomePageTest.setUp(HomePageTest.java:31)
at com.crm.qa.testcases.HomePageTest.setUp(HomePageTest.java:31)
at com.crm.qa.testcases.HomePageTest.setUp(HomePageTest.java:31)
at com.crm.qa.testcases.HomePageTest.setUp(HomePageTest.java:31)
at com.crm.qa.testcases.HomePageTest.setUp(HomePageTest.java:31)
at com.crm.qa.testcases.HomePageTest.setUp(HomePageTest.java:31)
at com.crm.qa.testcases.HomePageTest.setUp(HomePageTest.java:31)
at com.crm.qa.testcases.HomePageTest.setUp(HomePageTest.java:31)
at com.crm.qa.testcases.HomePageTest.setUp(HomePageTest.java:31)
at com.crm.qa.testcases.HomePageTest.setUp(HomePageTest.java:31)
at com.crm.qa.testcases.HomePageTest.setUp(HomePageTest.java:31)
at com.crm.qa.testcases.HomePageTest.setUp(HomePageTest.java:31)
at com.crm.qa.testcases.HomePageTest.setUp(HomePageTest.java:31)
at com.crm.qa.testcases.HomePageTest.setUp(HomePageTest.java:31)
at com.crm.qa.testcases.HomePageTest.setUp(HomePageTest.java:31)
at com.crm.qa.testcases.HomePageTest.setUp(HomePageTest.java:31)
at com.crm.qa.testcases.HomePageTest.setUp(HomePageTest.java:31)
at com.crm.qa.testcases.HomePageTest.setUp(HomePageTest.java:31)
at com.crm.qa.testcases.HomePageTest.setUp(HomePageTest.java:31)
at com.crm.qa.testcases.HomePageTest.setUp(HomePageTest.java:31)
at com.crm.qa.testcases.HomePageTest.setUp(HomePageTest.java:31)
at com.crm.qa.testcases.HomePageTest.setUp(HomePageTest.java:31)
at com.crm.qa.testcases.HomePageTest.setUp(HomePageTest.java:31)
at com.crm.qa.testcases.HomePageTest.setUp(HomePageTest.java:31)
at com.crm.qa.testcases.HomePageTest.setUp(HomePageTest.java:31)
at com.crm.qa.testcases.HomePageTest.setUp(HomePageTest.java:31)
at com.crm.qa.testcases.HomePageTest.setUp(HomePageTest.java:31)
at com.crm.qa.testcases.HomePageTest.setUp(HomePageTest.java:31)
at com.crm.qa.testcases.HomePageTest.setUp(HomePageTest.java:31)
at com.crm.qa.testcases.HomePageTest.setUp(HomePageTest.java:31)
at com.crm.qa.testcases.HomePageTest.setUp(HomePageTest.java:31)
at com.crm.qa.testcases.HomePageTest.setUp(HomePageTest.java:31)
at com.crm.qa.testcases.HomePageTest.setUp(HomePageTest.java:31)
at com.crm.qa.testcases.HomePageTest.setUp(HomePageTest.java:31)
at com.crm.qa.testcases.HomePageTest.setUp(HomePageTest.java:31)
at com.crm.qa.testcases.HomePageTest.setUp(HomePageTest.java:31)
at com.crm.qa.testcases.HomePageTest.setUp(HomePageTest.java:31)
at com.crm.qa.testcases.HomePageTest.setUp(HomePageTest.java:31)
at com.crm.qa.testcases.HomePageTest.setUp(HomePageTest.java:31)
at com.crm.qa.testcases.HomePageTest.setUp(HomePageTest.java:31)
at com.crm.qa.testcases.HomePageTest.setUp(HomePageTest.java:31)
at com.crm.qa.testcases.HomePageTest.setUp(HomePageTest.java:31)
at com.crm.qa.testcases.HomePageTest.setUp(HomePageTest.java:31)
at com.crm.qa.testcases.HomePageTest.setUp(HomePageTest.java:31)
at com.crm.qa.testcases.HomePageTest.setUp(HomePageTest.java:31)
at com.crm.qa.testcases.HomePageTest.setUp(HomePageTest.java:31)
at com.crm.qa.testcases.HomePageTest.setUp(HomePageTest.java:31)
at com.crm.qa.testcases.HomePageTest.setUp(HomePageTest.java:31)
at com.crm.qa.testcases.HomePageTest.setUp(HomePageTest.java:31)
at com.crm.qa.testcases.HomePageTest.setUp(HomePageTest.java:31)
at com.crm.qa.testcases.HomePageTest.setUp(HomePageTest.java:31)
at com.crm.qa.testcases.HomePageTest.setUp(HomePageTest.java:31)
at com.crm.qa.testcases.HomePageTest.setUp(HomePageTest.java:31)
at com.crm.qa.testcases.HomePageTest.setUp(HomePageTest.java:31)
at com.crm.qa.testcases.HomePageTest.setUp(HomePageTest.java:31)
at com.crm.qa.testcases.HomePageTest.setUp(HomePageTest.java:31)
at com.crm.qa.testcases.HomePageTest.setUp(HomePageTest.java:31)
at com.crm.qa.testcases.HomePageTest.setUp(HomePageTest.java:31)
at com.crm.qa.testcases.HomePageTest.setUp(HomePageTest.java:31)
at com.crm.qa.testcases.HomePageTest.setUp(HomePageTest.java:31)
at com.crm.qa.testcases.HomePageTest.setUp(HomePageTest.java:31)
at com.crm.qa.testcases.HomePageTest.setUp(HomePageTest.java:31)
at com.crm.qa.testcases.HomePageTest.setUp(HomePageTest.java:31)
at com.crm.qa.testcases.HomePageTest.setUp(HomePageTest.java:31)
at com.crm.qa.testcases.HomePageTest.setUp(HomePageTest.java:31)
at com.crm.qa.testcases.HomePageTest.setUp(HomePageTest.java:31)
at com.crm.qa.testcases.HomePageTest.setUp(HomePageTest.java:31)
at com.crm.qa.testcases.HomePageTest.setUp(HomePageTest.java:31)
at com.crm.qa.testcases.HomePageTest.setUp(HomePageTest.java:31)
at com.crm.qa.testcases.HomePageTest.setUp(HomePageTest.java:31)
at com.crm.qa.testcases.HomePageTest.setUp(HomePageTest.java:31)
at com.crm.qa.testcases.HomePageTest.setUp(HomePageTest.java:31)
at com.crm.qa.testcases.HomePageTest.setUp(HomePageTest.java:31)
at com.crm.qa.testcases.HomePageTest.setUp(HomePageTest.java:31)
at com.crm.qa.testcases.HomePageTest.setUp(HomePageTest.java:31)
at com.crm.qa.testcases.HomePageTest.setUp(HomePageTest.java:31)
at com.crm.qa.testcases.HomePageTest.setUp(HomePageTest.java:31)
at com.crm.qa.testcases.HomePageTest.setUp(HomePageTest.java:31)
at com.crm.qa.testcases.HomePageTest.setUp(HomePageTest.java:31)
at com.crm.qa.testcases.HomePageTest.setUp(HomePageTest.java:31)
at com.crm.qa.testcases.HomePageTest.setUp(HomePageTest.java:31)
at com.crm.qa.testcases.HomePageTest.setUp(HomePageTest.java:31)
at com.crm.qa.testcases.HomePageTest.setUp(HomePageTest.java:31)
at com.crm.qa.testcases.HomePageTest.setUp(HomePageTest.java:31)
at com.crm.qa.testcases.HomePageTest.setUp(HomePageTest.java:31)
at com.crm.qa.testcases.HomePageTest.setUp(HomePageTest.java:31)
at com.crm.qa.testcases.HomePageTest.setUp(HomePageTest.java:31)
at com.crm.qa.testcases.HomePageTest.setUp(HomePageTest.java:31)
at com.crm.qa.testcases.HomePageTest.setUp(HomePageTest.java:31)
at com.crm.qa.testcases.HomePageTest.setUp(HomePageTest.java:31)
at com.crm.qa.testcases.HomePageTest.setUp(HomePageTest.java:31)
at com.crm.qa.testcases.HomePageTest.setUp(HomePageTest.java:31)
at com.crm.qa.testcases.HomePageTest.setUp(HomePageTest.java:31)
at com.crm.qa.testcases.HomePageTest.setUp(HomePageTest.java:31)
at com.crm.qa.testcases.HomePageTest.setUp(HomePageTest.java:31)
at com.crm.qa.testcases.HomePageTest.setUp(HomePageTest.java:31)
at com.crm.qa.testcases.HomePageTest.setUp(HomePageTest.java:31)
at com.crm.qa.testcases.HomePageTest.setUp(HomePageTest.java:31)
at com.crm.qa.testcases.HomePageTest.setUp(HomePageTest.java:31)
at com.crm.qa.testcases.HomePageTest.setUp(HomePageTest.java:31)
at com.crm.qa.testcases.HomePageTest.setUp(HomePageTest.java:31)
at com.crm.qa.testcases.HomePageTest.setUp(HomePageTest.java:31)
at com.crm.qa.testcases.HomePageTest.setUp(HomePageTest.java:31)
at com.crm.qa.testcases.HomePageTest.setUp(HomePageTest.java:31)
at com.crm.qa.testcases.HomePageTest.setUp(HomePageTest.java:31)
at com.crm.qa.testcases.HomePageTest.setUp(HomePageTest.java:31)
at com.crm.qa.testcases.HomePageTest.setUp(HomePageTest.java:31)
at com.crm.qa.testcases.HomePageTest.setUp(HomePageTest.java:31)
at com.crm.qa.testcases.HomePageTest.setUp(HomePageTest.java:31)
at com.crm.qa.testcases.HomePageTest.setUp(HomePageTest.java:31)
at com.crm.qa.testcases.HomePageTest.setUp(HomePageTest.java:31)
at com.crm.qa.testcases.HomePageTest.setUp(HomePageTest.java:31)
at com.crm.qa.testcases.HomePageTest.setUp(HomePageTest.java:31)
at com.crm.qa.testcases.HomePageTest.setUp(HomePageTest.java:31)
at com.crm.qa.testcases.HomePageTest.setUp(HomePageTest.java:31)
at com.crm.qa.testcases.HomePageTest.setUp(HomePageTest.java:31)
at com.crm.qa.testcases.HomePageTest.setUp(HomePageTest.java:31)
at com.crm.qa.testcases.HomePageTest.setUp(HomePageTest.java:31)
at com.crm.qa.testcases.HomePageTest.setUp(HomePageTest.java:31)
at com.crm.qa.testcases.HomePageTest.setUp(HomePageTest.java:31)
at com.crm.qa.testcases.HomePageTest.setUp(HomePageTest.java:31)
at com.crm.qa.testcases.HomePageTest.setUp(HomePageTest.java:31)
at com.crm.qa.testcases.HomePageTest.setUp(HomePageTest.java:31)
at com.crm.qa.testcases.HomePageTest.setUp(HomePageTest.java:31)
at com.crm.qa.testcases.HomePageTest.setUp(HomePageTest.java:31)
at com.crm.qa.testcases.HomePageTest.setUp(HomePageTest.java:31)
at com.crm.qa.testcases.HomePageTest.setUp(HomePageTest.java:31)
at com.crm.qa.testcases.HomePageTest.setUp(HomePageTest.java:31)
at com.crm.qa.testcases.HomePageTest.setUp(HomePageTest.java:31)
at com.crm.qa.testcases.HomePageTest.setUp(HomePageTest.java:31)
at com.crm.qa.testcases.HomePageTest.setUp(HomePageTest.java:31)
at com.crm.qa.testcases.HomePageTest.setUp(HomePageTest.java:31)
at com.crm.qa.testcases.HomePageTest.setUp(HomePageTest.java:31)
at com.crm.qa.testcases.HomePageTest.setUp(HomePageTest.java:31)
at com.crm.qa.testcases.HomePageTest.setUp(HomePageTest.java:31)
at com.crm.qa.testcases.HomePageTest.setUp(HomePageTest.java:31)
at com.crm.qa.testcases.HomePageTest.setUp(HomePageTest.java:31)
at com.crm.qa.testcases.HomePageTest.setUp(HomePageTest.java:31)
at com.crm.qa.testcases.HomePageTest.setUp(HomePageTest.java:31)
at com.crm.qa.testcases.HomePageTest.setUp(HomePageTest.java:31)
at com.crm.qa.testcases.HomePageTest.setUp(HomePageTest.java:31)
at com.crm.qa.testcases.HomePageTest.setUp(HomePageTest.java:31)
at com.crm.qa.testcases.HomePageTest.setUp(HomePageTest.java:31)
at com.crm.qa.testcases.HomePageTest.setUp(HomePageTest.java:31)
at com.crm.qa.testcases.HomePageTest.setUp(HomePageTest.java:31)
at com.crm.qa.testcases.HomePageTest.setUp(HomePageTest.java:31)
at com.crm.qa.testcases.HomePageTest.setUp(HomePageTest.java:31)
at com.crm.qa.testcases.HomePageTest.setUp(HomePageTest.java:31)
at com.crm.qa.testcases.HomePageTest.setUp(HomePageTest.java:31)
at com.crm.qa.testcases.HomePageTest.setUp(HomePageTest.java:31)
at com.crm.qa.testcases.HomePageTest.setUp(HomePageTest.java:31)
at com.crm.qa.testcases.HomePageTest.setUp(HomePageTest.java:31)
at com.crm.qa.testcases.HomePageTest.setUp(HomePageTest.java:31)
at com.crm.qa.testcases.HomePageTest.setUp(HomePageTest.java:31)
at com.crm.qa.testcases.HomePageTest.setUp(HomePageTest.java:31)
at com.crm.qa.testcases.HomePageTest.setUp(HomePageTest.java:31)
at com.crm.qa.testcases.HomePageTest.setUp(HomePageTest.java:31)
at com.crm.qa.testcases.HomePageTest.setUp(HomePageTest.java:31)
at com.crm.qa.testcases.HomePageTest.setUp(HomePageTest.java:31)
at com.crm.qa.testcases.HomePageTest.setUp(HomePageTest.java:31)
at com.crm.qa.testcases.HomePageTest.setUp(HomePageTest.java:31)
at com.crm.qa.testcases.HomePageTest.setUp(HomePageTest.java:31)
at com.crm.qa.testcases.HomePageTest.setUp(HomePageTest.java:31)
at com.crm.qa.testcases.HomePageTest.setUp(HomePageTest.java:31)
at com.crm.qa.testcases.HomePageTest.setUp(HomePageTest.java:31)
at com.crm.qa.testcases.HomePageTest.setUp(HomePageTest.java:31)
at com.crm.qa.testcases.HomePageTest.setUp(HomePageTest.java:31)
at com.crm.qa.testcases.HomePageTest.setUp(HomePageTest.java:31)
at com.crm.qa.testcases.HomePageTest.setUp(HomePageTest.java:31)
at com.crm.qa.testcases.HomePageTest.setUp(HomePageTest.java:31)
at com.crm.qa.testcases.HomePageTest.setUp(HomePageTest.java:31)
at com.crm.qa.testcases.HomePageTest.setUp(HomePageTest.java:31)
at com.crm.qa.testcases.HomePageTest.setUp(HomePageTest.java:31)
at com.crm.qa.testcases.HomePageTest.setUp(HomePageTest.java:31)
at com.crm.qa.testcases.HomePageTest.setUp(HomePageTest.java:31)
at com.crm.qa.testcases.HomePageTest.setUp(HomePageTest.java:31)
at com.crm.qa.testcases.HomePageTest.setUp(HomePageTest.java:31)
at com.crm.qa.testcases.HomePageTest.setUp(HomePageTest.java:31)
at com.crm.qa.testcases.HomePageTest.setUp(HomePageTest.java:31)
at com.crm.qa.testcases.HomePageTest.setUp(HomePageTest.java:31)
at com.crm.qa.testcases.HomePageTest.setUp(HomePageTest.java:31)
at com.crm.qa.testcases.HomePageTest.setUp(HomePageTest.java:31)
at com.crm.qa.testcases.HomePageTest.setUp(HomePageTest.java:31)
at com.crm.qa.testcases.HomePageTest.setUp(HomePageTest.java:31)
at com.crm.qa.testcases.HomePageTest.setUp(HomePageTest.java:31)
at com.crm.qa.testcases.HomePageTest.setUp(HomePageTest.java:31)
at com.crm.qa.testcases.HomePageTest.setUp(HomePageTest.java:31)
at com.crm.qa.testcases.HomePageTest.setUp(HomePageTest.java:31)
at com.crm.qa.testcases.HomePageTest.setUp(HomePageTest.java:31)
at com.crm.qa.testcases.HomePageTest.setUp(HomePageTest.java:31)
at com.crm.qa.testcases.HomePageTest.setUp(HomePageTest.java:31)
at com.crm.qa.testcases.HomePageTest.setUp(HomePageTest.java:31)
at com.crm.qa.testcases.HomePageTest.setUp(HomePageTest.java:31)
at com.crm.qa.testcases.HomePageTest.setUp(HomePageTest.java:31)
at com.crm.qa.testcases.HomePageTest.setUp(HomePageTest.java:31)
at com.crm.qa.testcases.HomePageTest.setUp(HomePageTest.java:31)
at com.crm.qa.testcases.HomePageTest.setUp(HomePageTest.java:31)
at com.crm.qa.testcases.HomePageTest.setUp(HomePageTest.java:31)
at com.crm.qa.testcases.HomePageTest.setUp(HomePageTest.java:31)
at com.crm.qa.testcases.HomePageTest.setUp(HomePageTest.java:31)
at com.crm.qa.testcases.HomePageTest.setUp(HomePageTest.java:31)
at com.crm.qa.testcases.HomePageTest.setUp(HomePageTest.java:31)
at com.crm.qa.testcases.HomePageTest.setUp(HomePageTest.java:31)
at com.crm.qa.testcases.HomePageTest.setUp(HomePageTest.java:31)
at com.crm.qa.testcases.HomePageTest.setUp(HomePageTest.java:31)
at com.crm.qa.testcases.HomePageTest.setUp(HomePageTest.java:31)
at com.crm.qa.testcases.HomePageTest.setUp(HomePageTest.java:31)
at com.crm.qa.testcases.HomePageTest.setUp(HomePageTest.java:31)
at com.crm.qa.testcases.HomePageTest.setUp(HomePageTest.java:31)
at com.crm.qa.testcases.HomePageTest.setUp(HomePageTest.java:31)
at com.crm.qa.testcases.HomePageTest.setUp(HomePageTest.java:31)
at com.crm.qa.testcases.HomePageTest.setUp(HomePageTest.java:31)
at com.crm.qa.testcases.HomePageTest.setUp(HomePageTest.java:31)
at com.crm.qa.testcases.HomePageTest.setUp(HomePageTest.java:31)
at com.crm.qa.testcases.HomePageTest.setUp(HomePageTest.java:31)
at com.crm.qa.testcases.HomePageTest.setUp(HomePageTest.java:31)
at com.crm.qa.testcases.HomePageTest.setUp(HomePageTest.java:31)
at com.crm.qa.testcases.HomePageTest.setUp(HomePageTest.java:31)
at com.crm.qa.testcases.HomePageTest.setUp(HomePageTest.java:31)
at com.crm.qa.testcases.HomePageTest.setUp(HomePageTest.java:31)
at com.crm.qa.testcases.HomePageTest.setUp(HomePageTest.java:31)
at com.crm.qa.testcases.HomePageTest.setUp(HomePageTest.java:31)
at com.crm.qa.testcases.HomePageTest.setUp(HomePageTest.java:31)
at com.crm.qa.testcases.HomePageTest.setUp(HomePageTest.java:31)
at com.crm.qa.testcases.HomePageTest.setUp(HomePageTest.java:31)
at com.crm.qa.testcases.HomePageTest.setUp(HomePageTest.java:31)
at com.crm.qa.testcases.HomePageTest.setUp(HomePageTest.java:31)
at com.crm.qa.testcases.HomePageTest.setUp(HomePageTest.java:31)
at com.crm.qa.testcases.HomePageTest.setUp(HomePageTest.java:31)
at com.crm.qa.testcases.HomePageTest.setUp(HomePageTest.java:31)
at com.crm.qa.testcases.HomePageTest.setUp(HomePageTest.java:31)
at com.crm.qa.testcases.HomePageTest.setUp(HomePageTest.java:31)
at com.crm.qa.testcases.HomePageTest.setUp(HomePageTest.java:31)
at com.crm.qa.testcases.HomePageTest.setUp(HomePageTest.java:31)
at com.crm.qa.testcases.HomePageTest.setUp(HomePageTest.java:31)
at com.crm.qa.testcases.HomePageTest.setUp(HomePageTest.java:31)
at com.crm.qa.testcases.HomePageTest.setUp(HomePageTest.java:31)
at com.crm.qa.testcases.HomePageTest.setUp(HomePageTest.java:31)
at com.crm.qa.testcases.HomePageTest.setUp(HomePageTest.java:31)
at com.crm.qa.testcases.HomePageTest.setUp(HomePageTest.java:31)
at com.crm.qa.testcases.HomePageTest.setUp(HomePageTest.java:31)
at com.crm.qa.testcases.HomePageTest.setUp(HomePageTest.java:31)
at com.crm.qa.testcases.HomePageTest.setUp(HomePageTest.java:31)
at com.crm.qa.testcases.HomePageTest.setUp(HomePageTest.java:31)
at com.crm.qa.testcases.HomePageTest.setUp(HomePageTest.java:31)
at com.crm.qa.testcases.HomePageTest.setUp(HomePageTest.java:31)
at com.crm.qa.testcases.HomePageTest.setUp(HomePageTest.java:31)
at com.crm.qa.testcases.HomePageTest.setUp(HomePageTest.java:31)
at com.crm.qa.testcases.HomePageTest.setUp(HomePageTest.java:31)
at com.crm.qa.testcases.HomePageTest.setUp(HomePageTest.java:31)
at com.crm.qa.testcases.HomePageTest.setUp(HomePageTest.java:31)
at com.crm.qa.testcases.HomePageTest.setUp(HomePageTest.java:31)
at com.crm.qa.testcases.HomePageTest.setUp(HomePageTest.java:31)
at com.crm.qa.testcases.HomePageTest.setUp(HomePageTest.java:31)
at com.crm.qa.testcases.HomePageTest.setUp(HomePageTest.java:31)
at com.crm.qa.testcases.HomePageTest.setUp(HomePageTest.java:31)
at com.crm.qa.testcases.HomePageTest.setUp(HomePageTest.java:31)
at com.crm.qa.testcases.HomePageTest.setUp(HomePageTest.java:31)
at com.crm.qa.testcases.HomePageTest.setUp(HomePageTest.java:31)
at com.crm.qa.testcases.HomePageTest.setUp(HomePageTest.java:31)
at com.crm.qa.testcases.HomePageTest.setUp(HomePageTest.java:31)
at com.crm.qa.testcases.HomePageTest.setUp(HomePageTest.java:31)
at com.crm.qa.testcases.HomePageTest.setUp(HomePageTest.java:31)
at com.crm.qa.testcases.HomePageTest.setUp(HomePageTest.java:31)
at com.crm.qa.testcases.HomePageTest.setUp(HomePageTest.java:31)
at com.crm.qa.testcases.HomePageTest.setUp(HomePageTest.java:31)
at com.crm.qa.testcases.HomePageTest.setUp(HomePageTest.java:31)
at com.crm.qa.testcases.HomePageTest.setUp(HomePageTest.java:31)
at com.crm.qa.testcases.HomePageTest.setUp(HomePageTest.java:31)
at com.crm.qa.testcases.HomePageTest.setUp(HomePageTest.java:31)
at com.crm.qa.testcases.HomePageTest.setUp(HomePageTest.java:31)
at com.crm.qa.testcases.HomePageTest.setUp(HomePageTest.java:31)
at com.crm.qa.testcases.HomePageTest.setUp(HomePageTest.java:31)
at com.crm.qa.testcases.HomePageTest.setUp(HomePageTest.java:31)
at com.crm.qa.testcases.HomePageTest.setUp(HomePageTest.java:31)
at com.crm.qa.testcases.HomePageTest.setUp(HomePageTest.java:31)
at com.crm.qa.testcases.HomePageTest.setUp(HomePageTest.java:31)
at com.crm.qa.testcases.HomePageTest.setUp(HomePageTest.java:31)
at com.crm.qa.testcases.HomePageTest.setUp(HomePageTest.java:31)
at com.crm.qa.testcases.HomePageTest.setUp(HomePageTest.java:31)
at com.crm.qa.testcases.HomePageTest.setUp(HomePageTest.java:31)
at com.crm.qa.testcases.HomePageTest.setUp(HomePageTest.java:31)
at com.crm.qa.testcases.HomePageTest.setUp(HomePageTest.java:31)
at com.crm.qa.testcases.HomePageTest.setUp(HomePageTest.java:31)
at com.crm.qa.testcases.HomePageTest.setUp(HomePageTest.java:31)
at com.crm.qa.testcases.HomePageTest.setUp(HomePageTest.java:31)
at com.crm.qa.testcases.HomePageTest.setUp(HomePageTest.java:31)
at com.crm.qa.testcases.HomePageTest.setUp(HomePageTest.java:31)
at com.crm.qa.testcases.HomePageTest.setUp(HomePageTest.java:31)
at com.crm.qa.testcases.HomePageTest.setUp(HomePageTest.java:31)
at com.crm.qa.testcases.HomePageTest.setUp(HomePageTest.java:31)
at com.crm.qa.testcases.HomePageTest.setUp(HomePageTest.java:31)
at com.crm.qa.testcases.HomePageTest.setUp(HomePageTest.java:31)
at com.crm.qa.testcases.HomePageTest.setUp(HomePageTest.java:31)
at com.crm.qa.testcases.HomePageTest.setUp(HomePageTest.java:31)
at com.crm.qa.testcases.HomePageTest.setUp(HomePageTest.java:31)
at com.crm.qa.testcases.HomePageTest.setUp(HomePageTest.java:31)
at com.crm.qa.testcases.HomePageTest.setUp(HomePageTest.java:31)
at com.crm.qa.testcases.HomePageTest.setUp(HomePageTest.java:31)
at com.crm.qa.testcases.HomePageTest.setUp(HomePageTest.java:31)
at com.crm.qa.testcases.HomePageTest.setUp(HomePageTest.java:31)
at com.crm.qa.testcases.HomePageTest.setUp(HomePageTest.java:31)
at com.crm.qa.testcases.HomePageTest.setUp(HomePageTest.java:31)
at com.crm.qa.testcases.HomePageTest.setUp(HomePageTest.java:31)
at com.crm.qa.testcases.HomePageTest.setUp(HomePageTest.java:31)
at com.crm.qa.testcases.HomePageTest.setUp(HomePageTest.java:31)
at com.crm.qa.testcases.HomePageTest.setUp(HomePageTest.java:31)
at com.crm.qa.testcases.HomePageTest.setUp(HomePageTest.java:31)
at com.crm.qa.testcases.HomePageTest.setUp(HomePageTest.java:31)
at com.crm.qa.testcases.HomePageTest.setUp(HomePageTest.java:31)
at com.crm.qa.testcases.HomePageTest.setUp(HomePageTest.java:31)
at com.crm.qa.testcases.HomePageTest.setUp(HomePageTest.java:31)
at com.crm.qa.testcases.HomePageTest.setUp(HomePageTest.java:31)
at com.crm.qa.testcases.HomePageTest.setUp(HomePageTest.java:31)
at com.crm.qa.testcases.HomePageTest.setUp(HomePageTest.java:31)
at com.crm.qa.testcases.HomePageTest.setUp(HomePageTest.java:31)
at com.crm.qa.testcases.HomePageTest.setUp(HomePageTest.java:31)
at com.crm.qa.testcases.HomePageTest.setUp(HomePageTest.java:31)
at com.crm.qa.testcases.HomePageTest.setUp(HomePageTest.java:31)
at com.crm.qa.testcases.HomePageTest.setUp(HomePageTest.java:31)
at com.crm.qa.testcases.HomePageTest.setUp(HomePageTest.java:31)
at com.crm.qa.testcases.HomePageTest.setUp(HomePageTest.java:31)
at com.crm.qa.testcases.HomePageTest.setUp(HomePageTest.java:31)
at com.crm.qa.testcases.HomePageTest.setUp(HomePageTest.java:31)
at com.crm.qa.testcases.HomePageTest.setUp(HomePageTest.java:31)
at com.crm.qa.testcases.HomePageTest.setUp(HomePageTest.java:31)
at com.crm.qa.testcases.HomePageTest.setUp(HomePageTest.java:31)
at com.crm.qa.testcases.HomePageTest.setUp(HomePageTest.java:31)
at com.crm.qa.testcases.HomePageTest.setUp(HomePageTest.java:31)
at com.crm.qa.testcases.HomePageTest.setUp(HomePageTest.java:31)
at com.crm.qa.testcases.HomePageTest.setUp(HomePageTest.java:31)
at com.crm.qa.testcases.HomePageTest.setUp(HomePageTest.java:31)
at com.crm.qa.testcases.HomePageTest.setUp(HomePageTest.java:31)
at com.crm.qa.testcases.HomePageTest.setUp(HomePageTest.java:31)
at com.crm.qa.testcases.HomePageTest.setUp(HomePageTest.java:31)
at com.crm.qa.testcases.HomePageTest.setUp(HomePageTest.java:31)
at com.crm.qa.testcases.HomePageTest.setUp(HomePageTest.java:31)
at com.crm.qa.testcases.HomePageTest.setUp(HomePageTest.java:31)
at com.crm.qa.testcases.HomePageTest.setUp(HomePageTest.java:31)
at com.crm.qa.testcases.HomePageTest.setUp(HomePageTest.java:31)
at com.crm.qa.testcases.HomePageTest.setUp(HomePageTest.java:31)
at com.crm.qa.testcases.HomePageTest.setUp(HomePageTest.java:31)
at com.crm.qa.testcases.HomePageTest.setUp(HomePageTest.java:31)
at com.crm.qa.testcases.HomePageTest.setUp(HomePageTest.java:31)
at com.crm.qa.testcases.HomePageTest.setUp(HomePageTest.java:31)
at com.crm.qa.testcases.HomePageTest.setUp(HomePageTest.java:31)
at com.crm.qa.testcases.HomePageTest.setUp(HomePageTest.java:31)
at com.crm.qa.testcases.HomePageTest.setUp(HomePageTest.java:31)
at com.crm.qa.testcases.HomePageTest.setUp(HomePageTest.java:31)
at com.crm.qa.testcases.HomePageTest.setUp(HomePageTest.java:31)
at com.crm.qa.testcases.HomePageTest.setUp(HomePageTest.java:31)
at com.crm.qa.testcases.HomePageTest.setUp(HomePageTest.java:31)
at com.crm.qa.testcases.HomePageTest.setUp(HomePageTest.java:31)
at com.crm.qa.testcases.HomePageTest.setUp(HomePageTest.java:31)
at com.crm.qa.testcases.HomePageTest.setUp(HomePageTest.java:31)
at com.crm.qa.testcases.HomePageTest.setUp(HomePageTest.java:31)
at com.crm.qa.testcases.HomePageTest.setUp(HomePageTest.java:31)
at com.crm.qa.testcases.HomePageTest.setUp(HomePageTest.java:31)
at com.crm.qa.testcases.HomePageTest.setUp(HomePageTest.java:31)
at com.crm.qa.testcases.HomePageTest.setUp(HomePageTest.java:31)
at com.crm.qa.testcases.HomePageTest.setUp(HomePageTest.java:31)
at com.crm.qa.testcases.HomePageTest.setUp(HomePageTest.java:31)
at com.crm.qa.testcases.HomePageTest.setUp(HomePageTest.java:31)
at com.crm.qa.testcases.HomePageTest.setUp(HomePageTest.java:31)
at com.crm.qa.testcases.HomePageTest.setUp(HomePageTest.java:31)
at com.crm.qa.testcases.HomePageTest.setUp(HomePageTest.java:31)
at com.crm.qa.testcases.HomePageTest.setUp(HomePageTest.java:31)
at com.crm.qa.testcases.HomePageTest.setUp(HomePageTest.java:31)
at com.crm.qa.testcases.HomePageTest.setUp(HomePageTest.java:31)
at com.crm.qa.testcases.HomePageTest.setUp(HomePageTest.java:31)
at com.crm.qa.testcases.HomePageTest.setUp(HomePageTest.java:31)
at com.crm.qa.testcases.HomePageTest.setUp(HomePageTest.java:31)
at com.crm.qa.testcases.HomePageTest.setUp(HomePageTest.java:31)
at com.crm.qa.testcases.HomePageTest.setUp(HomePageTest.java:31)
at com.crm.qa.testcases.HomePageTest.setUp(HomePageTest.java:31)
at com.crm.qa.testcases.HomePageTest.setUp(HomePageTest.java:31)
at com.crm.qa.testcases.HomePageTest.setUp(HomePageTest.java:31)
at com.crm.qa.testcases.HomePageTest.setUp(HomePageTest.java:31)
at com.crm.qa.testcases.HomePageTest.setUp(HomePageTest.java:31)
at com.crm.qa.testcases.HomePageTest.setUp(HomePageTest.java:31)
at com.crm.qa.testcases.HomePageTest.setUp(HomePageTest.java:31)
at com.crm.qa.testcases.HomePageTest.setUp(HomePageTest.java:31)
at com.crm.qa.testcases.HomePageTest.setUp(HomePageTest.java:31)
at com.crm.qa.testcases.HomePageTest.setUp(HomePageTest.java:31)
at com.crm.qa.testcases.HomePageTest.setUp(HomePageTest.java:31)
at com.crm.qa.testcases.HomePageTest.setUp(HomePageTest.java:31)
at com.crm.qa.testcases.HomePageTest.setUp(HomePageTest.java:31)
at com.crm.qa.testcases.HomePageTest.setUp(HomePageTest.java:31)
at com.crm.qa.testcases.HomePageTest.setUp(HomePageTest.java:31)
at com.crm.qa.testcases.HomePageTest.setUp(HomePageTest.java:31)
at com.crm.qa.testcases.HomePageTest.setUp(HomePageTest.java:31)
at com.crm.qa.testcases.HomePageTest.setUp(HomePageTest.java:31)
at com.crm.qa.testcases.HomePageTest.setUp(HomePageTest.java:31)
at com.crm.qa.testcases.HomePageTest.setUp(HomePageTest.java:31)
at com.crm.qa.testcases.HomePageTest.setUp(HomePageTest.java:31)
at com.crm.qa.testcases.HomePageTest.setUp(HomePageTest.java:31)
at com.crm.qa.testcases.HomePageTest.setUp(HomePageTest.java:31)
at com.crm.qa.testcases.HomePageTest.setUp(HomePageTest.java:31)
at com.crm.qa.testcases.HomePageTest.setUp(HomePageTest.java:31)
at com.crm.qa.testcases.HomePageTest.setUp(HomePageTest.java:31)
at com.crm.qa.testcases.HomePageTest.setUp(HomePageTest.java:31)
at com.crm.qa.testcases.HomePageTest.setUp(HomePageTest.java:31)
at com.crm.qa.testcases.HomePageTest.setUp(HomePageTest.java:31)
at com.crm.qa.testcases.HomePageTest.setUp(HomePageTest.java:31)
at com.crm.qa.testcases.HomePageTest.setUp(HomePageTest.java:31)
at com.crm.qa.testcases.HomePageTest.setUp(HomePageTest.java:31)
at com.crm.qa.testcases.HomePageTest.setUp(HomePageTest.java:31)
at com.crm.qa.testcases.HomePageTest.setUp(HomePageTest.java:31)
at com.crm.qa.testcases.HomePageTest.setUp(HomePageTest.java:31)
at com.crm.qa.testcases.HomePageTest.setUp(HomePageTest.java:31)
at com.crm.qa.testcases.HomePageTest.setUp(HomePageTest.java:31)
at com.crm.qa.testcases.HomePageTest.setUp(HomePageTest.java:31)
at com.crm.qa.testcases.HomePageTest.setUp(HomePageTest.java:31)
at com.crm.qa.testcases.HomePageTest.setUp(HomePageTest.java:31)
at com.crm.qa.testcases.HomePageTest.setUp(HomePageTest.java:31)
at com.crm.qa.testcases.HomePageTest.setUp(HomePageTest.java:31)
at com.crm.qa.testcases.HomePageTest.setUp(HomePageTest.java:31)
at com.crm.qa.testcases.HomePageTest.setUp(HomePageTest.java:31)
at com.crm.qa.testcases.HomePageTest.setUp(HomePageTest.java:31)
at com.crm.qa.testcases.HomePageTest.setUp(HomePageTest.java:31)
at com.crm.qa.testcases.HomePageTest.setUp(HomePageTest.java:31)
at com.crm.qa.testcases.HomePageTest.setUp(HomePageTest.java:31)
at com.crm.qa.testcases.HomePageTest.setUp(HomePageTest.java:31)
at com.crm.qa.testcases.HomePageTest.setUp(HomePageTest.java:31)
at com.crm.qa.testcases.HomePageTest.setUp(HomePageTest.java:31)
at com.crm.qa.testcases.HomePageTest.setUp(HomePageTest.java:31)
at com.crm.qa.testcases.HomePageTest.setUp(HomePageTest.java:31)
at com.crm.qa.testcases.HomePageTest.setUp(HomePageTest.java:31)
at com.crm.qa.testcases.HomePageTest.setUp(HomePageTest.java:31)
at com.crm.qa.testcases.HomePageTest.setUp(HomePageTest.java:31)
at com.crm.qa.testcases.HomePageTest.setUp(HomePageTest.java:31)
at com.crm.qa.testcases.HomePageTest.setUp(HomePageTest.java:31)
at com.crm.qa.testcases.HomePageTest.setUp(HomePageTest.java:31)
at com.crm.qa.testcases.HomePageTest.setUp(HomePageTest.java:31)
at com.crm.qa.testcases.HomePageTest.setUp(HomePageTest.java:31)
at com.crm.qa.testcases.HomePageTest.setUp(HomePageTest.java:31)
at com.crm.qa.testcases.HomePageTest.setUp(HomePageTest.java:31)
at com.crm.qa.testcases.HomePageTest.setUp(HomePageTest.java:31)
at com.crm.qa.testcases.HomePageTest.setUp(HomePageTest.java:31)
at com.crm.qa.testcases.HomePageTest.setUp(HomePageTest.java:31)
at com.crm.qa.testcases.HomePageTest.setUp(HomePageTest.java:31)
at com.crm.qa.testcases.HomePageTest.setUp(HomePageTest.java:31)
at com.crm.qa.testcases.HomePageTest.setUp(HomePageTest.java:31)
at com.crm.qa.testcases.HomePageTest.setUp(HomePageTest.java:31)
at com.crm.qa.testcases.HomePageTest.setUp(HomePageTest.java:31)
at com.crm.qa.testcases.HomePageTest.setUp(HomePageTest.java:31)
at com.crm.qa.testcases.HomePageTest.setUp(HomePageTest.java:31)
at com.crm.qa.testcases.HomePageTest.setUp(HomePageTest.java:31)
at com.crm.qa.testcases.HomePageTest.setUp(HomePageTest.java:31)
at com.crm.qa.testcases.HomePageTest.setUp(HomePageTest.java:31)
at com.crm.qa.testcases.HomePageTest.setUp(HomePageTest.java:31)
at com.crm.qa.testcases.HomePageTest.setUp(HomePageTest.java:31)
at com.crm.qa.testcases.HomePageTest.setUp(HomePageTest.java:31)
at com.crm.qa.testcases.HomePageTest.setUp(HomePageTest.java:31)
at com.crm.qa.testcases.HomePageTest.setUp(HomePageTest.java:31)
at com.crm.qa.testcases.HomePageTest.setUp(HomePageTest.java:31)
at com.crm.qa.testcases.HomePageTest.setUp(HomePageTest.java:31)
at com.crm.qa.testcases.HomePageTest.setUp(HomePageTest.java:31)
at com.crm.qa.testcases.HomePageTest.setUp(HomePageTest.java:31)
at com.crm.qa.testcases.HomePageTest.setUp(HomePageTest.java:31)
at com.crm.qa.testcases.HomePageTest.setUp(HomePageTest.java:31)
at com.crm.qa.testcases.HomePageTest.setUp(HomePageTest.java:31)
at com.crm.qa.testcases.HomePageTest.setUp(HomePageTest.java:31)
at com.crm.qa.testcases.HomePageTest.setUp(HomePageTest.java:31)
at com.crm.qa.testcases.HomePageTest.setUp(HomePageTest.java:31)
at com.crm.qa.testcases.HomePageTest.setUp(HomePageTest.java:31)
at com.crm.qa.testcases.HomePageTest.setUp(HomePageTest.java:31)
at com.crm.qa.testcases.HomePageTest.setUp(HomePageTest.java:31)
at com.crm.qa.testcases.HomePageTest.setUp(HomePageTest.java:31)
at com.crm.qa.testcases.HomePageTest.setUp(HomePageTest.java:31)
at com.crm.qa.testcases.HomePageTest.setUp(HomePageTest.java:31)
at com.crm.qa.testcases.HomePageTest.setUp(HomePageTest.java:31)
at com.crm.qa.testcases.HomePageTest.setUp(HomePageTest.java:31)
at com.crm.qa.testcases.HomePageTest.setUp(HomePageTest.java:31)
at com.crm.qa.testcases.HomePageTest.setUp(HomePageTest.java:31)
at com.crm.qa.testcases.HomePageTest.setUp(HomePageTest.java:31)
at com.crm.qa.testcases.HomePageTest.setUp(HomePageTest.java:31)
at com.crm.qa.testcases.HomePageTest.setUp(HomePageTest.java:31)
at com.crm.qa.testcases.HomePageTest.setUp(HomePageTest.java:31)
at com.crm.qa.testcases.HomePageTest.setUp(HomePageTest.java:31)
at com.crm.qa.testcases.HomePageTest.setUp(HomePageTest.java:31)
at com.crm.qa.testcases.HomePageTest.setUp(HomePageTest.java:31)
at com.crm.qa.testcases.HomePageTest.setUp(HomePageTest.java:31)
at com.crm.qa.testcases.HomePageTest.setUp(HomePageTest.java:31)
at com.crm.qa.testcases.HomePageTest.setUp(HomePageTest.java:31)
at com.crm.qa.testcases.HomePageTest.setUp(HomePageTest.java:31)
at com.crm.qa.testcases.HomePageTest.setUp(HomePageTest.java:31)
at com.crm.qa.testcases.HomePageTest.setUp(HomePageTest.java:31)
at com.crm.qa.testcases.HomePageTest.setUp(HomePageTest.java:31)
at com.crm.qa.testcases.HomePageTest.setUp(HomePageTest.java:31)
at com.crm.qa.testcases.HomePageTest.setUp(HomePageTest.java:31)
at com.crm.qa.testcases.HomePageTest.setUp(HomePageTest.java:31)
at com.crm.qa.testcases.HomePageTest.setUp(HomePageTest.java:31)
at com.crm.qa.testcases.HomePageTest.setUp(HomePageTest.java:31)
at com.crm.qa.testcases.HomePageTest.setUp(HomePageTest.java:31)
at com.crm.qa.testcases.HomePageTest.setUp(HomePageTest.java:31)
at com.crm.qa.testcases.HomePageTest.setUp(HomePageTest.java:31)
at com.crm.qa.testcases.HomePageTest.setUp(HomePageTest.java:31)
at com.crm.qa.testcases.HomePageTest.setUp(HomePageTest.java:31)
at com.crm.qa.testcases.HomePageTest.setUp(HomePageTest.java:31)
at com.crm.qa.testcases.HomePageTest.setUp(HomePageTest.java:31)
at com.crm.qa.testcases.HomePageTest.setUp(HomePageTest.java:31)
at com.crm.qa.testcases.HomePageTest.setUp(HomePageTest.java:31)
at com.crm.qa.testcases.HomePageTest.setUp(HomePageTest.java:31)
at com.crm.qa.testcases.HomePageTest.setUp(HomePageTest.java:31)
at com.crm.qa.testcases.HomePageTest.setUp(HomePageTest.java:31)
at com.crm.qa.testcases.HomePageTest.setUp(HomePageTest.java:31)
at com.crm.qa.testcases.HomePageTest.setUp(HomePageTest.java:31)
at com.crm.qa.testcases.HomePageTest.setUp(HomePageTest.java:31)
at com.crm.qa.testcases.HomePageTest.setUp(HomePageTest.java:31)
at com.crm.qa.testcases.HomePageTest.setUp(HomePageTest.java:31)
at com.crm.qa.testcases.HomePageTest.setUp(HomePageTest.java:31)
at com.crm.qa.testcases.HomePageTest.setUp(HomePageTest.java:31)
at com.crm.qa.testcases.HomePageTest.setUp(HomePageTest.java:31)
at com.crm.qa.testcases.HomePageTest.setUp(HomePageTest.java:31)
at com.crm.qa.testcases.HomePageTest.setUp(HomePageTest.java:31)
at com.crm.qa.testcases.HomePageTest.setUp(HomePageTest.java:31)
at com.crm.qa.testcases.HomePageTest.setUp(HomePageTest.java:31)
at com.crm.qa.testcases.HomePageTest.setUp(HomePageTest.java:31)
at com.crm.qa.testcases.HomePageTest.setUp(HomePageTest.java:31)
at com.crm.qa.testcases.HomePageTest.setUp(HomePageTest.java:31)
at com.crm.qa.testcases.HomePageTest.setUp(HomePageTest.java:31)
at com.crm.qa.testcases.HomePageTest.setUp(HomePageTest.java:31)
at com.crm.qa.testcases.HomePageTest.setUp(HomePageTest.java:31)
at com.crm.qa.testcases.HomePageTest.setUp(HomePageTest.java:31)
at com.crm.qa.testcases.HomePageTest.setUp(HomePageTest.java:31)
at com.crm.qa.testcases.HomePageTest.setUp(HomePageTest.java:31)
at com.crm.qa.testcases.HomePageTest.setUp(HomePageTest.java:31)
at com.crm.qa.testcases.HomePageTest.setUp(HomePageTest.java:31)
at com.crm.qa.testcases.HomePageTest.setUp(HomePageTest.java:31)
at com.crm.qa.testcases.HomePageTest.setUp(HomePageTest.java:31)
at com.crm.qa.testcases.HomePageTest.setUp(HomePageTest.java:31)
at com.crm.qa.testcases.HomePageTest.setUp(HomePageTest.java:31)
at com.crm.qa.testcases.HomePageTest.setUp(HomePageTest.java:31)
at com.crm.qa.testcases.HomePageTest.setUp(HomePageTest.java:31)
at com.crm.qa.testcases.HomePageTest.setUp(HomePageTest.java:31)
at com.crm.qa.testcases.HomePageTest.setUp(HomePageTest.java:31)
at com.crm.qa.testcases.HomePageTest.setUp(HomePageTest.java:31)
at com.crm.qa.testcases.HomePageTest.setUp(HomePageTest.java:31)
at com.crm.qa.testcases.HomePageTest.setUp(HomePageTest.java:31)
at com.crm.qa.testcases.HomePageTest.setUp(HomePageTest.java:31)
at com.crm.qa.testcases.HomePageTest.setUp(HomePageTest.java:31)
at com.crm.qa.testcases.HomePageTest.setUp(HomePageTest.java:31)
at com.crm.qa.testcases.HomePageTest.setUp(HomePageTest.java:31)
at com.crm.qa.testcases.HomePageTest.setUp(HomePageTest.java:31)
at com.crm.qa.testcases.HomePageTest.setUp(HomePageTest.java:31)
at com.crm.qa.testcases.HomePageTest.setUp(HomePageTest.java:31)
]]>
    </failure>
  </testcase> <!-- @BeforeMethod setUp -->
  <testcase name="@AfterMethod tearDown" time="-1.654713496533E9" classname="com.crm.qa.testcases.HomePageTest">
    <skipped/>
  </testcase> <!-- @AfterMethod tearDown -->
  <testcase name="verifyHomePageTitleTest" time="0.0" classname="com.crm.qa.testcases.HomePageTest">
    <skipped/>
  </testcase> <!-- verifyHomePageTitleTest -->
</testsuite> <!-- Test1 -->
