<?xml version="1.0" encoding="UTF-8"?>
<testng-results skipped="3" failed="0" ignored="0" total="3" passed="0">
  <reporter-output>
  </reporter-output>
  <suite name="Suite" duration-ms="21406" started-at="2022-06-10T13:00:28 EDT" finished-at="2022-06-10T13:00:50 EDT">
    <groups>
    </groups>
    <test name="Test" duration-ms="21406" started-at="2022-06-10T13:00:28 EDT" finished-at="2022-06-10T13:00:50 EDT">
      <class name="com.crm.qa.testcases.LoginPageTest">
        <test-method status="PASS" signature="setUp(java.lang.String,java.lang.String)[pri:0, instance:com.crm.qa.testcases.LoginPageTest@25b485ba]" name="setUp" is-config="true" duration-ms="11334" started-at="2022-06-10T13:00:28 EDT" finished-at="2022-06-10T13:00:39 EDT">
          <params>
            <param index="0">
              <value>
                <![CDATA[chrome]]>
              </value>
            </param>
            <param index="1">
              <value>
                <![CDATA[https://classic.freecrm.com]]>
              </value>
            </param>
          </params>
          <reporter-output>
          </reporter-output>
        </test-method> <!-- setUp -->
        <test-method status="FAIL" signature="setUp()[pri:0, instance:com.crm.qa.testcases.LoginPageTest@25b485ba]" name="setUp" is-config="true" duration-ms="3" started-at="2022-06-10T13:00:40 EDT" finished-at="2022-06-10T13:00:40 EDT">
          <exception class="java.lang.StackOverflowError">
            <full-stacktrace>
              <![CDATA[java.lang.StackOverflowError
at com.crm.qa.testcases.LoginPageTest.setUp(LoginPageTest.java:31)
at com.crm.qa.testcases.LoginPageTest.setUp(LoginPageTest.java:31)
at com.crm.qa.testcases.LoginPageTest.setUp(LoginPageTest.java:31)
at com.crm.qa.testcases.LoginPageTest.setUp(LoginPageTest.java:31)
at com.crm.qa.testcases.LoginPageTest.setUp(LoginPageTest.java:31)
at com.crm.qa.testcases.LoginPageTest.setUp(LoginPageTest.java:31)
at com.crm.qa.testcases.LoginPageTest.setUp(LoginPageTest.java:31)
at com.crm.qa.testcases.LoginPageTest.setUp(LoginPageTest.java:31)
at com.crm.qa.testcases.LoginPageTest.setUp(LoginPageTest.java:31)
at com.crm.qa.testcases.LoginPageTest.setUp(LoginPageTest.java:31)
at com.crm.qa.testcases.LoginPageTest.setUp(LoginPageTest.java:31)
at com.crm.qa.testcases.LoginPageTest.setUp(LoginPageTest.java:31)
at com.crm.qa.testcases.LoginPageTest.setUp(LoginPageTest.java:31)
at com.crm.qa.testcases.LoginPageTest.setUp(LoginPageTest.java:31)
at com.crm.qa.testcases.LoginPageTest.setUp(LoginPageTest.java:31)
at com.crm.qa.testcases.LoginPageTest.setUp(LoginPageTest.java:31)
at com.crm.qa.testcases.LoginPageTest.setUp(LoginPageTest.java:31)
at com.crm.qa.testcases.LoginPageTest.setUp(LoginPageTest.java:31)
at com.crm.qa.testcases.LoginPageTest.setUp(LoginPageTest.java:31)
at com.crm.qa.testcases.LoginPageTest.setUp(LoginPageTest.java:31)
at com.crm.qa.testcases.LoginPageTest.setUp(LoginPageTest.java:31)
at com.crm.qa.testcases.LoginPageTest.setUp(LoginPageTest.java:31)
at com.crm.qa.testcases.LoginPageTest.setUp(LoginPageTest.java:31)
at com.crm.qa.testcases.LoginPageTest.setUp(LoginPageTest.java:31)
at com.crm.qa.testcases.LoginPageTest.setUp(LoginPageTest.java:31)
at com.crm.qa.testcases.LoginPageTest.setUp(LoginPageTest.java:31)
at com.crm.qa.testcases.LoginPageTest.setUp(LoginPageTest.java:31)
at com.crm.qa.testcases.LoginPageTest.setUp(LoginPageTest.java:31)
at com.crm.qa.testcases.LoginPageTest.setUp(LoginPageTest.java:31)
at com.crm.qa.testcases.LoginPageTest.setUp(LoginPageTest.java:31)
at com.crm.qa.testcases.LoginPageTest.setUp(LoginPageTest.java:31)
at com.crm.qa.testcases.LoginPageTest.setUp(LoginPageTest.java:31)
at com.crm.qa.testcases.LoginPageTest.setUp(LoginPageTest.java:31)
at com.crm.qa.testcases.LoginPageTest.setUp(LoginPageTest.java:31)
at com.crm.qa.testcases.LoginPageTest.setUp(LoginPageTest.java:31)
at com.crm.qa.testcases.LoginPageTest.setUp(LoginPageTest.java:31)
at com.crm.qa.testcases.LoginPageTest.setUp(LoginPageTest.java:31)
at com.crm.qa.testcases.LoginPageTest.setUp(LoginPageTest.java:31)
at com.crm.qa.testcases.LoginPageTest.setUp(LoginPageTest.java:31)
at com.crm.qa.testcases.LoginPageTest.setUp(LoginPageTest.java:31)
at com.crm.qa.testcases.LoginPageTest.setUp(LoginPageTest.java:31)
at com.crm.qa.testcases.LoginPageTest.setUp(LoginPageTest.java:31)
at com.crm.qa.testcases.LoginPageTest.setUp(LoginPageTest.java:31)
at com.crm.qa.testcases.LoginPageTest.setUp(LoginPageTest.java:31)
at com.crm.qa.testcases.LoginPageTest.setUp(LoginPageTest.java:31)
at com.crm.qa.testcases.LoginPageTest.setUp(LoginPageTest.java:31)
at com.crm.qa.testcases.LoginPageTest.setUp(LoginPageTest.java:31)
at com.crm.qa.testcases.LoginPageTest.setUp(LoginPageTest.java:31)
at com.crm.qa.testcases.LoginPageTest.setUp(LoginPageTest.java:31)
at com.crm.qa.testcases.LoginPageTest.setUp(LoginPageTest.java:31)
at com.crm.qa.testcases.LoginPageTest.setUp(LoginPageTest.java:31)
at com.crm.qa.testcases.LoginPageTest.setUp(LoginPageTest.java:31)
at com.crm.qa.testcases.LoginPageTest.setUp(LoginPageTest.java:31)
at com.crm.qa.testcases.LoginPageTest.setUp(LoginPageTest.java:31)
at com.crm.qa.testcases.LoginPageTest.setUp(LoginPageTest.java:31)
at com.crm.qa.testcases.LoginPageTest.setUp(LoginPageTest.java:31)
at com.crm.qa.testcases.LoginPageTest.setUp(LoginPageTest.java:31)
at com.crm.qa.testcases.LoginPageTest.setUp(LoginPageTest.java:31)
at com.crm.qa.testcases.LoginPageTest.setUp(LoginPageTest.java:31)
at com.crm.qa.testcases.LoginPageTest.setUp(LoginPageTest.java:31)
at com.crm.qa.testcases.LoginPageTest.setUp(LoginPageTest.java:31)
at com.crm.qa.testcases.LoginPageTest.setUp(LoginPageTest.java:31)
at com.crm.qa.testcases.LoginPageTest.setUp(LoginPageTest.java:31)
at com.crm.qa.testcases.LoginPageTest.setUp(LoginPageTest.java:31)
at com.crm.qa.testcases.LoginPageTest.setUp(LoginPageTest.java:31)
at com.crm.qa.testcases.LoginPageTest.setUp(LoginPageTest.java:31)
at com.crm.qa.testcases.LoginPageTest.setUp(LoginPageTest.java:31)
at com.crm.qa.testcases.LoginPageTest.setUp(LoginPageTest.java:31)
at com.crm.qa.testcases.LoginPageTest.setUp(LoginPageTest.java:31)
at com.crm.qa.testcases.LoginPageTest.setUp(LoginPageTest.java:31)
at com.crm.qa.testcases.LoginPageTest.setUp(LoginPageTest.java:31)
at com.crm.qa.testcases.LoginPageTest.setUp(LoginPageTest.java:31)
at com.crm.qa.testcases.LoginPageTest.setUp(LoginPageTest.java:31)
at com.crm.qa.testcases.LoginPageTest.setUp(LoginPageTest.java:31)
at com.crm.qa.testcases.LoginPageTest.setUp(LoginPageTest.java:31)
at com.crm.qa.testcases.LoginPageTest.setUp(LoginPageTest.java:31)
at com.crm.qa.testcases.LoginPageTest.setUp(LoginPageTest.java:31)
at com.crm.qa.testcases.LoginPageTest.setUp(LoginPageTest.java:31)
at com.crm.qa.testcases.LoginPageTest.setUp(LoginPageTest.java:31)
at com.crm.qa.testcases.LoginPageTest.setUp(LoginPageTest.java:31)
at com.crm.qa.testcases.LoginPageTest.setUp(LoginPageTest.java:31)
at com.crm.qa.testcases.LoginPageTest.setUp(LoginPageTest.java:31)
at com.crm.qa.testcases.LoginPageTest.setUp(LoginPageTest.java:31)
at com.crm.qa.testcases.LoginPageTest.setUp(LoginPageTest.java:31)
at com.crm.qa.testcases.LoginPageTest.setUp(LoginPageTest.java:31)
at com.crm.qa.testcases.LoginPageTest.setUp(LoginPageTest.java:31)
at com.crm.qa.testcases.LoginPageTest.setUp(LoginPageTest.java:31)
at com.crm.qa.testcases.LoginPageTest.setUp(LoginPageTest.java:31)
at com.crm.qa.testcases.LoginPageTest.setUp(LoginPageTest.java:31)
at com.crm.qa.testcases.LoginPageTest.setUp(LoginPageTest.java:31)
at com.crm.qa.testcases.LoginPageTest.setUp(LoginPageTest.java:31)
at com.crm.qa.testcases.LoginPageTest.setUp(LoginPageTest.java:31)
at com.crm.qa.testcases.LoginPageTest.setUp(LoginPageTest.java:31)
at com.crm.qa.testcases.LoginPageTest.setUp(LoginPageTest.java:31)
at com.crm.qa.testcases.LoginPageTest.setUp(LoginPageTest.java:31)
at com.crm.qa.testcases.LoginPageTest.setUp(LoginPageTest.java:31)
at com.crm.qa.testcases.LoginPageTest.setUp(LoginPageTest.java:31)
at com.crm.qa.testcases.LoginPageTest.setUp(LoginPageTest.java:31)
at com.crm.qa.testcases.LoginPageTest.setUp(LoginPageTest.java:31)
at com.crm.qa.testcases.LoginPageTest.setUp(LoginPageTest.java:31)
at com.crm.qa.testcases.LoginPageTest.setUp(LoginPageTest.java:31)
at com.crm.qa.testcases.LoginPageTest.setUp(LoginPageTest.java:31)
at com.crm.qa.testcases.LoginPageTest.setUp(LoginPageTest.java:31)
at com.crm.qa.testcases.LoginPageTest.setUp(LoginPageTest.java:31)
at com.crm.qa.testcases.LoginPageTest.setUp(LoginPageTest.java:31)
at com.crm.qa.testcases.LoginPageTest.setUp(LoginPageTest.java:31)
at com.crm.qa.testcases.LoginPageTest.setUp(LoginPageTest.java:31)
at com.crm.qa.testcases.LoginPageTest.setUp(LoginPageTest.java:31)
at com.crm.qa.testcases.LoginPageTest.setUp(LoginPageTest.java:31)
at com.crm.qa.testcases.LoginPageTest.setUp(LoginPageTest.java:31)
at com.crm.qa.testcases.LoginPageTest.setUp(LoginPageTest.java:31)
at com.crm.qa.testcases.LoginPageTest.setUp(LoginPageTest.java:31)
at com.crm.qa.testcases.LoginPageTest.setUp(LoginPageTest.java:31)
at com.crm.qa.testcases.LoginPageTest.setUp(LoginPageTest.java:31)
at com.crm.qa.testcases.LoginPageTest.setUp(LoginPageTest.java:31)
at com.crm.qa.testcases.LoginPageTest.setUp(LoginPageTest.java:31)
at com.crm.qa.testcases.LoginPageTest.setUp(LoginPageTest.java:31)
at com.crm.qa.testcases.LoginPageTest.setUp(LoginPageTest.java:31)
at com.crm.qa.testcases.LoginPageTest.setUp(LoginPageTest.java:31)
at com.crm.qa.testcases.LoginPageTest.setUp(LoginPageTest.java:31)
at com.crm.qa.testcases.LoginPageTest.setUp(LoginPageTest.java:31)
at com.crm.qa.testcases.LoginPageTest.setUp(LoginPageTest.java:31)
at com.crm.qa.testcases.LoginPageTest.setUp(LoginPageTest.java:31)
at com.crm.qa.testcases.LoginPageTest.setUp(LoginPageTest.java:31)
at com.crm.qa.testcases.LoginPageTest.setUp(LoginPageTest.java:31)
at com.crm.qa.testcases.LoginPageTest.setUp(LoginPageTest.java:31)
at com.crm.qa.testcases.LoginPageTest.setUp(LoginPageTest.java:31)
at com.crm.qa.testcases.LoginPageTest.setUp(LoginPageTest.java:31)
at com.crm.qa.testcases.LoginPageTest.setUp(LoginPageTest.java:31)
at com.crm.qa.testcases.LoginPageTest.setUp(LoginPageTest.java:31)
at com.crm.qa.testcases.LoginPageTest.setUp(LoginPageTest.java:31)
at com.crm.qa.testcases.LoginPageTest.setUp(LoginPageTest.java:31)
at com.crm.qa.testcases.LoginPageTest.setUp(LoginPageTest.java:31)
at com.crm.qa.testcases.LoginPageTest.setUp(LoginPageTest.java:31)
at com.crm.qa.testcases.LoginPageTest.setUp(LoginPageTest.java:31)
at com.crm.qa.testcases.LoginPageTest.setUp(LoginPageTest.java:31)
at com.crm.qa.testcases.LoginPageTest.setUp(LoginPageTest.java:31)
at com.crm.qa.testcases.LoginPageTest.setUp(LoginPageTest.java:31)
at com.crm.qa.testcases.LoginPageTest.setUp(LoginPageTest.java:31)
at com.crm.qa.testcases.LoginPageTest.setUp(LoginPageTest.java:31)
at com.crm.qa.testcases.LoginPageTest.setUp(LoginPageTest.java:31)
at com.crm.qa.testcases.LoginPageTest.setUp(LoginPageTest.java:31)
at com.crm.qa.testcases.LoginPageTest.setUp(LoginPageTest.java:31)
at com.crm.qa.testcases.LoginPageTest.setUp(LoginPageTest.java:31)
at com.crm.qa.testcases.LoginPageTest.setUp(LoginPageTest.java:31)
at com.crm.qa.testcases.LoginPageTest.setUp(LoginPageTest.java:31)
at com.crm.qa.testcases.LoginPageTest.setUp(LoginPageTest.java:31)
at com.crm.qa.testcases.LoginPageTest.setUp(LoginPageTest.java:31)
at com.crm.qa.testcases.LoginPageTest.setUp(LoginPageTest.java:31)
at com.crm.qa.testcases.LoginPageTest.setUp(LoginPageTest.java:31)
at com.crm.qa.testcases.LoginPageTest.setUp(LoginPageTest.java:31)
at com.crm.qa.testcases.LoginPageTest.setUp(LoginPageTest.java:31)
at com.crm.qa.testcases.LoginPageTest.setUp(LoginPageTest.java:31)
at com.crm.qa.testcases.LoginPageTest.setUp(LoginPageTest.java:31)
at com.crm.qa.testcases.LoginPageTest.setUp(LoginPageTest.java:31)
at com.crm.qa.testcases.LoginPageTest.setUp(LoginPageTest.java:31)
at com.crm.qa.testcases.LoginPageTest.setUp(LoginPageTest.java:31)
at com.crm.qa.testcases.LoginPageTest.setUp(LoginPageTest.java:31)
at com.crm.qa.testcases.LoginPageTest.setUp(LoginPageTest.java:31)
at com.crm.qa.testcases.LoginPageTest.setUp(LoginPageTest.java:31)
at com.crm.qa.testcases.LoginPageTest.setUp(LoginPageTest.java:31)
at com.crm.qa.testcases.LoginPageTest.setUp(LoginPageTest.java:31)
at com.crm.qa.testcases.LoginPageTest.setUp(LoginPageTest.java:31)
at com.crm.qa.testcases.LoginPageTest.setUp(LoginPageTest.java:31)
at com.crm.qa.testcases.LoginPageTest.setUp(LoginPageTest.java:31)
at com.crm.qa.testcases.LoginPageTest.setUp(LoginPageTest.java:31)
at com.crm.qa.testcases.LoginPageTest.setUp(LoginPageTest.java:31)
at com.crm.qa.testcases.LoginPageTest.setUp(LoginPageTest.java:31)
at com.crm.qa.testcases.LoginPageTest.setUp(LoginPageTest.java:31)
at com.crm.qa.testcases.LoginPageTest.setUp(LoginPageTest.java:31)
at com.crm.qa.testcases.LoginPageTest.setUp(LoginPageTest.java:31)
at com.crm.qa.testcases.LoginPageTest.setUp(LoginPageTest.java:31)
at com.crm.qa.testcases.LoginPageTest.setUp(LoginPageTest.java:31)
at com.crm.qa.testcases.LoginPageTest.setUp(LoginPageTest.java:31)
at com.crm.qa.testcases.LoginPageTest.setUp(LoginPageTest.java:31)
at com.crm.qa.testcases.LoginPageTest.setUp(LoginPageTest.java:31)
at com.crm.qa.testcases.LoginPageTest.setUp(LoginPageTest.java:31)
at com.crm.qa.testcases.LoginPageTest.setUp(LoginPageTest.java:31)
at com.crm.qa.testcases.LoginPageTest.setUp(LoginPageTest.java:31)
at com.crm.qa.testcases.LoginPageTest.setUp(LoginPageTest.java:31)
at com.crm.qa.testcases.LoginPageTest.setUp(LoginPageTest.java:31)
at com.crm.qa.testcases.LoginPageTest.setUp(LoginPageTest.java:31)
at com.crm.qa.testcases.LoginPageTest.setUp(LoginPageTest.java:31)
at com.crm.qa.testcases.LoginPageTest.setUp(LoginPageTest.java:31)
at com.crm.qa.testcases.LoginPageTest.setUp(LoginPageTest.java:31)
at com.crm.qa.testcases.LoginPageTest.setUp(LoginPageTest.java:31)
at com.crm.qa.testcases.LoginPageTest.setUp(LoginPageTest.java:31)
at com.crm.qa.testcases.LoginPageTest.setUp(LoginPageTest.java:31)
at com.crm.qa.testcases.LoginPageTest.setUp(LoginPageTest.java:31)
at com.crm.qa.testcases.LoginPageTest.setUp(LoginPageTest.java:31)
at com.crm.qa.testcases.LoginPageTest.setUp(LoginPageTest.java:31)
at com.crm.qa.testcases.LoginPageTest.setUp(LoginPageTest.java:31)
at com.crm.qa.testcases.LoginPageTest.setUp(LoginPageTest.java:31)
at com.crm.qa.testcases.LoginPageTest.setUp(LoginPageTest.java:31)
at com.crm.qa.testcases.LoginPageTest.setUp(LoginPageTest.java:31)
at com.crm.qa.testcases.LoginPageTest.setUp(LoginPageTest.java:31)
at com.crm.qa.testcases.LoginPageTest.setUp(LoginPageTest.java:31)
at com.crm.qa.testcases.LoginPageTest.setUp(LoginPageTest.java:31)
at com.crm.qa.testcases.LoginPageTest.setUp(LoginPageTest.java:31)
at com.crm.qa.testcases.LoginPageTest.setUp(LoginPageTest.java:31)
at com.crm.qa.testcases.LoginPageTest.setUp(LoginPageTest.java:31)
at com.crm.qa.testcases.LoginPageTest.setUp(LoginPageTest.java:31)
at com.crm.qa.testcases.LoginPageTest.setUp(LoginPageTest.java:31)
at com.crm.qa.testcases.LoginPageTest.setUp(LoginPageTest.java:31)
at com.crm.qa.testcases.LoginPageTest.setUp(LoginPageTest.java:31)
at com.crm.qa.testcases.LoginPageTest.setUp(LoginPageTest.java:31)
at com.crm.qa.testcases.LoginPageTest.setUp(LoginPageTest.java:31)
at com.crm.qa.testcases.LoginPageTest.setUp(LoginPageTest.java:31)
at com.crm.qa.testcases.LoginPageTest.setUp(LoginPageTest.java:31)
at com.crm.qa.testcases.LoginPageTest.setUp(LoginPageTest.java:31)
at com.crm.qa.testcases.LoginPageTest.setUp(LoginPageTest.java:31)
at com.crm.qa.testcases.LoginPageTest.setUp(LoginPageTest.java:31)
at com.crm.qa.testcases.LoginPageTest.setUp(LoginPageTest.java:31)
at com.crm.qa.testcases.LoginPageTest.setUp(LoginPageTest.java:31)
at com.crm.qa.testcases.LoginPageTest.setUp(LoginPageTest.java:31)
at com.crm.qa.testcases.LoginPageTest.setUp(LoginPageTest.java:31)
at com.crm.qa.testcases.LoginPageTest.setUp(LoginPageTest.java:31)
at com.crm.qa.testcases.LoginPageTest.setUp(LoginPageTest.java:31)
at com.crm.qa.testcases.LoginPageTest.setUp(LoginPageTest.java:31)
at com.crm.qa.testcases.LoginPageTest.setUp(LoginPageTest.java:31)
at com.crm.qa.testcases.LoginPageTest.setUp(LoginPageTest.java:31)
at com.crm.qa.testcases.LoginPageTest.setUp(LoginPageTest.java:31)
at com.crm.qa.testcases.LoginPageTest.setUp(LoginPageTest.java:31)
at com.crm.qa.testcases.LoginPageTest.setUp(LoginPageTest.java:31)
at com.crm.qa.testcases.LoginPageTest.setUp(LoginPageTest.java:31)
at com.crm.qa.testcases.LoginPageTest.setUp(LoginPageTest.java:31)
at com.crm.qa.testcases.LoginPageTest.setUp(LoginPageTest.java:31)
at com.crm.qa.testcases.LoginPageTest.setUp(LoginPageTest.java:31)
at com.crm.qa.testcases.LoginPageTest.setUp(LoginPageTest.java:31)
at com.crm.qa.testcases.LoginPageTest.setUp(LoginPageTest.java:31)
at com.crm.qa.testcases.LoginPageTest.setUp(LoginPageTest.java:31)
at com.crm.qa.testcases.LoginPageTest.setUp(LoginPageTest.java:31)
at com.crm.qa.testcases.LoginPageTest.setUp(LoginPageTest.java:31)
at com.crm.qa.testcases.LoginPageTest.setUp(LoginPageTest.java:31)
at com.crm.qa.testcases.LoginPageTest.setUp(LoginPageTest.java:31)
at com.crm.qa.testcases.LoginPageTest.setUp(LoginPageTest.java:31)
at com.crm.qa.testcases.LoginPageTest.setUp(LoginPageTest.java:31)
at com.crm.qa.testcases.LoginPageTest.setUp(LoginPageTest.java:31)
at com.crm.qa.testcases.LoginPageTest.setUp(LoginPageTest.java:31)
at com.crm.qa.testcases.LoginPageTest.setUp(LoginPageTest.java:31)
at com.crm.qa.testcases.LoginPageTest.setUp(LoginPageTest.java:31)
at com.crm.qa.testcases.LoginPageTest.setUp(LoginPageTest.java:31)
at com.crm.qa.testcases.LoginPageTest.setUp(LoginPageTest.java:31)
at com.crm.qa.testcases.LoginPageTest.setUp(LoginPageTest.java:31)
at com.crm.qa.testcases.LoginPageTest.setUp(LoginPageTest.java:31)
at com.crm.qa.testcases.LoginPageTest.setUp(LoginPageTest.java:31)
at com.crm.qa.testcases.LoginPageTest.setUp(LoginPageTest.java:31)
at com.crm.qa.testcases.LoginPageTest.setUp(LoginPageTest.java:31)
at com.crm.qa.testcases.LoginPageTest.setUp(LoginPageTest.java:31)
at com.crm.qa.testcases.LoginPageTest.setUp(LoginPageTest.java:31)
at com.crm.qa.testcases.LoginPageTest.setUp(LoginPageTest.java:31)
at com.crm.qa.testcases.LoginPageTest.setUp(LoginPageTest.java:31)
at com.crm.qa.testcases.LoginPageTest.setUp(LoginPageTest.java:31)
at com.crm.qa.testcases.LoginPageTest.setUp(LoginPageTest.java:31)
at com.crm.qa.testcases.LoginPageTest.setUp(LoginPageTest.java:31)
at com.crm.qa.testcases.LoginPageTest.setUp(LoginPageTest.java:31)
at com.crm.qa.testcases.LoginPageTest.setUp(LoginPageTest.java:31)
at com.crm.qa.testcases.LoginPageTest.setUp(LoginPageTest.java:31)
at com.crm.qa.testcases.LoginPageTest.setUp(LoginPageTest.java:31)
at com.crm.qa.testcases.LoginPageTest.setUp(LoginPageTest.java:31)
at com.crm.qa.testcases.LoginPageTest.setUp(LoginPageTest.java:31)
at com.crm.qa.testcases.LoginPageTest.setUp(LoginPageTest.java:31)
at com.crm.qa.testcases.LoginPageTest.setUp(LoginPageTest.java:31)
at com.crm.qa.testcases.LoginPageTest.setUp(LoginPageTest.java:31)
at com.crm.qa.testcases.LoginPageTest.setUp(LoginPageTest.java:31)
at com.crm.qa.testcases.LoginPageTest.setUp(LoginPageTest.java:31)
at com.crm.qa.testcases.LoginPageTest.setUp(LoginPageTest.java:31)
at com.crm.qa.testcases.LoginPageTest.setUp(LoginPageTest.java:31)
at com.crm.qa.testcases.LoginPageTest.setUp(LoginPageTest.java:31)
at com.crm.qa.testcases.LoginPageTest.setUp(LoginPageTest.java:31)
at com.crm.qa.testcases.LoginPageTest.setUp(LoginPageTest.java:31)
at com.crm.qa.testcases.LoginPageTest.setUp(LoginPageTest.java:31)
at com.crm.qa.testcases.LoginPageTest.setUp(LoginPageTest.java:31)
at com.crm.qa.testcases.LoginPageTest.setUp(LoginPageTest.java:31)
at com.crm.qa.testcases.LoginPageTest.setUp(LoginPageTest.java:31)
at com.crm.qa.testcases.LoginPageTest.setUp(LoginPageTest.java:31)
at com.crm.qa.testcases.LoginPageTest.setUp(LoginPageTest.java:31)
at com.crm.qa.testcases.LoginPageTest.setUp(LoginPageTest.java:31)
at com.crm.qa.testcases.LoginPageTest.setUp(LoginPageTest.java:31)
at com.crm.qa.testcases.LoginPageTest.setUp(LoginPageTest.java:31)
at com.crm.qa.testcases.LoginPageTest.setUp(LoginPageTest.java:31)
at com.crm.qa.testcases.LoginPageTest.setUp(LoginPageTest.java:31)
at com.crm.qa.testcases.LoginPageTest.setUp(LoginPageTest.java:31)
at com.crm.qa.testcases.LoginPageTest.setUp(LoginPageTest.java:31)
at com.crm.qa.testcases.LoginPageTest.setUp(LoginPageTest.java:31)
at com.crm.qa.testcases.LoginPageTest.setUp(LoginPageTest.java:31)
at com.crm.qa.testcases.LoginPageTest.setUp(LoginPageTest.java:31)
at com.crm.qa.testcases.LoginPageTest.setUp(LoginPageTest.java:31)
at com.crm.qa.testcases.LoginPageTest.setUp(LoginPageTest.java:31)
at com.crm.qa.testcases.LoginPageTest.setUp(LoginPageTest.java:31)
at com.crm.qa.testcases.LoginPageTest.setUp(LoginPageTest.java:31)
at com.crm.qa.testcases.LoginPageTest.setUp(LoginPageTest.java:31)
at com.crm.qa.testcases.LoginPageTest.setUp(LoginPageTest.java:31)
at com.crm.qa.testcases.LoginPageTest.setUp(LoginPageTest.java:31)
at com.crm.qa.testcases.LoginPageTest.setUp(LoginPageTest.java:31)
at com.crm.qa.testcases.LoginPageTest.setUp(LoginPageTest.java:31)
at com.crm.qa.testcases.LoginPageTest.setUp(LoginPageTest.java:31)
at com.crm.qa.testcases.LoginPageTest.setUp(LoginPageTest.java:31)
at com.crm.qa.testcases.LoginPageTest.setUp(LoginPageTest.java:31)
at com.crm.qa.testcases.LoginPageTest.setUp(LoginPageTest.java:31)
at com.crm.qa.testcases.LoginPageTest.setUp(LoginPageTest.java:31)
at com.crm.qa.testcases.LoginPageTest.setUp(LoginPageTest.java:31)
at com.crm.qa.testcases.LoginPageTest.setUp(LoginPageTest.java:31)
at com.crm.qa.testcases.LoginPageTest.setUp(LoginPageTest.java:31)
at com.crm.qa.testcases.LoginPageTest.setUp(LoginPageTest.java:31)
at com.crm.qa.testcases.LoginPageTest.setUp(LoginPageTest.java:31)
at com.crm.qa.testcases.LoginPageTest.setUp(LoginPageTest.java:31)
at com.crm.qa.testcases.LoginPageTest.setUp(LoginPageTest.java:31)
at com.crm.qa.testcases.LoginPageTest.setUp(LoginPageTest.java:31)
at com.crm.qa.testcases.LoginPageTest.setUp(LoginPageTest.java:31)
at com.crm.qa.testcases.LoginPageTest.setUp(LoginPageTest.java:31)
at com.crm.qa.testcases.LoginPageTest.setUp(LoginPageTest.java:31)
at com.crm.qa.testcases.LoginPageTest.setUp(LoginPageTest.java:31)
at com.crm.qa.testcases.LoginPageTest.setUp(LoginPageTest.java:31)
at com.crm.qa.testcases.LoginPageTest.setUp(LoginPageTest.java:31)
at com.crm.qa.testcases.LoginPageTest.setUp(LoginPageTest.java:31)
at com.crm.qa.testcases.LoginPageTest.setUp(LoginPageTest.java:31)
at com.crm.qa.testcases.LoginPageTest.setUp(LoginPageTest.java:31)
at com.crm.qa.testcases.LoginPageTest.setUp(LoginPageTest.java:31)
at com.crm.qa.testcases.LoginPageTest.setUp(LoginPageTest.java:31)
at com.crm.qa.testcases.LoginPageTest.setUp(LoginPageTest.java:31)
at com.crm.qa.testcases.LoginPageTest.setUp(LoginPageTest.java:31)
at com.crm.qa.testcases.LoginPageTest.setUp(LoginPageTest.java:31)
at com.crm.qa.testcases.LoginPageTest.setUp(LoginPageTest.java:31)
at com.crm.qa.testcases.LoginPageTest.setUp(LoginPageTest.java:31)
at com.crm.qa.testcases.LoginPageTest.setUp(LoginPageTest.java:31)
at com.crm.qa.testcases.LoginPageTest.setUp(LoginPageTest.java:31)
at com.crm.qa.testcases.LoginPageTest.setUp(LoginPageTest.java:31)
at com.crm.qa.testcases.LoginPageTest.setUp(LoginPageTest.java:31)
at com.crm.qa.testcases.LoginPageTest.setUp(LoginPageTest.java:31)
at com.crm.qa.testcases.LoginPageTest.setUp(LoginPageTest.java:31)
at com.crm.qa.testcases.LoginPageTest.setUp(LoginPageTest.java:31)
at com.crm.qa.testcases.LoginPageTest.setUp(LoginPageTest.java:31)
at com.crm.qa.testcases.LoginPageTest.setUp(LoginPageTest.java:31)
at com.crm.qa.testcases.LoginPageTest.setUp(LoginPageTest.java:31)
at com.crm.qa.testcases.LoginPageTest.setUp(LoginPageTest.java:31)
at com.crm.qa.testcases.LoginPageTest.setUp(LoginPageTest.java:31)
at com.crm.qa.testcases.LoginPageTest.setUp(LoginPageTest.java:31)
at com.crm.qa.testcases.LoginPageTest.setUp(LoginPageTest.java:31)
at com.crm.qa.testcases.LoginPageTest.setUp(LoginPageTest.java:31)
at com.crm.qa.testcases.LoginPageTest.setUp(LoginPageTest.java:31)
at com.crm.qa.testcases.LoginPageTest.setUp(LoginPageTest.java:31)
at com.crm.qa.testcases.LoginPageTest.setUp(LoginPageTest.java:31)
at com.crm.qa.testcases.LoginPageTest.setUp(LoginPageTest.java:31)
at com.crm.qa.testcases.LoginPageTest.setUp(LoginPageTest.java:31)
at com.crm.qa.testcases.LoginPageTest.setUp(LoginPageTest.java:31)
at com.crm.qa.testcases.LoginPageTest.setUp(LoginPageTest.java:31)
at com.crm.qa.testcases.LoginPageTest.setUp(LoginPageTest.java:31)
at com.crm.qa.testcases.LoginPageTest.setUp(LoginPageTest.java:31)
at com.crm.qa.testcases.LoginPageTest.setUp(LoginPageTest.java:31)
at com.crm.qa.testcases.LoginPageTest.setUp(LoginPageTest.java:31)
at com.crm.qa.testcases.LoginPageTest.setUp(LoginPageTest.java:31)
at com.crm.qa.testcases.LoginPageTest.setUp(LoginPageTest.java:31)
at com.crm.qa.testcases.LoginPageTest.setUp(LoginPageTest.java:31)
at com.crm.qa.testcases.LoginPageTest.setUp(LoginPageTest.java:31)
at com.crm.qa.testcases.LoginPageTest.setUp(LoginPageTest.java:31)
at com.crm.qa.testcases.LoginPageTest.setUp(LoginPageTest.java:31)
at com.crm.qa.testcases.LoginPageTest.setUp(LoginPageTest.java:31)
at com.crm.qa.testcases.LoginPageTest.setUp(LoginPageTest.java:31)
at com.crm.qa.testcases.LoginPageTest.setUp(LoginPageTest.java:31)
at com.crm.qa.testcases.LoginPageTest.setUp(LoginPageTest.java:31)
at com.crm.qa.testcases.LoginPageTest.setUp(LoginPageTest.java:31)
at com.crm.qa.testcases.LoginPageTest.setUp(LoginPageTest.java:31)
at com.crm.qa.testcases.LoginPageTest.setUp(LoginPageTest.java:31)
at com.crm.qa.testcases.LoginPageTest.setUp(LoginPageTest.java:31)
at com.crm.qa.testcases.LoginPageTest.setUp(LoginPageTest.java:31)
at com.crm.qa.testcases.LoginPageTest.setUp(LoginPageTest.java:31)
at com.crm.qa.testcases.LoginPageTest.setUp(LoginPageTest.java:31)
at com.crm.qa.testcases.LoginPageTest.setUp(LoginPageTest.java:31)
at com.crm.qa.testcases.LoginPageTest.setUp(LoginPageTest.java:31)
at com.crm.qa.testcases.LoginPageTest.setUp(LoginPageTest.java:31)
at com.crm.qa.testcases.LoginPageTest.setUp(LoginPageTest.java:31)
at com.crm.qa.testcases.LoginPageTest.setUp(LoginPageTest.java:31)
at com.crm.qa.testcases.LoginPageTest.setUp(LoginPageTest.java:31)
at com.crm.qa.testcases.LoginPageTest.setUp(LoginPageTest.java:31)
at com.crm.qa.testcases.LoginPageTest.setUp(LoginPageTest.java:31)
at com.crm.qa.testcases.LoginPageTest.setUp(LoginPageTest.java:31)
at com.crm.qa.testcases.LoginPageTest.setUp(LoginPageTest.java:31)
at com.crm.qa.testcases.LoginPageTest.setUp(LoginPageTest.java:31)
at com.crm.qa.testcases.LoginPageTest.setUp(LoginPageTest.java:31)
at com.crm.qa.testcases.LoginPageTest.setUp(LoginPageTest.java:31)
at com.crm.qa.testcases.LoginPageTest.setUp(LoginPageTest.java:31)
at com.crm.qa.testcases.LoginPageTest.setUp(LoginPageTest.java:31)
at com.crm.qa.testcases.LoginPageTest.setUp(LoginPageTest.java:31)
at com.crm.qa.testcases.LoginPageTest.setUp(LoginPageTest.java:31)
at com.crm.qa.testcases.LoginPageTest.setUp(LoginPageTest.java:31)
at com.crm.qa.testcases.LoginPageTest.setUp(LoginPageTest.java:31)
at com.crm.qa.testcases.LoginPageTest.setUp(LoginPageTest.java:31)
at com.crm.qa.testcases.LoginPageTest.setUp(LoginPageTest.java:31)
at com.crm.qa.testcases.LoginPageTest.setUp(LoginPageTest.java:31)
at com.crm.qa.testcases.LoginPageTest.setUp(LoginPageTest.java:31)
at com.crm.qa.testcases.LoginPageTest.setUp(LoginPageTest.java:31)
at com.crm.qa.testcases.LoginPageTest.setUp(LoginPageTest.java:31)
at com.crm.qa.testcases.LoginPageTest.setUp(LoginPageTest.java:31)
at com.crm.qa.testcases.LoginPageTest.setUp(LoginPageTest.java:31)
at com.crm.qa.testcases.LoginPageTest.setUp(LoginPageTest.java:31)
at com.crm.qa.testcases.LoginPageTest.setUp(LoginPageTest.java:31)
at com.crm.qa.testcases.LoginPageTest.setUp(LoginPageTest.java:31)
at com.crm.qa.testcases.LoginPageTest.setUp(LoginPageTest.java:31)
at com.crm.qa.testcases.LoginPageTest.setUp(LoginPageTest.java:31)
at com.crm.qa.testcases.LoginPageTest.setUp(LoginPageTest.java:31)
at com.crm.qa.testcases.LoginPageTest.setUp(LoginPageTest.java:31)
at com.crm.qa.testcases.LoginPageTest.setUp(LoginPageTest.java:31)
at com.crm.qa.testcases.LoginPageTest.setUp(LoginPageTest.java:31)
at com.crm.qa.testcases.LoginPageTest.setUp(LoginPageTest.java:31)
at com.crm.qa.testcases.LoginPageTest.setUp(LoginPageTest.java:31)
at com.crm.qa.testcases.LoginPageTest.setUp(LoginPageTest.java:31)
at com.crm.qa.testcases.LoginPageTest.setUp(LoginPageTest.java:31)
at com.crm.qa.testcases.LoginPageTest.setUp(LoginPageTest.java:31)
at com.crm.qa.testcases.LoginPageTest.setUp(LoginPageTest.java:31)
at com.crm.qa.testcases.LoginPageTest.setUp(LoginPageTest.java:31)
at com.crm.qa.testcases.LoginPageTest.setUp(LoginPageTest.java:31)
at com.crm.qa.testcases.LoginPageTest.setUp(LoginPageTest.java:31)
at com.crm.qa.testcases.LoginPageTest.setUp(LoginPageTest.java:31)
at com.crm.qa.testcases.LoginPageTest.setUp(LoginPageTest.java:31)
at com.crm.qa.testcases.LoginPageTest.setUp(LoginPageTest.java:31)
at com.crm.qa.testcases.LoginPageTest.setUp(LoginPageTest.java:31)
at com.crm.qa.testcases.LoginPageTest.setUp(LoginPageTest.java:31)
at com.crm.qa.testcases.LoginPageTest.setUp(LoginPageTest.java:31)
at com.crm.qa.testcases.LoginPageTest.setUp(LoginPageTest.java:31)
at com.crm.qa.testcases.LoginPageTest.setUp(LoginPageTest.java:31)
at com.crm.qa.testcases.LoginPageTest.setUp(LoginPageTest.java:31)
at com.crm.qa.testcases.LoginPageTest.setUp(LoginPageTest.java:31)
at com.crm.qa.testcases.LoginPageTest.setUp(LoginPageTest.java:31)
at com.crm.qa.testcases.LoginPageTest.setUp(LoginPageTest.java:31)
at com.crm.qa.testcases.LoginPageTest.setUp(LoginPageTest.java:31)
at com.crm.qa.testcases.LoginPageTest.setUp(LoginPageTest.java:31)
at com.crm.qa.testcases.LoginPageTest.setUp(LoginPageTest.java:31)
at com.crm.qa.testcases.LoginPageTest.setUp(LoginPageTest.java:31)
at com.crm.qa.testcases.LoginPageTest.setUp(LoginPageTest.java:31)
at com.crm.qa.testcases.LoginPageTest.setUp(LoginPageTest.java:31)
at com.crm.qa.testcases.LoginPageTest.setUp(LoginPageTest.java:31)
at com.crm.qa.testcases.LoginPageTest.setUp(LoginPageTest.java:31)
at com.crm.qa.testcases.LoginPageTest.setUp(LoginPageTest.java:31)
at com.crm.qa.testcases.LoginPageTest.setUp(LoginPageTest.java:31)
at com.crm.qa.testcases.LoginPageTest.setUp(LoginPageTest.java:31)
at com.crm.qa.testcases.LoginPageTest.setUp(LoginPageTest.java:31)
at com.crm.qa.testcases.LoginPageTest.setUp(LoginPageTest.java:31)
at com.crm.qa.testcases.LoginPageTest.setUp(LoginPageTest.java:31)
at com.crm.qa.testcases.LoginPageTest.setUp(LoginPageTest.java:31)
at com.crm.qa.testcases.LoginPageTest.setUp(LoginPageTest.java:31)
at com.crm.qa.testcases.LoginPageTest.setUp(LoginPageTest.java:31)
at com.crm.qa.testcases.LoginPageTest.setUp(LoginPageTest.java:31)
at com.crm.qa.testcases.LoginPageTest.setUp(LoginPageTest.java:31)
at com.crm.qa.testcases.LoginPageTest.setUp(LoginPageTest.java:31)
at com.crm.qa.testcases.LoginPageTest.setUp(LoginPageTest.java:31)
at com.crm.qa.testcases.LoginPageTest.setUp(LoginPageTest.java:31)
at com.crm.qa.testcases.LoginPageTest.setUp(LoginPageTest.java:31)
at com.crm.qa.testcases.LoginPageTest.setUp(LoginPageTest.java:31)
at com.crm.qa.testcases.LoginPageTest.setUp(LoginPageTest.java:31)
at com.crm.qa.testcases.LoginPageTest.setUp(LoginPageTest.java:31)
at com.crm.qa.testcases.LoginPageTest.setUp(LoginPageTest.java:31)
at com.crm.qa.testcases.LoginPageTest.setUp(LoginPageTest.java:31)
at com.crm.qa.testcases.LoginPageTest.setUp(LoginPageTest.java:31)
at com.crm.qa.testcases.LoginPageTest.setUp(LoginPageTest.java:31)
at com.crm.qa.testcases.LoginPageTest.setUp(LoginPageTest.java:31)
at com.crm.qa.testcases.LoginPageTest.setUp(LoginPageTest.java:31)
at com.crm.qa.testcases.LoginPageTest.setUp(LoginPageTest.java:31)
at com.crm.qa.testcases.LoginPageTest.setUp(LoginPageTest.java:31)
at com.crm.qa.testcases.LoginPageTest.setUp(LoginPageTest.java:31)
at com.crm.qa.testcases.LoginPageTest.setUp(LoginPageTest.java:31)
at com.crm.qa.testcases.LoginPageTest.setUp(LoginPageTest.java:31)
at com.crm.qa.testcases.LoginPageTest.setUp(LoginPageTest.java:31)
at com.crm.qa.testcases.LoginPageTest.setUp(LoginPageTest.java:31)
at com.crm.qa.testcases.LoginPageTest.setUp(LoginPageTest.java:31)
at com.crm.qa.testcases.LoginPageTest.setUp(LoginPageTest.java:31)
at com.crm.qa.testcases.LoginPageTest.setUp(LoginPageTest.java:31)
at com.crm.qa.testcases.LoginPageTest.setUp(LoginPageTest.java:31)
at com.crm.qa.testcases.LoginPageTest.setUp(LoginPageTest.java:31)
at com.crm.qa.testcases.LoginPageTest.setUp(LoginPageTest.java:31)
at com.crm.qa.testcases.LoginPageTest.setUp(LoginPageTest.java:31)
at com.crm.qa.testcases.LoginPageTest.setUp(LoginPageTest.java:31)
at com.crm.qa.testcases.LoginPageTest.setUp(LoginPageTest.java:31)
at com.crm.qa.testcases.LoginPageTest.setUp(LoginPageTest.java:31)
at com.crm.qa.testcases.LoginPageTest.setUp(LoginPageTest.java:31)
at com.crm.qa.testcases.LoginPageTest.setUp(LoginPageTest.java:31)
at com.crm.qa.testcases.LoginPageTest.setUp(LoginPageTest.java:31)
at com.crm.qa.testcases.LoginPageTest.setUp(LoginPageTest.java:31)
at com.crm.qa.testcases.LoginPageTest.setUp(LoginPageTest.java:31)
at com.crm.qa.testcases.LoginPageTest.setUp(LoginPageTest.java:31)
at com.crm.qa.testcases.LoginPageTest.setUp(LoginPageTest.java:31)
at com.crm.qa.testcases.LoginPageTest.setUp(LoginPageTest.java:31)
at com.crm.qa.testcases.LoginPageTest.setUp(LoginPageTest.java:31)
at com.crm.qa.testcases.LoginPageTest.setUp(LoginPageTest.java:31)
at com.crm.qa.testcases.LoginPageTest.setUp(LoginPageTest.java:31)
at com.crm.qa.testcases.LoginPageTest.setUp(LoginPageTest.java:31)
at com.crm.qa.testcases.LoginPageTest.setUp(LoginPageTest.java:31)
at com.crm.qa.testcases.LoginPageTest.setUp(LoginPageTest.java:31)
at com.crm.qa.testcases.LoginPageTest.setUp(LoginPageTest.java:31)
at com.crm.qa.testcases.LoginPageTest.setUp(LoginPageTest.java:31)
at com.crm.qa.testcases.LoginPageTest.setUp(LoginPageTest.java:31)
at com.crm.qa.testcases.LoginPageTest.setUp(LoginPageTest.java:31)
at com.crm.qa.testcases.LoginPageTest.setUp(LoginPageTest.java:31)
at com.crm.qa.testcases.LoginPageTest.setUp(LoginPageTest.java:31)
at com.crm.qa.testcases.LoginPageTest.setUp(LoginPageTest.java:31)
at com.crm.qa.testcases.LoginPageTest.setUp(LoginPageTest.java:31)
at com.crm.qa.testcases.LoginPageTest.setUp(LoginPageTest.java:31)
at com.crm.qa.testcases.LoginPageTest.setUp(LoginPageTest.java:31)
at com.crm.qa.testcases.LoginPageTest.setUp(LoginPageTest.java:31)
at com.crm.qa.testcases.LoginPageTest.setUp(LoginPageTest.java:31)
at com.crm.qa.testcases.LoginPageTest.setUp(LoginPageTest.java:31)
at com.crm.qa.testcases.LoginPageTest.setUp(LoginPageTest.java:31)
at com.crm.qa.testcases.LoginPageTest.setUp(LoginPageTest.java:31)
at com.crm.qa.testcases.LoginPageTest.setUp(LoginPageTest.java:31)
at com.crm.qa.testcases.LoginPageTest.setUp(LoginPageTest.java:31)
at com.crm.qa.testcases.LoginPageTest.setUp(LoginPageTest.java:31)
at com.crm.qa.testcases.LoginPageTest.setUp(LoginPageTest.java:31)
at com.crm.qa.testcases.LoginPageTest.setUp(LoginPageTest.java:31)
at com.crm.qa.testcases.LoginPageTest.setUp(LoginPageTest.java:31)
at com.crm.qa.testcases.LoginPageTest.setUp(LoginPageTest.java:31)
at com.crm.qa.testcases.LoginPageTest.setUp(LoginPageTest.java:31)
at com.crm.qa.testcases.LoginPageTest.setUp(LoginPageTest.java:31)
at com.crm.qa.testcases.LoginPageTest.setUp(LoginPageTest.java:31)
at com.crm.qa.testcases.LoginPageTest.setUp(LoginPageTest.java:31)
at com.crm.qa.testcases.LoginPageTest.setUp(LoginPageTest.java:31)
at com.crm.qa.testcases.LoginPageTest.setUp(LoginPageTest.java:31)
at com.crm.qa.testcases.LoginPageTest.setUp(LoginPageTest.java:31)
at com.crm.qa.testcases.LoginPageTest.setUp(LoginPageTest.java:31)
at com.crm.qa.testcases.LoginPageTest.setUp(LoginPageTest.java:31)
at com.crm.qa.testcases.LoginPageTest.setUp(LoginPageTest.java:31)
at com.crm.qa.testcases.LoginPageTest.setUp(LoginPageTest.java:31)
at com.crm.qa.testcases.LoginPageTest.setUp(LoginPageTest.java:31)
at com.crm.qa.testcases.LoginPageTest.setUp(LoginPageTest.java:31)
at com.crm.qa.testcases.LoginPageTest.setUp(LoginPageTest.java:31)
at com.crm.qa.testcases.LoginPageTest.setUp(LoginPageTest.java:31)
at com.crm.qa.testcases.LoginPageTest.setUp(LoginPageTest.java:31)
at com.crm.qa.testcases.LoginPageTest.setUp(LoginPageTest.java:31)
at com.crm.qa.testcases.LoginPageTest.setUp(LoginPageTest.java:31)
at com.crm.qa.testcases.LoginPageTest.setUp(LoginPageTest.java:31)
at com.crm.qa.testcases.LoginPageTest.setUp(LoginPageTest.java:31)
at com.crm.qa.testcases.LoginPageTest.setUp(LoginPageTest.java:31)
at com.crm.qa.testcases.LoginPageTest.setUp(LoginPageTest.java:31)
at com.crm.qa.testcases.LoginPageTest.setUp(LoginPageTest.java:31)
at com.crm.qa.testcases.LoginPageTest.setUp(LoginPageTest.java:31)
at com.crm.qa.testcases.LoginPageTest.setUp(LoginPageTest.java:31)
at com.crm.qa.testcases.LoginPageTest.setUp(LoginPageTest.java:31)
at com.crm.qa.testcases.LoginPageTest.setUp(LoginPageTest.java:31)
at com.crm.qa.testcases.LoginPageTest.setUp(LoginPageTest.java:31)
at com.crm.qa.testcases.LoginPageTest.setUp(LoginPageTest.java:31)
at com.crm.qa.testcases.LoginPageTest.setUp(LoginPageTest.java:31)
at com.crm.qa.testcases.LoginPageTest.setUp(LoginPageTest.java:31)
at com.crm.qa.testcases.LoginPageTest.setUp(LoginPageTest.java:31)
at com.crm.qa.testcases.LoginPageTest.setUp(LoginPageTest.java:31)
at com.crm.qa.testcases.LoginPageTest.setUp(LoginPageTest.java:31)
at com.crm.qa.testcases.LoginPageTest.setUp(LoginPageTest.java:31)
at com.crm.qa.testcases.LoginPageTest.setUp(LoginPageTest.java:31)
at com.crm.qa.testcases.LoginPageTest.setUp(LoginPageTest.java:31)
at com.crm.qa.testcases.LoginPageTest.setUp(LoginPageTest.java:31)
at com.crm.qa.testcases.LoginPageTest.setUp(LoginPageTest.java:31)
at com.crm.qa.testcases.LoginPageTest.setUp(LoginPageTest.java:31)
at com.crm.qa.testcases.LoginPageTest.setUp(LoginPageTest.java:31)
at com.crm.qa.testcases.LoginPageTest.setUp(LoginPageTest.java:31)
at com.crm.qa.testcases.LoginPageTest.setUp(LoginPageTest.java:31)
at com.crm.qa.testcases.LoginPageTest.setUp(LoginPageTest.java:31)
at com.crm.qa.testcases.LoginPageTest.setUp(LoginPageTest.java:31)
at com.crm.qa.testcases.LoginPageTest.setUp(LoginPageTest.java:31)
at com.crm.qa.testcases.LoginPageTest.setUp(LoginPageTest.java:31)
at com.crm.qa.testcases.LoginPageTest.setUp(LoginPageTest.java:31)
at com.crm.qa.testcases.LoginPageTest.setUp(LoginPageTest.java:31)
at com.crm.qa.testcases.LoginPageTest.setUp(LoginPageTest.java:31)
at com.crm.qa.testcases.LoginPageTest.setUp(LoginPageTest.java:31)
at com.crm.qa.testcases.LoginPageTest.setUp(LoginPageTest.java:31)
at com.crm.qa.testcases.LoginPageTest.setUp(LoginPageTest.java:31)
at com.crm.qa.testcases.LoginPageTest.setUp(LoginPageTest.java:31)
at com.crm.qa.testcases.LoginPageTest.setUp(LoginPageTest.java:31)
at com.crm.qa.testcases.LoginPageTest.setUp(LoginPageTest.java:31)
at com.crm.qa.testcases.LoginPageTest.setUp(LoginPageTest.java:31)
at com.crm.qa.testcases.LoginPageTest.setUp(LoginPageTest.java:31)
at com.crm.qa.testcases.LoginPageTest.setUp(LoginPageTest.java:31)
at com.crm.qa.testcases.LoginPageTest.setUp(LoginPageTest.java:31)
at com.crm.qa.testcases.LoginPageTest.setUp(LoginPageTest.java:31)
at com.crm.qa.testcases.LoginPageTest.setUp(LoginPageTest.java:31)
at com.crm.qa.testcases.LoginPageTest.setUp(LoginPageTest.java:31)
at com.crm.qa.testcases.LoginPageTest.setUp(LoginPageTest.java:31)
at com.crm.qa.testcases.LoginPageTest.setUp(LoginPageTest.java:31)
at com.crm.qa.testcases.LoginPageTest.setUp(LoginPageTest.java:31)
at com.crm.qa.testcases.LoginPageTest.setUp(LoginPageTest.java:31)
at com.crm.qa.testcases.LoginPageTest.setUp(LoginPageTest.java:31)
at com.crm.qa.testcases.LoginPageTest.setUp(LoginPageTest.java:31)
at com.crm.qa.testcases.LoginPageTest.setUp(LoginPageTest.java:31)
at com.crm.qa.testcases.LoginPageTest.setUp(LoginPageTest.java:31)
at com.crm.qa.testcases.LoginPageTest.setUp(LoginPageTest.java:31)
at com.crm.qa.testcases.LoginPageTest.setUp(LoginPageTest.java:31)
at com.crm.qa.testcases.LoginPageTest.setUp(LoginPageTest.java:31)
at com.crm.qa.testcases.LoginPageTest.setUp(LoginPageTest.java:31)
at com.crm.qa.testcases.LoginPageTest.setUp(LoginPageTest.java:31)
at com.crm.qa.testcases.LoginPageTest.setUp(LoginPageTest.java:31)
at com.crm.qa.testcases.LoginPageTest.setUp(LoginPageTest.java:31)
at com.crm.qa.testcases.LoginPageTest.setUp(LoginPageTest.java:31)
at com.crm.qa.testcases.LoginPageTest.setUp(LoginPageTest.java:31)
at com.crm.qa.testcases.LoginPageTest.setUp(LoginPageTest.java:31)
at com.crm.qa.testcases.LoginPageTest.setUp(LoginPageTest.java:31)
at com.crm.qa.testcases.LoginPageTest.setUp(LoginPageTest.java:31)
at com.crm.qa.testcases.LoginPageTest.setUp(LoginPageTest.java:31)
at com.crm.qa.testcases.LoginPageTest.setUp(LoginPageTest.java:31)
at com.crm.qa.testcases.LoginPageTest.setUp(LoginPageTest.java:31)
at com.crm.qa.testcases.LoginPageTest.setUp(LoginPageTest.java:31)
at com.crm.qa.testcases.LoginPageTest.setUp(LoginPageTest.java:31)
at com.crm.qa.testcases.LoginPageTest.setUp(LoginPageTest.java:31)
at com.crm.qa.testcases.LoginPageTest.setUp(LoginPageTest.java:31)
at com.crm.qa.testcases.LoginPageTest.setUp(LoginPageTest.java:31)
at com.crm.qa.testcases.LoginPageTest.setUp(LoginPageTest.java:31)
at com.crm.qa.testcases.LoginPageTest.setUp(LoginPageTest.java:31)
at com.crm.qa.testcases.LoginPageTest.setUp(LoginPageTest.java:31)
at com.crm.qa.testcases.LoginPageTest.setUp(LoginPageTest.java:31)
at com.crm.qa.testcases.LoginPageTest.setUp(LoginPageTest.java:31)
at com.crm.qa.testcases.LoginPageTest.setUp(LoginPageTest.java:31)
at com.crm.qa.testcases.LoginPageTest.setUp(LoginPageTest.java:31)
at com.crm.qa.testcases.LoginPageTest.setUp(LoginPageTest.java:31)
at com.crm.qa.testcases.LoginPageTest.setUp(LoginPageTest.java:31)
at com.crm.qa.testcases.LoginPageTest.setUp(LoginPageTest.java:31)
at com.crm.qa.testcases.LoginPageTest.setUp(LoginPageTest.java:31)
at com.crm.qa.testcases.LoginPageTest.setUp(LoginPageTest.java:31)
at com.crm.qa.testcases.LoginPageTest.setUp(LoginPageTest.java:31)
at com.crm.qa.testcases.LoginPageTest.setUp(LoginPageTest.java:31)
at com.crm.qa.testcases.LoginPageTest.setUp(LoginPageTest.java:31)
at com.crm.qa.testcases.LoginPageTest.setUp(LoginPageTest.java:31)
at com.crm.qa.testcases.LoginPageTest.setUp(LoginPageTest.java:31)
at com.crm.qa.testcases.LoginPageTest.setUp(LoginPageTest.java:31)
at com.crm.qa.testcases.LoginPageTest.setUp(LoginPageTest.java:31)
at com.crm.qa.testcases.LoginPageTest.setUp(LoginPageTest.java:31)
at com.crm.qa.testcases.LoginPageTest.setUp(LoginPageTest.java:31)
at com.crm.qa.testcases.LoginPageTest.setUp(LoginPageTest.java:31)
at com.crm.qa.testcases.LoginPageTest.setUp(LoginPageTest.java:31)
at com.crm.qa.testcases.LoginPageTest.setUp(LoginPageTest.java:31)
at com.crm.qa.testcases.LoginPageTest.setUp(LoginPageTest.java:31)
at com.crm.qa.testcases.LoginPageTest.setUp(LoginPageTest.java:31)
at com.crm.qa.testcases.LoginPageTest.setUp(LoginPageTest.java:31)
at com.crm.qa.testcases.LoginPageTest.setUp(LoginPageTest.java:31)
at com.crm.qa.testcases.LoginPageTest.setUp(LoginPageTest.java:31)
at com.crm.qa.testcases.LoginPageTest.setUp(LoginPageTest.java:31)
at com.crm.qa.testcases.LoginPageTest.setUp(LoginPageTest.java:31)
at com.crm.qa.testcases.LoginPageTest.setUp(LoginPageTest.java:31)
at com.crm.qa.testcases.LoginPageTest.setUp(LoginPageTest.java:31)
at com.crm.qa.testcases.LoginPageTest.setUp(LoginPageTest.java:31)
at com.crm.qa.testcases.LoginPageTest.setUp(LoginPageTest.java:31)
at com.crm.qa.testcases.LoginPageTest.setUp(LoginPageTest.java:31)
at com.crm.qa.testcases.LoginPageTest.setUp(LoginPageTest.java:31)
at com.crm.qa.testcases.LoginPageTest.setUp(LoginPageTest.java:31)
at com.crm.qa.testcases.LoginPageTest.setUp(LoginPageTest.java:31)
at com.crm.qa.testcases.LoginPageTest.setUp(LoginPageTest.java:31)
at com.crm.qa.testcases.LoginPageTest.setUp(LoginPageTest.java:31)
at com.crm.qa.testcases.LoginPageTest.setUp(LoginPageTest.java:31)
at com.crm.qa.testcases.LoginPageTest.setUp(LoginPageTest.java:31)
at com.crm.qa.testcases.LoginPageTest.setUp(LoginPageTest.java:31)
at com.crm.qa.testcases.LoginPageTest.setUp(LoginPageTest.java:31)
at com.crm.qa.testcases.LoginPageTest.setUp(LoginPageTest.java:31)
at com.crm.qa.testcases.LoginPageTest.setUp(LoginPageTest.java:31)
at com.crm.qa.testcases.LoginPageTest.setUp(LoginPageTest.java:31)
at com.crm.qa.testcases.LoginPageTest.setUp(LoginPageTest.java:31)
at com.crm.qa.testcases.LoginPageTest.setUp(LoginPageTest.java:31)
at com.crm.qa.testcases.LoginPageTest.setUp(LoginPageTest.java:31)
at com.crm.qa.testcases.LoginPageTest.setUp(LoginPageTest.java:31)
at com.crm.qa.testcases.LoginPageTest.setUp(LoginPageTest.java:31)
at com.crm.qa.testcases.LoginPageTest.setUp(LoginPageTest.java:31)
at com.crm.qa.testcases.LoginPageTest.setUp(LoginPageTest.java:31)
at com.crm.qa.testcases.LoginPageTest.setUp(LoginPageTest.java:31)
at com.crm.qa.testcases.LoginPageTest.setUp(LoginPageTest.java:31)
at com.crm.qa.testcases.LoginPageTest.setUp(LoginPageTest.java:31)
at com.crm.qa.testcases.LoginPageTest.setUp(LoginPageTest.java:31)
at com.crm.qa.testcases.LoginPageTest.setUp(LoginPageTest.java:31)
at com.crm.qa.testcases.LoginPageTest.setUp(LoginPageTest.java:31)
at com.crm.qa.testcases.LoginPageTest.setUp(LoginPageTest.java:31)
at com.crm.qa.testcases.LoginPageTest.setUp(LoginPageTest.java:31)
at com.crm.qa.testcases.LoginPageTest.setUp(LoginPageTest.java:31)
at com.crm.qa.testcases.LoginPageTest.setUp(LoginPageTest.java:31)
at com.crm.qa.testcases.LoginPageTest.setUp(LoginPageTest.java:31)
at com.crm.qa.testcases.LoginPageTest.setUp(LoginPageTest.java:31)
at com.crm.qa.testcases.LoginPageTest.setUp(LoginPageTest.java:31)
at com.crm.qa.testcases.LoginPageTest.setUp(LoginPageTest.java:31)
at com.crm.qa.testcases.LoginPageTest.setUp(LoginPageTest.java:31)
at com.crm.qa.testcases.LoginPageTest.setUp(LoginPageTest.java:31)
at com.crm.qa.testcases.LoginPageTest.setUp(LoginPageTest.java:31)
at com.crm.qa.testcases.LoginPageTest.setUp(LoginPageTest.java:31)
at com.crm.qa.testcases.LoginPageTest.setUp(LoginPageTest.java:31)
at com.crm.qa.testcases.LoginPageTest.setUp(LoginPageTest.java:31)
at com.crm.qa.testcases.LoginPageTest.setUp(LoginPageTest.java:31)
at com.crm.qa.testcases.LoginPageTest.setUp(LoginPageTest.java:31)
at com.crm.qa.testcases.LoginPageTest.setUp(LoginPageTest.java:31)
at com.crm.qa.testcases.LoginPageTest.setUp(LoginPageTest.java:31)
at com.crm.qa.testcases.LoginPageTest.setUp(LoginPageTest.java:31)
at com.crm.qa.testcases.LoginPageTest.setUp(LoginPageTest.java:31)
at com.crm.qa.testcases.LoginPageTest.setUp(LoginPageTest.java:31)
at com.crm.qa.testcases.LoginPageTest.setUp(LoginPageTest.java:31)
at com.crm.qa.testcases.LoginPageTest.setUp(LoginPageTest.java:31)
at com.crm.qa.testcases.LoginPageTest.setUp(LoginPageTest.java:31)
at com.crm.qa.testcases.LoginPageTest.setUp(LoginPageTest.java:31)
at com.crm.qa.testcases.LoginPageTest.setUp(LoginPageTest.java:31)
at com.crm.qa.testcases.LoginPageTest.setUp(LoginPageTest.java:31)
at com.crm.qa.testcases.LoginPageTest.setUp(LoginPageTest.java:31)
at com.crm.qa.testcases.LoginPageTest.setUp(LoginPageTest.java:31)
at com.crm.qa.testcases.LoginPageTest.setUp(LoginPageTest.java:31)
at com.crm.qa.testcases.LoginPageTest.setUp(LoginPageTest.java:31)
at com.crm.qa.testcases.LoginPageTest.setUp(LoginPageTest.java:31)
at com.crm.qa.testcases.LoginPageTest.setUp(LoginPageTest.java:31)
at com.crm.qa.testcases.LoginPageTest.setUp(LoginPageTest.java:31)
at com.crm.qa.testcases.LoginPageTest.setUp(LoginPageTest.java:31)
at com.crm.qa.testcases.LoginPageTest.setUp(LoginPageTest.java:31)
at com.crm.qa.testcases.LoginPageTest.setUp(LoginPageTest.java:31)
at com.crm.qa.testcases.LoginPageTest.setUp(LoginPageTest.java:31)
at com.crm.qa.testcases.LoginPageTest.setUp(LoginPageTest.java:31)
at com.crm.qa.testcases.LoginPageTest.setUp(LoginPageTest.java:31)
at com.crm.qa.testcases.LoginPageTest.setUp(LoginPageTest.java:31)
at com.crm.qa.testcases.LoginPageTest.setUp(LoginPageTest.java:31)
at com.crm.qa.testcases.LoginPageTest.setUp(LoginPageTest.java:31)
at com.crm.qa.testcases.LoginPageTest.setUp(LoginPageTest.java:31)
at com.crm.qa.testcases.LoginPageTest.setUp(LoginPageTest.java:31)
at com.crm.qa.testcases.LoginPageTest.setUp(LoginPageTest.java:31)
at com.crm.qa.testcases.LoginPageTest.setUp(LoginPageTest.java:31)
at com.crm.qa.testcases.LoginPageTest.setUp(LoginPageTest.java:31)
at com.crm.qa.testcases.LoginPageTest.setUp(LoginPageTest.java:31)
at com.crm.qa.testcases.LoginPageTest.setUp(LoginPageTest.java:31)
at com.crm.qa.testcases.LoginPageTest.setUp(LoginPageTest.java:31)
at com.crm.qa.testcases.LoginPageTest.setUp(LoginPageTest.java:31)
at com.crm.qa.testcases.LoginPageTest.setUp(LoginPageTest.java:31)
at com.crm.qa.testcases.LoginPageTest.setUp(LoginPageTest.java:31)
at com.crm.qa.testcases.LoginPageTest.setUp(LoginPageTest.java:31)
at com.crm.qa.testcases.LoginPageTest.setUp(LoginPageTest.java:31)
at com.crm.qa.testcases.LoginPageTest.setUp(LoginPageTest.java:31)
at com.crm.qa.testcases.LoginPageTest.setUp(LoginPageTest.java:31)
at com.crm.qa.testcases.LoginPageTest.setUp(LoginPageTest.java:31)
at com.crm.qa.testcases.LoginPageTest.setUp(LoginPageTest.java:31)
at com.crm.qa.testcases.LoginPageTest.setUp(LoginPageTest.java:31)
at com.crm.qa.testcases.LoginPageTest.setUp(LoginPageTest.java:31)
at com.crm.qa.testcases.LoginPageTest.setUp(LoginPageTest.java:31)
at com.crm.qa.testcases.LoginPageTest.setUp(LoginPageTest.java:31)
at com.crm.qa.testcases.LoginPageTest.setUp(LoginPageTest.java:31)
at com.crm.qa.testcases.LoginPageTest.setUp(LoginPageTest.java:31)
at com.crm.qa.testcases.LoginPageTest.setUp(LoginPageTest.java:31)
at com.crm.qa.testcases.LoginPageTest.setUp(LoginPageTest.java:31)
at com.crm.qa.testcases.LoginPageTest.setUp(LoginPageTest.java:31)
at com.crm.qa.testcases.LoginPageTest.setUp(LoginPageTest.java:31)
at com.crm.qa.testcases.LoginPageTest.setUp(LoginPageTest.java:31)
at com.crm.qa.testcases.LoginPageTest.setUp(LoginPageTest.java:31)
at com.crm.qa.testcases.LoginPageTest.setUp(LoginPageTest.java:31)
at com.crm.qa.testcases.LoginPageTest.setUp(LoginPageTest.java:31)
at com.crm.qa.testcases.LoginPageTest.setUp(LoginPageTest.java:31)
at com.crm.qa.testcases.LoginPageTest.setUp(LoginPageTest.java:31)
at com.crm.qa.testcases.LoginPageTest.setUp(LoginPageTest.java:31)
at com.crm.qa.testcases.LoginPageTest.setUp(LoginPageTest.java:31)
at com.crm.qa.testcases.LoginPageTest.setUp(LoginPageTest.java:31)
at com.crm.qa.testcases.LoginPageTest.setUp(LoginPageTest.java:31)
at com.crm.qa.testcases.LoginPageTest.setUp(LoginPageTest.java:31)
at com.crm.qa.testcases.LoginPageTest.setUp(LoginPageTest.java:31)
at com.crm.qa.testcases.LoginPageTest.setUp(LoginPageTest.java:31)
at com.crm.qa.testcases.LoginPageTest.setUp(LoginPageTest.java:31)
at com.crm.qa.testcases.LoginPageTest.setUp(LoginPageTest.java:31)
at com.crm.qa.testcases.LoginPageTest.setUp(LoginPageTest.java:31)
at com.crm.qa.testcases.LoginPageTest.setUp(LoginPageTest.java:31)
at com.crm.qa.testcases.LoginPageTest.setUp(LoginPageTest.java:31)
at com.crm.qa.testcases.LoginPageTest.setUp(LoginPageTest.java:31)
at com.crm.qa.testcases.LoginPageTest.setUp(LoginPageTest.java:31)
at com.crm.qa.testcases.LoginPageTest.setUp(LoginPageTest.java:31)
at com.crm.qa.testcases.LoginPageTest.setUp(LoginPageTest.java:31)
at com.crm.qa.testcases.LoginPageTest.setUp(LoginPageTest.java:31)
at com.crm.qa.testcases.LoginPageTest.setUp(LoginPageTest.java:31)
at com.crm.qa.testcases.LoginPageTest.setUp(LoginPageTest.java:31)
at com.crm.qa.testcases.LoginPageTest.setUp(LoginPageTest.java:31)
at com.crm.qa.testcases.LoginPageTest.setUp(LoginPageTest.java:31)
at com.crm.qa.testcases.LoginPageTest.setUp(LoginPageTest.java:31)
at com.crm.qa.testcases.LoginPageTest.setUp(LoginPageTest.java:31)
at com.crm.qa.testcases.LoginPageTest.setUp(LoginPageTest.java:31)
at com.crm.qa.testcases.LoginPageTest.setUp(LoginPageTest.java:31)
at com.crm.qa.testcases.LoginPageTest.setUp(LoginPageTest.java:31)
at com.crm.qa.testcases.LoginPageTest.setUp(LoginPageTest.java:31)
at com.crm.qa.testcases.LoginPageTest.setUp(LoginPageTest.java:31)
at com.crm.qa.testcases.LoginPageTest.setUp(LoginPageTest.java:31)
at com.crm.qa.testcases.LoginPageTest.setUp(LoginPageTest.java:31)
at com.crm.qa.testcases.LoginPageTest.setUp(LoginPageTest.java:31)
at com.crm.qa.testcases.LoginPageTest.setUp(LoginPageTest.java:31)
at com.crm.qa.testcases.LoginPageTest.setUp(LoginPageTest.java:31)
at com.crm.qa.testcases.LoginPageTest.setUp(LoginPageTest.java:31)
at com.crm.qa.testcases.LoginPageTest.setUp(LoginPageTest.java:31)
at com.crm.qa.testcases.LoginPageTest.setUp(LoginPageTest.java:31)
at com.crm.qa.testcases.LoginPageTest.setUp(LoginPageTest.java:31)
at com.crm.qa.testcases.LoginPageTest.setUp(LoginPageTest.java:31)
at com.crm.qa.testcases.LoginPageTest.setUp(LoginPageTest.java:31)
at com.crm.qa.testcases.LoginPageTest.setUp(LoginPageTest.java:31)
at com.crm.qa.testcases.LoginPageTest.setUp(LoginPageTest.java:31)
at com.crm.qa.testcases.LoginPageTest.setUp(LoginPageTest.java:31)
at com.crm.qa.testcases.LoginPageTest.setUp(LoginPageTest.java:31)
at com.crm.qa.testcases.LoginPageTest.setUp(LoginPageTest.java:31)
at com.crm.qa.testcases.LoginPageTest.setUp(LoginPageTest.java:31)
at com.crm.qa.testcases.LoginPageTest.setUp(LoginPageTest.java:31)
at com.crm.qa.testcases.LoginPageTest.setUp(LoginPageTest.java:31)
at com.crm.qa.testcases.LoginPageTest.setUp(LoginPageTest.java:31)
at com.crm.qa.testcases.LoginPageTest.setUp(LoginPageTest.java:31)
at com.crm.qa.testcases.LoginPageTest.setUp(LoginPageTest.java:31)
at com.crm.qa.testcases.LoginPageTest.setUp(LoginPageTest.java:31)
at com.crm.qa.testcases.LoginPageTest.setUp(LoginPageTest.java:31)
at com.crm.qa.testcases.LoginPageTest.setUp(LoginPageTest.java:31)
at com.crm.qa.testcases.LoginPageTest.setUp(LoginPageTest.java:31)
at com.crm.qa.testcases.LoginPageTest.setUp(LoginPageTest.java:31)
at com.crm.qa.testcases.LoginPageTest.setUp(LoginPageTest.java:31)
at com.crm.qa.testcases.LoginPageTest.setUp(LoginPageTest.java:31)
at com.crm.qa.testcases.LoginPageTest.setUp(LoginPageTest.java:31)
at com.crm.qa.testcases.LoginPageTest.setUp(LoginPageTest.java:31)
at com.crm.qa.testcases.LoginPageTest.setUp(LoginPageTest.java:31)
at com.crm.qa.testcases.LoginPageTest.setUp(LoginPageTest.java:31)
at com.crm.qa.testcases.LoginPageTest.setUp(LoginPageTest.java:31)
at com.crm.qa.testcases.LoginPageTest.setUp(LoginPageTest.java:31)
at com.crm.qa.testcases.LoginPageTest.setUp(LoginPageTest.java:31)
at com.crm.qa.testcases.LoginPageTest.setUp(LoginPageTest.java:31)
at com.crm.qa.testcases.LoginPageTest.setUp(LoginPageTest.java:31)
at com.crm.qa.testcases.LoginPageTest.setUp(LoginPageTest.java:31)
at com.crm.qa.testcases.LoginPageTest.setUp(LoginPageTest.java:31)
at com.crm.qa.testcases.LoginPageTest.setUp(LoginPageTest.java:31)
at com.crm.qa.testcases.LoginPageTest.setUp(LoginPageTest.java:31)
at com.crm.qa.testcases.LoginPageTest.setUp(LoginPageTest.java:31)
at com.crm.qa.testcases.LoginPageTest.setUp(LoginPageTest.java:31)
at com.crm.qa.testcases.LoginPageTest.setUp(LoginPageTest.java:31)
at com.crm.qa.testcases.LoginPageTest.setUp(LoginPageTest.java:31)
at com.crm.qa.testcases.LoginPageTest.setUp(LoginPageTest.java:31)
at com.crm.qa.testcases.LoginPageTest.setUp(LoginPageTest.java:31)
at com.crm.qa.testcases.LoginPageTest.setUp(LoginPageTest.java:31)
at com.crm.qa.testcases.LoginPageTest.setUp(LoginPageTest.java:31)
at com.crm.qa.testcases.LoginPageTest.setUp(LoginPageTest.java:31)
at com.crm.qa.testcases.LoginPageTest.setUp(LoginPageTest.java:31)
at com.crm.qa.testcases.LoginPageTest.setUp(LoginPageTest.java:31)
at com.crm.qa.testcases.LoginPageTest.setUp(LoginPageTest.java:31)
at com.crm.qa.testcases.LoginPageTest.setUp(LoginPageTest.java:31)
at com.crm.qa.testcases.LoginPageTest.setUp(LoginPageTest.java:31)
at com.crm.qa.testcases.LoginPageTest.setUp(LoginPageTest.java:31)
at com.crm.qa.testcases.LoginPageTest.setUp(LoginPageTest.java:31)
at com.crm.qa.testcases.LoginPageTest.setUp(LoginPageTest.java:31)
at com.crm.qa.testcases.LoginPageTest.setUp(LoginPageTest.java:31)
at com.crm.qa.testcases.LoginPageTest.setUp(LoginPageTest.java:31)
at com.crm.qa.testcases.LoginPageTest.setUp(LoginPageTest.java:31)
at com.crm.qa.testcases.LoginPageTest.setUp(LoginPageTest.java:31)
at com.crm.qa.testcases.LoginPageTest.setUp(LoginPageTest.java:31)
at com.crm.qa.testcases.LoginPageTest.setUp(LoginPageTest.java:31)
at com.crm.qa.testcases.LoginPageTest.setUp(LoginPageTest.java:31)
at com.crm.qa.testcases.LoginPageTest.setUp(LoginPageTest.java:31)
at com.crm.qa.testcases.LoginPageTest.setUp(LoginPageTest.java:31)
at com.crm.qa.testcases.LoginPageTest.setUp(LoginPageTest.java:31)
at com.crm.qa.testcases.LoginPageTest.setUp(LoginPageTest.java:31)
at com.crm.qa.testcases.LoginPageTest.setUp(LoginPageTest.java:31)
at com.crm.qa.testcases.LoginPageTest.setUp(LoginPageTest.java:31)
at com.crm.qa.testcases.LoginPageTest.setUp(LoginPageTest.java:31)
at com.crm.qa.testcases.LoginPageTest.setUp(LoginPageTest.java:31)
at com.crm.qa.testcases.LoginPageTest.setUp(LoginPageTest.java:31)
at com.crm.qa.testcases.LoginPageTest.setUp(LoginPageTest.java:31)
at com.crm.qa.testcases.LoginPageTest.setUp(LoginPageTest.java:31)
at com.crm.qa.testcases.LoginPageTest.setUp(LoginPageTest.java:31)
at com.crm.qa.testcases.LoginPageTest.setUp(LoginPageTest.java:31)
at com.crm.qa.testcases.LoginPageTest.setUp(LoginPageTest.java:31)
at com.crm.qa.testcases.LoginPageTest.setUp(LoginPageTest.java:31)
at com.crm.qa.testcases.LoginPageTest.setUp(LoginPageTest.java:31)
at com.crm.qa.testcases.LoginPageTest.setUp(LoginPageTest.java:31)
at com.crm.qa.testcases.LoginPageTest.setUp(LoginPageTest.java:31)
at com.crm.qa.testcases.LoginPageTest.setUp(LoginPageTest.java:31)
at com.crm.qa.testcases.LoginPageTest.setUp(LoginPageTest.java:31)
at com.crm.qa.testcases.LoginPageTest.setUp(LoginPageTest.java:31)
at com.crm.qa.testcases.LoginPageTest.setUp(LoginPageTest.java:31)
at com.crm.qa.testcases.LoginPageTest.setUp(LoginPageTest.java:31)
at com.crm.qa.testcases.LoginPageTest.setUp(LoginPageTest.java:31)
at com.crm.qa.testcases.LoginPageTest.setUp(LoginPageTest.java:31)
at com.crm.qa.testcases.LoginPageTest.setUp(LoginPageTest.java:31)
at com.crm.qa.testcases.LoginPageTest.setUp(LoginPageTest.java:31)
at com.crm.qa.testcases.LoginPageTest.setUp(LoginPageTest.java:31)
at com.crm.qa.testcases.LoginPageTest.setUp(LoginPageTest.java:31)
at com.crm.qa.testcases.LoginPageTest.setUp(LoginPageTest.java:31)
at com.crm.qa.testcases.LoginPageTest.setUp(LoginPageTest.java:31)
at com.crm.qa.testcases.LoginPageTest.setUp(LoginPageTest.java:31)
at com.crm.qa.testcases.LoginPageTest.setUp(LoginPageTest.java:31)
at com.crm.qa.testcases.LoginPageTest.setUp(LoginPageTest.java:31)
at com.crm.qa.testcases.LoginPageTest.setUp(LoginPageTest.java:31)
at com.crm.qa.testcases.LoginPageTest.setUp(LoginPageTest.java:31)
at com.crm.qa.testcases.LoginPageTest.setUp(LoginPageTest.java:31)
at com.crm.qa.testcases.LoginPageTest.setUp(LoginPageTest.java:31)
at com.crm.qa.testcases.LoginPageTest.setUp(LoginPageTest.java:31)
at com.crm.qa.testcases.LoginPageTest.setUp(LoginPageTest.java:31)
at com.crm.qa.testcases.LoginPageTest.setUp(LoginPageTest.java:31)
at com.crm.qa.testcases.LoginPageTest.setUp(LoginPageTest.java:31)
at com.crm.qa.testcases.LoginPageTest.setUp(LoginPageTest.java:31)
at com.crm.qa.testcases.LoginPageTest.setUp(LoginPageTest.java:31)
at com.crm.qa.testcases.LoginPageTest.setUp(LoginPageTest.java:31)
at com.crm.qa.testcases.LoginPageTest.setUp(LoginPageTest.java:31)
at com.crm.qa.testcases.LoginPageTest.setUp(LoginPageTest.java:31)
at com.crm.qa.testcases.LoginPageTest.setUp(LoginPageTest.java:31)
at com.crm.qa.testcases.LoginPageTest.setUp(LoginPageTest.java:31)
at com.crm.qa.testcases.LoginPageTest.setUp(LoginPageTest.java:31)
at com.crm.qa.testcases.LoginPageTest.setUp(LoginPageTest.java:31)
at com.crm.qa.testcases.LoginPageTest.setUp(LoginPageTest.java:31)
at com.crm.qa.testcases.LoginPageTest.setUp(LoginPageTest.java:31)
at com.crm.qa.testcases.LoginPageTest.setUp(LoginPageTest.java:31)
at com.crm.qa.testcases.LoginPageTest.setUp(LoginPageTest.java:31)
at com.crm.qa.testcases.LoginPageTest.setUp(LoginPageTest.java:31)
at com.crm.qa.testcases.LoginPageTest.setUp(LoginPageTest.java:31)
at com.crm.qa.testcases.LoginPageTest.setUp(LoginPageTest.java:31)
at com.crm.qa.testcases.LoginPageTest.setUp(LoginPageTest.java:31)
at com.crm.qa.testcases.LoginPageTest.setUp(LoginPageTest.java:31)
at com.crm.qa.testcases.LoginPageTest.setUp(LoginPageTest.java:31)
at com.crm.qa.testcases.LoginPageTest.setUp(LoginPageTest.java:31)
at com.crm.qa.testcases.LoginPageTest.setUp(LoginPageTest.java:31)
at com.crm.qa.testcases.LoginPageTest.setUp(LoginPageTest.java:31)
at com.crm.qa.testcases.LoginPageTest.setUp(LoginPageTest.java:31)
at com.crm.qa.testcases.LoginPageTest.setUp(LoginPageTest.java:31)
at com.crm.qa.testcases.LoginPageTest.setUp(LoginPageTest.java:31)
at com.crm.qa.testcases.LoginPageTest.setUp(LoginPageTest.java:31)
at com.crm.qa.testcases.LoginPageTest.setUp(LoginPageTest.java:31)
at com.crm.qa.testcases.LoginPageTest.setUp(LoginPageTest.java:31)
at com.crm.qa.testcases.LoginPageTest.setUp(LoginPageTest.java:31)
at com.crm.qa.testcases.LoginPageTest.setUp(LoginPageTest.java:31)
at com.crm.qa.testcases.LoginPageTest.setUp(LoginPageTest.java:31)
at com.crm.qa.testcases.LoginPageTest.setUp(LoginPageTest.java:31)
at com.crm.qa.testcases.LoginPageTest.setUp(LoginPageTest.java:31)
at com.crm.qa.testcases.LoginPageTest.setUp(LoginPageTest.java:31)
at com.crm.qa.testcases.LoginPageTest.setUp(LoginPageTest.java:31)
at com.crm.qa.testcases.LoginPageTest.setUp(LoginPageTest.java:31)
at com.crm.qa.testcases.LoginPageTest.setUp(LoginPageTest.java:31)
at com.crm.qa.testcases.LoginPageTest.setUp(LoginPageTest.java:31)
at com.crm.qa.testcases.LoginPageTest.setUp(LoginPageTest.java:31)
at com.crm.qa.testcases.LoginPageTest.setUp(LoginPageTest.java:31)
at com.crm.qa.testcases.LoginPageTest.setUp(LoginPageTest.java:31)
at com.crm.qa.testcases.LoginPageTest.setUp(LoginPageTest.java:31)
at com.crm.qa.testcases.LoginPageTest.setUp(LoginPageTest.java:31)
at com.crm.qa.testcases.LoginPageTest.setUp(LoginPageTest.java:31)
at com.crm.qa.testcases.LoginPageTest.setUp(LoginPageTest.java:31)
at com.crm.qa.testcases.LoginPageTest.setUp(LoginPageTest.java:31)
at com.crm.qa.testcases.LoginPageTest.setUp(LoginPageTest.java:31)
at com.crm.qa.testcases.LoginPageTest.setUp(LoginPageTest.java:31)
at com.crm.qa.testcases.LoginPageTest.setUp(LoginPageTest.java:31)
at com.crm.qa.testcases.LoginPageTest.setUp(LoginPageTest.java:31)
at com.crm.qa.testcases.LoginPageTest.setUp(LoginPageTest.java:31)
at com.crm.qa.testcases.LoginPageTest.setUp(LoginPageTest.java:31)
at com.crm.qa.testcases.LoginPageTest.setUp(LoginPageTest.java:31)
at com.crm.qa.testcases.LoginPageTest.setUp(LoginPageTest.java:31)
at com.crm.qa.testcases.LoginPageTest.setUp(LoginPageTest.java:31)
at com.crm.qa.testcases.LoginPageTest.setUp(LoginPageTest.java:31)
at com.crm.qa.testcases.LoginPageTest.setUp(LoginPageTest.java:31)
at com.crm.qa.testcases.LoginPageTest.setUp(LoginPageTest.java:31)
at com.crm.qa.testcases.LoginPageTest.setUp(LoginPageTest.java:31)
at com.crm.qa.testcases.LoginPageTest.setUp(LoginPageTest.java:31)
at com.crm.qa.testcases.LoginPageTest.setUp(LoginPageTest.java:31)
at com.crm.qa.testcases.LoginPageTest.setUp(LoginPageTest.java:31)
at com.crm.qa.testcases.LoginPageTest.setUp(LoginPageTest.java:31)
at com.crm.qa.testcases.LoginPageTest.setUp(LoginPageTest.java:31)
at com.crm.qa.testcases.LoginPageTest.setUp(LoginPageTest.java:31)
at com.crm.qa.testcases.LoginPageTest.setUp(LoginPageTest.java:31)
at com.crm.qa.testcases.LoginPageTest.setUp(LoginPageTest.java:31)
at com.crm.qa.testcases.LoginPageTest.setUp(LoginPageTest.java:31)
at com.crm.qa.testcases.LoginPageTest.setUp(LoginPageTest.java:31)
at com.crm.qa.testcases.LoginPageTest.setUp(LoginPageTest.java:31)
at com.crm.qa.testcases.LoginPageTest.setUp(LoginPageTest.java:31)
at com.crm.qa.testcases.LoginPageTest.setUp(LoginPageTest.java:31)
at com.crm.qa.testcases.LoginPageTest.setUp(LoginPageTest.java:31)
at com.crm.qa.testcases.LoginPageTest.setUp(LoginPageTest.java:31)
at com.crm.qa.testcases.LoginPageTest.setUp(LoginPageTest.java:31)
at com.crm.qa.testcases.LoginPageTest.setUp(LoginPageTest.java:31)
at com.crm.qa.testcases.LoginPageTest.setUp(LoginPageTest.java:31)
at com.crm.qa.testcases.LoginPageTest.setUp(LoginPageTest.java:31)
at com.crm.qa.testcases.LoginPageTest.setUp(LoginPageTest.java:31)
at com.crm.qa.testcases.LoginPageTest.setUp(LoginPageTest.java:31)
at com.crm.qa.testcases.LoginPageTest.setUp(LoginPageTest.java:31)
at com.crm.qa.testcases.LoginPageTest.setUp(LoginPageTest.java:31)
at com.crm.qa.testcases.LoginPageTest.setUp(LoginPageTest.java:31)
at com.crm.qa.testcases.LoginPageTest.setUp(LoginPageTest.java:31)
at com.crm.qa.testcases.LoginPageTest.setUp(LoginPageTest.java:31)
at com.crm.qa.testcases.LoginPageTest.setUp(LoginPageTest.java:31)
at com.crm.qa.testcases.LoginPageTest.setUp(LoginPageTest.java:31)
at com.crm.qa.testcases.LoginPageTest.setUp(LoginPageTest.java:31)
at com.crm.qa.testcases.LoginPageTest.setUp(LoginPageTest.java:31)
at com.crm.qa.testcases.LoginPageTest.setUp(LoginPageTest.java:31)
at com.crm.qa.testcases.LoginPageTest.setUp(LoginPageTest.java:31)
at com.crm.qa.testcases.LoginPageTest.setUp(LoginPageTest.java:31)
at com.crm.qa.testcases.LoginPageTest.setUp(LoginPageTest.java:31)
at com.crm.qa.testcases.LoginPageTest.setUp(LoginPageTest.java:31)
at com.crm.qa.testcases.LoginPageTest.setUp(LoginPageTest.java:31)
at com.crm.qa.testcases.LoginPageTest.setUp(LoginPageTest.java:31)
at com.crm.qa.testcases.LoginPageTest.setUp(LoginPageTest.java:31)
at com.crm.qa.testcases.LoginPageTest.setUp(LoginPageTest.java:31)
at com.crm.qa.testcases.LoginPageTest.setUp(LoginPageTest.java:31)
at com.crm.qa.testcases.LoginPageTest.setUp(LoginPageTest.java:31)
at com.crm.qa.testcases.LoginPageTest.setUp(LoginPageTest.java:31)
at com.crm.qa.testcases.LoginPageTest.setUp(LoginPageTest.java:31)
at com.crm.qa.testcases.LoginPageTest.setUp(LoginPageTest.java:31)
at com.crm.qa.testcases.LoginPageTest.setUp(LoginPageTest.java:31)
at com.crm.qa.testcases.LoginPageTest.setUp(LoginPageTest.java:31)
at com.crm.qa.testcases.LoginPageTest.setUp(LoginPageTest.java:31)
at com.crm.qa.testcases.LoginPageTest.setUp(LoginPageTest.java:31)
at com.crm.qa.testcases.LoginPageTest.setUp(LoginPageTest.java:31)
at com.crm.qa.testcases.LoginPageTest.setUp(LoginPageTest.java:31)
at com.crm.qa.testcases.LoginPageTest.setUp(LoginPageTest.java:31)
at com.crm.qa.testcases.LoginPageTest.setUp(LoginPageTest.java:31)
at com.crm.qa.testcases.LoginPageTest.setUp(LoginPageTest.java:31)
at com.crm.qa.testcases.LoginPageTest.setUp(LoginPageTest.java:31)
at com.crm.qa.testcases.LoginPageTest.setUp(LoginPageTest.java:31)
at com.crm.qa.testcases.LoginPageTest.setUp(LoginPageTest.java:31)
at com.crm.qa.testcases.LoginPageTest.setUp(LoginPageTest.java:31)
at com.crm.qa.testcases.LoginPageTest.setUp(LoginPageTest.java:31)
at com.crm.qa.testcases.LoginPageTest.setUp(LoginPageTest.java:31)
at com.crm.qa.testcases.LoginPageTest.setUp(LoginPageTest.java:31)
at com.crm.qa.testcases.LoginPageTest.setUp(LoginPageTest.java:31)
at com.crm.qa.testcases.LoginPageTest.setUp(LoginPageTest.java:31)
at com.crm.qa.testcases.LoginPageTest.setUp(LoginPageTest.java:31)
at com.crm.qa.testcases.LoginPageTest.setUp(LoginPageTest.java:31)
at com.crm.qa.testcases.LoginPageTest.setUp(LoginPageTest.java:31)
at com.crm.qa.testcases.LoginPageTest.setUp(LoginPageTest.java:31)
at com.crm.qa.testcases.LoginPageTest.setUp(LoginPageTest.java:31)
at com.crm.qa.testcases.LoginPageTest.setUp(LoginPageTest.java:31)
at com.crm.qa.testcases.LoginPageTest.setUp(LoginPageTest.java:31)
at com.crm.qa.testcases.LoginPageTest.setUp(LoginPageTest.java:31)
at com.crm.qa.testcases.LoginPageTest.setUp(LoginPageTest.java:31)
at com.crm.qa.testcases.LoginPageTest.setUp(LoginPageTest.java:31)
at com.crm.qa.testcases.LoginPageTest.setUp(LoginPageTest.java:31)
at com.crm.qa.testcases.LoginPageTest.setUp(LoginPageTest.java:31)
at com.crm.qa.testcases.LoginPageTest.setUp(LoginPageTest.java:31)
at com.crm.qa.testcases.LoginPageTest.setUp(LoginPageTest.java:31)
at com.crm.qa.testcases.LoginPageTest.setUp(LoginPageTest.java:31)
at com.crm.qa.testcases.LoginPageTest.setUp(LoginPageTest.java:31)
at com.crm.qa.testcases.LoginPageTest.setUp(LoginPageTest.java:31)
at com.crm.qa.testcases.LoginPageTest.setUp(LoginPageTest.java:31)
at com.crm.qa.testcases.LoginPageTest.setUp(LoginPageTest.java:31)
at com.crm.qa.testcases.LoginPageTest.setUp(LoginPageTest.java:31)
at com.crm.qa.testcases.LoginPageTest.setUp(LoginPageTest.java:31)
at com.crm.qa.testcases.LoginPageTest.setUp(LoginPageTest.java:31)
at com.crm.qa.testcases.LoginPageTest.setUp(LoginPageTest.java:31)
at com.crm.qa.testcases.LoginPageTest.setUp(LoginPageTest.java:31)
at com.crm.qa.testcases.LoginPageTest.setUp(LoginPageTest.java:31)
at com.crm.qa.testcases.LoginPageTest.setUp(LoginPageTest.java:31)
at com.crm.qa.testcases.LoginPageTest.setUp(LoginPageTest.java:31)
at com.crm.qa.testcases.LoginPageTest.setUp(LoginPageTest.java:31)
at com.crm.qa.testcases.LoginPageTest.setUp(LoginPageTest.java:31)
]]>
            </full-stacktrace>
          </exception> <!-- java.lang.StackOverflowError -->
          <reporter-output>
          </reporter-output>
        </test-method> <!-- setUp -->
        <test-method status="SKIP" signature="loginPageTitleTest()[pri:1, instance:com.crm.qa.testcases.LoginPageTest@25b485ba]" name="loginPageTitleTest" duration-ms="0" started-at="2022-06-10T13:00:40 EDT" finished-at="2022-06-10T13:00:40 EDT">
          <exception class="java.lang.StackOverflowError">
            <full-stacktrace>
              <![CDATA[java.lang.StackOverflowError
at com.crm.qa.testcases.LoginPageTest.setUp(LoginPageTest.java:31)
at com.crm.qa.testcases.LoginPageTest.setUp(LoginPageTest.java:31)
at com.crm.qa.testcases.LoginPageTest.setUp(LoginPageTest.java:31)
at com.crm.qa.testcases.LoginPageTest.setUp(LoginPageTest.java:31)
at com.crm.qa.testcases.LoginPageTest.setUp(LoginPageTest.java:31)
at com.crm.qa.testcases.LoginPageTest.setUp(LoginPageTest.java:31)
at com.crm.qa.testcases.LoginPageTest.setUp(LoginPageTest.java:31)
at com.crm.qa.testcases.LoginPageTest.setUp(LoginPageTest.java:31)
at com.crm.qa.testcases.LoginPageTest.setUp(LoginPageTest.java:31)
at com.crm.qa.testcases.LoginPageTest.setUp(LoginPageTest.java:31)
at com.crm.qa.testcases.LoginPageTest.setUp(LoginPageTest.java:31)
at com.crm.qa.testcases.LoginPageTest.setUp(LoginPageTest.java:31)
at com.crm.qa.testcases.LoginPageTest.setUp(LoginPageTest.java:31)
at com.crm.qa.testcases.LoginPageTest.setUp(LoginPageTest.java:31)
at com.crm.qa.testcases.LoginPageTest.setUp(LoginPageTest.java:31)
at com.crm.qa.testcases.LoginPageTest.setUp(LoginPageTest.java:31)
at com.crm.qa.testcases.LoginPageTest.setUp(LoginPageTest.java:31)
at com.crm.qa.testcases.LoginPageTest.setUp(LoginPageTest.java:31)
at com.crm.qa.testcases.LoginPageTest.setUp(LoginPageTest.java:31)
at com.crm.qa.testcases.LoginPageTest.setUp(LoginPageTest.java:31)
at com.crm.qa.testcases.LoginPageTest.setUp(LoginPageTest.java:31)
at com.crm.qa.testcases.LoginPageTest.setUp(LoginPageTest.java:31)
at com.crm.qa.testcases.LoginPageTest.setUp(LoginPageTest.java:31)
at com.crm.qa.testcases.LoginPageTest.setUp(LoginPageTest.java:31)
at com.crm.qa.testcases.LoginPageTest.setUp(LoginPageTest.java:31)
at com.crm.qa.testcases.LoginPageTest.setUp(LoginPageTest.java:31)
at com.crm.qa.testcases.LoginPageTest.setUp(LoginPageTest.java:31)
at com.crm.qa.testcases.LoginPageTest.setUp(LoginPageTest.java:31)
at com.crm.qa.testcases.LoginPageTest.setUp(LoginPageTest.java:31)
at com.crm.qa.testcases.LoginPageTest.setUp(LoginPageTest.java:31)
at com.crm.qa.testcases.LoginPageTest.setUp(LoginPageTest.java:31)
at com.crm.qa.testcases.LoginPageTest.setUp(LoginPageTest.java:31)
at com.crm.qa.testcases.LoginPageTest.setUp(LoginPageTest.java:31)
at com.crm.qa.testcases.LoginPageTest.setUp(LoginPageTest.java:31)
at com.crm.qa.testcases.LoginPageTest.setUp(LoginPageTest.java:31)
at com.crm.qa.testcases.LoginPageTest.setUp(LoginPageTest.java:31)
at com.crm.qa.testcases.LoginPageTest.setUp(LoginPageTest.java:31)
at com.crm.qa.testcases.LoginPageTest.setUp(LoginPageTest.java:31)
at com.crm.qa.testcases.LoginPageTest.setUp(LoginPageTest.java:31)
at com.crm.qa.testcases.LoginPageTest.setUp(LoginPageTest.java:31)
at com.crm.qa.testcases.LoginPageTest.setUp(LoginPageTest.java:31)
at com.crm.qa.testcases.LoginPageTest.setUp(LoginPageTest.java:31)
at com.crm.qa.testcases.LoginPageTest.setUp(LoginPageTest.java:31)
at com.crm.qa.testcases.LoginPageTest.setUp(LoginPageTest.java:31)
at com.crm.qa.testcases.LoginPageTest.setUp(LoginPageTest.java:31)
at com.crm.qa.testcases.LoginPageTest.setUp(LoginPageTest.java:31)
at com.crm.qa.testcases.LoginPageTest.setUp(LoginPageTest.java:31)
at com.crm.qa.testcases.LoginPageTest.setUp(LoginPageTest.java:31)
at com.crm.qa.testcases.LoginPageTest.setUp(LoginPageTest.java:31)
at com.crm.qa.testcases.LoginPageTest.setUp(LoginPageTest.java:31)
at com.crm.qa.testcases.LoginPageTest.setUp(LoginPageTest.java:31)
at com.crm.qa.testcases.LoginPageTest.setUp(LoginPageTest.java:31)
at com.crm.qa.testcases.LoginPageTest.setUp(LoginPageTest.java:31)
at com.crm.qa.testcases.LoginPageTest.setUp(LoginPageTest.java:31)
at com.crm.qa.testcases.LoginPageTest.setUp(LoginPageTest.java:31)
at com.crm.qa.testcases.LoginPageTest.setUp(LoginPageTest.java:31)
at com.crm.qa.testcases.LoginPageTest.setUp(LoginPageTest.java:31)
at com.crm.qa.testcases.LoginPageTest.setUp(LoginPageTest.java:31)
at com.crm.qa.testcases.LoginPageTest.setUp(LoginPageTest.java:31)
at com.crm.qa.testcases.LoginPageTest.setUp(LoginPageTest.java:31)
at com.crm.qa.testcases.LoginPageTest.setUp(LoginPageTest.java:31)
at com.crm.qa.testcases.LoginPageTest.setUp(LoginPageTest.java:31)
at com.crm.qa.testcases.LoginPageTest.setUp(LoginPageTest.java:31)
at com.crm.qa.testcases.LoginPageTest.setUp(LoginPageTest.java:31)
at com.crm.qa.testcases.LoginPageTest.setUp(LoginPageTest.java:31)
at com.crm.qa.testcases.LoginPageTest.setUp(LoginPageTest.java:31)
at com.crm.qa.testcases.LoginPageTest.setUp(LoginPageTest.java:31)
at com.crm.qa.testcases.LoginPageTest.setUp(LoginPageTest.java:31)
at com.crm.qa.testcases.LoginPageTest.setUp(LoginPageTest.java:31)
at com.crm.qa.testcases.LoginPageTest.setUp(LoginPageTest.java:31)
at com.crm.qa.testcases.LoginPageTest.setUp(LoginPageTest.java:31)
at com.crm.qa.testcases.LoginPageTest.setUp(LoginPageTest.java:31)
at com.crm.qa.testcases.LoginPageTest.setUp(LoginPageTest.java:31)
at com.crm.qa.testcases.LoginPageTest.setUp(LoginPageTest.java:31)
at com.crm.qa.testcases.LoginPageTest.setUp(LoginPageTest.java:31)
at com.crm.qa.testcases.LoginPageTest.setUp(LoginPageTest.java:31)
at com.crm.qa.testcases.LoginPageTest.setUp(LoginPageTest.java:31)
at com.crm.qa.testcases.LoginPageTest.setUp(LoginPageTest.java:31)
at com.crm.qa.testcases.LoginPageTest.setUp(LoginPageTest.java:31)
at com.crm.qa.testcases.LoginPageTest.setUp(LoginPageTest.java:31)
at com.crm.qa.testcases.LoginPageTest.setUp(LoginPageTest.java:31)
at com.crm.qa.testcases.LoginPageTest.setUp(LoginPageTest.java:31)
at com.crm.qa.testcases.LoginPageTest.setUp(LoginPageTest.java:31)
at com.crm.qa.testcases.LoginPageTest.setUp(LoginPageTest.java:31)
at com.crm.qa.testcases.LoginPageTest.setUp(LoginPageTest.java:31)
at com.crm.qa.testcases.LoginPageTest.setUp(LoginPageTest.java:31)
at com.crm.qa.testcases.LoginPageTest.setUp(LoginPageTest.java:31)
at com.crm.qa.testcases.LoginPageTest.setUp(LoginPageTest.java:31)
at com.crm.qa.testcases.LoginPageTest.setUp(LoginPageTest.java:31)
at com.crm.qa.testcases.LoginPageTest.setUp(LoginPageTest.java:31)
at com.crm.qa.testcases.LoginPageTest.setUp(LoginPageTest.java:31)
at com.crm.qa.testcases.LoginPageTest.setUp(LoginPageTest.java:31)
at com.crm.qa.testcases.LoginPageTest.setUp(LoginPageTest.java:31)
at com.crm.qa.testcases.LoginPageTest.setUp(LoginPageTest.java:31)
at com.crm.qa.testcases.LoginPageTest.setUp(LoginPageTest.java:31)
at com.crm.qa.testcases.LoginPageTest.setUp(LoginPageTest.java:31)
at com.crm.qa.testcases.LoginPageTest.setUp(LoginPageTest.java:31)
at com.crm.qa.testcases.LoginPageTest.setUp(LoginPageTest.java:31)
at com.crm.qa.testcases.LoginPageTest.setUp(LoginPageTest.java:31)
at com.crm.qa.testcases.LoginPageTest.setUp(LoginPageTest.java:31)
at com.crm.qa.testcases.LoginPageTest.setUp(LoginPageTest.java:31)
at com.crm.qa.testcases.LoginPageTest.setUp(LoginPageTest.java:31)
at com.crm.qa.testcases.LoginPageTest.setUp(LoginPageTest.java:31)
at com.crm.qa.testcases.LoginPageTest.setUp(LoginPageTest.java:31)
at com.crm.qa.testcases.LoginPageTest.setUp(LoginPageTest.java:31)
at com.crm.qa.testcases.LoginPageTest.setUp(LoginPageTest.java:31)
at com.crm.qa.testcases.LoginPageTest.setUp(LoginPageTest.java:31)
at com.crm.qa.testcases.LoginPageTest.setUp(LoginPageTest.java:31)
at com.crm.qa.testcases.LoginPageTest.setUp(LoginPageTest.java:31)
at com.crm.qa.testcases.LoginPageTest.setUp(LoginPageTest.java:31)
at com.crm.qa.testcases.LoginPageTest.setUp(LoginPageTest.java:31)
at com.crm.qa.testcases.LoginPageTest.setUp(LoginPageTest.java:31)
at com.crm.qa.testcases.LoginPageTest.setUp(LoginPageTest.java:31)
at com.crm.qa.testcases.LoginPageTest.setUp(LoginPageTest.java:31)
at com.crm.qa.testcases.LoginPageTest.setUp(LoginPageTest.java:31)
at com.crm.qa.testcases.LoginPageTest.setUp(LoginPageTest.java:31)
at com.crm.qa.testcases.LoginPageTest.setUp(LoginPageTest.java:31)
at com.crm.qa.testcases.LoginPageTest.setUp(LoginPageTest.java:31)
at com.crm.qa.testcases.LoginPageTest.setUp(LoginPageTest.java:31)
at com.crm.qa.testcases.LoginPageTest.setUp(LoginPageTest.java:31)
at com.crm.qa.testcases.LoginPageTest.setUp(LoginPageTest.java:31)
at com.crm.qa.testcases.LoginPageTest.setUp(LoginPageTest.java:31)
at com.crm.qa.testcases.LoginPageTest.setUp(LoginPageTest.java:31)
at com.crm.qa.testcases.LoginPageTest.setUp(LoginPageTest.java:31)
at com.crm.qa.testcases.LoginPageTest.setUp(LoginPageTest.java:31)
at com.crm.qa.testcases.LoginPageTest.setUp(LoginPageTest.java:31)
at com.crm.qa.testcases.LoginPageTest.setUp(LoginPageTest.java:31)
at com.crm.qa.testcases.LoginPageTest.setUp(LoginPageTest.java:31)
at com.crm.qa.testcases.LoginPageTest.setUp(LoginPageTest.java:31)
at com.crm.qa.testcases.LoginPageTest.setUp(LoginPageTest.java:31)
at com.crm.qa.testcases.LoginPageTest.setUp(LoginPageTest.java:31)
at com.crm.qa.testcases.LoginPageTest.setUp(LoginPageTest.java:31)
at com.crm.qa.testcases.LoginPageTest.setUp(LoginPageTest.java:31)
at com.crm.qa.testcases.LoginPageTest.setUp(LoginPageTest.java:31)
at com.crm.qa.testcases.LoginPageTest.setUp(LoginPageTest.java:31)
at com.crm.qa.testcases.LoginPageTest.setUp(LoginPageTest.java:31)
at com.crm.qa.testcases.LoginPageTest.setUp(LoginPageTest.java:31)
at com.crm.qa.testcases.LoginPageTest.setUp(LoginPageTest.java:31)
[...]
at com.crm.qa.testcases.LoginPageTest.setUp(LoginPageTest.java:31)
at com.crm.qa.testcases.LoginPageTest.setUp(LoginPageTest.java:31)
at com.crm.qa.testcases.LoginPageTest.setUp(LoginPageTest.java:31)
at com.crm.qa.testcases.LoginPageTest.setUp(LoginPageTest.java:31)
at com.crm.qa.testcases.LoginPageTest.setUp(LoginPageTest.java:31)
at com.crm.qa.testcases.LoginPageTest.setUp(LoginPageTest.java:31)
at com.crm.qa.testcases.LoginPageTest.setUp(LoginPageTest.java:31)
at com.crm.qa.testcases.LoginPageTest.setUp(LoginPageTest.java:31)
at com.crm.qa.testcases.LoginPageTest.setUp(LoginPageTest.java:31)
at com.crm.qa.testcases.LoginPageTest.setUp(LoginPageTest.java:31)
at com.crm.qa.testcases.LoginPageTest.setUp(LoginPageTest.java:31)
at com.crm.qa.testcases.LoginPageTest.setUp(LoginPageTest.java:31)
at com.crm.qa.testcases.LoginPageTest.setUp(LoginPageTest.java:31)
at com.crm.qa.testcases.LoginPageTest.setUp(LoginPageTest.java:31)
at com.crm.qa.testcases.LoginPageTest.setUp(LoginPageTest.java:31)
at com.crm.qa.testcases.LoginPageTest.setUp(LoginPageTest.java:31)
at com.crm.qa.testcases.LoginPageTest.setUp(LoginPageTest.java:31)
at com.crm.qa.testcases.LoginPageTest.setUp(LoginPageTest.java:31)
at com.crm.qa.testcases.LoginPageTest.setUp(LoginPageTest.java:31)
at com.crm.qa.testcases.LoginPageTest.setUp(LoginPageTest.java:31)
at com.crm.qa.testcases.LoginPageTest.setUp(LoginPageTest.java:31)
at com.crm.qa.testcases.LoginPageTest.setUp(LoginPageTest.java:31)
at com.crm.qa.testcases.LoginPageTest.setUp(LoginPageTest.java:31)
at com.crm.qa.testcases.LoginPageTest.setUp(LoginPageTest.java:31)
at com.crm.qa.testcases.LoginPageTest.setUp(LoginPageTest.java:31)
at com.crm.qa.testcases.LoginPageTest.setUp(LoginPageTest.java:31)
at com.crm.qa.testcases.LoginPageTest.setUp(LoginPageTest.java:31)
at com.crm.qa.testcases.LoginPageTest.setUp(LoginPageTest.java:31)
at com.crm.qa.testcases.LoginPageTest.setUp(LoginPageTest.java:31)
at com.crm.qa.testcases.LoginPageTest.setUp(LoginPageTest.java:31)
at com.crm.qa.testcases.LoginPageTest.setUp(LoginPageTest.java:31)
at com.crm.qa.testcases.LoginPageTest.setUp(LoginPageTest.java:31)
at com.crm.qa.testcases.LoginPageTest.setUp(LoginPageTest.java:31)
at com.crm.qa.testcases.LoginPageTest.setUp(LoginPageTest.java:31)
at com.crm.qa.testcases.LoginPageTest.setUp(LoginPageTest.java:31)
at com.crm.qa.testcases.LoginPageTest.setUp(LoginPageTest.java:31)
at com.crm.qa.testcases.LoginPageTest.setUp(LoginPageTest.java:31)
at com.crm.qa.testcases.LoginPageTest.setUp(LoginPageTest.java:31)
at com.crm.qa.testcases.LoginPageTest.setUp(LoginPageTest.java:31)
at com.crm.qa.testcases.LoginPageTest.setUp(LoginPageTest.java:31)
at com.crm.qa.testcases.LoginPageTest.setUp(LoginPageTest.java:31)
at com.crm.qa.testcases.LoginPageTest.setUp(LoginPageTest.java:31)
at com.crm.qa.testcases.LoginPageTest.setUp(LoginPageTest.java:31)
at com.crm.qa.testcases.LoginPageTest.setUp(LoginPageTest.java:31)
at com.crm.qa.testcases.LoginPageTest.setUp(LoginPageTest.java:31)
at com.crm.qa.testcases.LoginPageTest.setUp(LoginPageTest.java:31)
at com.crm.qa.testcases.LoginPageTest.setUp(LoginPageTest.java:31)
at com.crm.qa.testcases.LoginPageTest.setUp(LoginPageTest.java:31)
at com.crm.qa.testcases.LoginPageTest.setUp(LoginPageTest.java:31)
at com.crm.qa.testcases.LoginPageTest.setUp(LoginPageTest.java:31)
at com.crm.qa.testcases.LoginPageTest.setUp(LoginPageTest.java:31)
at com.crm.qa.testcases.LoginPageTest.setUp(LoginPageTest.java:31)
at com.crm.qa.testcases.LoginPageTest.setUp(LoginPageTest.java:31)
at com.crm.qa.testcases.LoginPageTest.setUp(LoginPageTest.java:31)
at com.crm.qa.testcases.LoginPageTest.setUp(LoginPageTest.java:31)
at com.crm.qa.testcases.LoginPageTest.setUp(LoginPageTest.java:31)
at com.crm.qa.testcases.LoginPageTest.setUp(LoginPageTest.java:31)
at com.crm.qa.testcases.LoginPageTest.setUp(LoginPageTest.java:31)
at com.crm.qa.testcases.LoginPageTest.setUp(LoginPageTest.java:31)
at com.crm.qa.testcases.LoginPageTest.setUp(LoginPageTest.java:31)
at com.crm.qa.testcases.LoginPageTest.setUp(LoginPageTest.java:31)
at com.crm.qa.testcases.LoginPageTest.setUp(LoginPageTest.java:31)
at com.crm.qa.testcases.LoginPageTest.setUp(LoginPageTest.java:31)
at com.crm.qa.testcases.LoginPageTest.setUp(LoginPageTest.java:31)
at com.crm.qa.testcases.LoginPageTest.setUp(LoginPageTest.java:31)
at com.crm.qa.testcases.LoginPageTest.setUp(LoginPageTest.java:31)
at com.crm.qa.testcases.LoginPageTest.setUp(LoginPageTest.java:31)
at com.crm.qa.testcases.LoginPageTest.setUp(LoginPageTest.java:31)
at com.crm.qa.testcases.LoginPageTest.setUp(LoginPageTest.java:31)
at com.crm.qa.testcases.LoginPageTest.setUp(LoginPageTest.java:31)
at com.crm.qa.testcases.LoginPageTest.setUp(LoginPageTest.java:31)
at com.crm.qa.testcases.LoginPageTest.setUp(LoginPageTest.java:31)
at com.crm.qa.testcases.LoginPageTest.setUp(LoginPageTest.java:31)
at com.crm.qa.testcases.LoginPageTest.setUp(LoginPageTest.java:31)
at com.crm.qa.testcases.LoginPageTest.setUp(LoginPageTest.java:31)
at com.crm.qa.testcases.LoginPageTest.setUp(LoginPageTest.java:31)
at com.crm.qa.testcases.LoginPageTest.setUp(LoginPageTest.java:31)
at com.crm.qa.testcases.LoginPageTest.setUp(LoginPageTest.java:31)
at com.crm.qa.testcases.LoginPageTest.setUp(LoginPageTest.java:31)
at com.crm.qa.testcases.LoginPageTest.setUp(LoginPageTest.java:31)
at com.crm.qa.testcases.LoginPageTest.setUp(LoginPageTest.java:31)
at com.crm.qa.testcases.LoginPageTest.setUp(LoginPageTest.java:31)
at com.crm.qa.testcases.LoginPageTest.setUp(LoginPageTest.java:31)
at com.crm.qa.testcases.LoginPageTest.setUp(LoginPageTest.java:31)
at com.crm.qa.testcases.LoginPageTest.setUp(LoginPageTest.java:31)
at com.crm.qa.testcases.LoginPageTest.setUp(LoginPageTest.java:31)
at com.crm.qa.testcases.LoginPageTest.setUp(LoginPageTest.java:31)
at com.crm.qa.testcases.LoginPageTest.setUp(LoginPageTest.java:31)
at com.crm.qa.testcases.LoginPageTest.setUp(LoginPageTest.java:31)
at com.crm.qa.testcases.LoginPageTest.setUp(LoginPageTest.java:31)
at com.crm.qa.testcases.LoginPageTest.setUp(LoginPageTest.java:31)
at com.crm.qa.testcases.LoginPageTest.setUp(LoginPageTest.java:31)
at com.crm.qa.testcases.LoginPageTest.setUp(LoginPageTest.java:31)
at com.crm.qa.testcases.LoginPageTest.setUp(LoginPageTest.java:31)
at com.crm.qa.testcases.LoginPageTest.setUp(LoginPageTest.java:31)
at com.crm.qa.testcases.LoginPageTest.setUp(LoginPageTest.java:31)
at com.crm.qa.testcases.LoginPageTest.setUp(LoginPageTest.java:31)
at com.crm.qa.testcases.LoginPageTest.setUp(LoginPageTest.java:31)
at com.crm.qa.testcases.LoginPageTest.setUp(LoginPageTest.java:31)
at com.crm.qa.testcases.LoginPageTest.setUp(LoginPageTest.java:31)
at com.crm.qa.testcases.LoginPageTest.setUp(LoginPageTest.java:31)
at com.crm.qa.testcases.LoginPageTest.setUp(LoginPageTest.java:31)
at com.crm.qa.testcases.LoginPageTest.setUp(LoginPageTest.java:31)
at com.crm.qa.testcases.LoginPageTest.setUp(LoginPageTest.java:31)
at com.crm.qa.testcases.LoginPageTest.setUp(LoginPageTest.java:31)
at com.crm.qa.testcases.LoginPageTest.setUp(LoginPageTest.java:31)
at com.crm.qa.testcases.LoginPageTest.setUp(LoginPageTest.java:31)
at com.crm.qa.testcases.LoginPageTest.setUp(LoginPageTest.java:31)
at com.crm.qa.testcases.LoginPageTest.setUp(LoginPageTest.java:31)
at com.crm.qa.testcases.LoginPageTest.setUp(LoginPageTest.java:31)
at com.crm.qa.testcases.LoginPageTest.setUp(LoginPageTest.java:31)
at com.crm.qa.testcases.LoginPageTest.setUp(LoginPageTest.java:31)
at com.crm.qa.testcases.LoginPageTest.setUp(LoginPageTest.java:31)
at com.crm.qa.testcases.LoginPageTest.setUp(LoginPageTest.java:31)
at com.crm.qa.testcases.LoginPageTest.setUp(LoginPageTest.java:31)
at com.crm.qa.testcases.LoginPageTest.setUp(LoginPageTest.java:31)
at com.crm.qa.testcases.LoginPageTest.setUp(LoginPageTest.java:31)
at com.crm.qa.testcases.LoginPageTest.setUp(LoginPageTest.java:31)
at com.crm.qa.testcases.LoginPageTest.setUp(LoginPageTest.java:31)
at com.crm.qa.testcases.LoginPageTest.setUp(LoginPageTest.java:31)
at com.crm.qa.testcases.LoginPageTest.setUp(LoginPageTest.java:31)
at com.crm.qa.testcases.LoginPageTest.setUp(LoginPageTest.java:31)
at com.crm.qa.testcases.LoginPageTest.setUp(LoginPageTest.java:31)
at com.crm.qa.testcases.LoginPageTest.setUp(LoginPageTest.java:31)
at com.crm.qa.testcases.LoginPageTest.setUp(LoginPageTest.java:31)
at com.crm.qa.testcases.LoginPageTest.setUp(LoginPageTest.java:31)
at com.crm.qa.testcases.LoginPageTest.setUp(LoginPageTest.java:31)
at com.crm.qa.testcases.LoginPageTest.setUp(LoginPageTest.java:31)
at com.crm.qa.testcases.LoginPageTest.setUp(LoginPageTest.java:31)
at com.crm.qa.testcases.LoginPageTest.setUp(LoginPageTest.java:31)
at com.crm.qa.testcases.LoginPageTest.setUp(LoginPageTest.java:31)
at com.crm.qa.testcases.LoginPageTest.setUp(LoginPageTest.java:31)
at com.crm.qa.testcases.LoginPageTest.setUp(LoginPageTest.java:31)
at com.crm.qa.testcases.LoginPageTest.setUp(LoginPageTest.java:31)
at com.crm.qa.testcases.LoginPageTest.setUp(LoginPageTest.java:31)
at com.crm.qa.testcases.LoginPageTest.setUp(LoginPageTest.java:31)
at com.crm.qa.testcases.LoginPageTest.setUp(LoginPageTest.java:31)
at com.crm.qa.testcases.LoginPageTest.setUp(LoginPageTest.java:31)
at com.crm.qa.testcases.LoginPageTest.setUp(LoginPageTest.java:31)
at com.crm.qa.testcases.LoginPageTest.setUp(LoginPageTest.java:31)
at com.crm.qa.testcases.LoginPageTest.setUp(LoginPageTest.java:31)
at com.crm.qa.testcases.LoginPageTest.setUp(LoginPageTest.java:31)
at com.crm.qa.testcases.LoginPageTest.setUp(LoginPageTest.java:31)
at com.crm.qa.testcases.LoginPageTest.setUp(LoginPageTest.java:31)
at com.crm.qa.testcases.LoginPageTest.setUp(LoginPageTest.java:31)
at com.crm.qa.testcases.LoginPageTest.setUp(LoginPageTest.java:31)
at com.crm.qa.testcases.LoginPageTest.setUp(LoginPageTest.java:31)
at com.crm.qa.testcases.LoginPageTest.setUp(LoginPageTest.java:31)
at com.crm.qa.testcases.LoginPageTest.setUp(LoginPageTest.java:31)
at com.crm.qa.testcases.LoginPageTest.setUp(LoginPageTest.java:31)
at com.crm.qa.testcases.LoginPageTest.setUp(LoginPageTest.java:31)
at com.crm.qa.testcases.LoginPageTest.setUp(LoginPageTest.java:31)
at com.crm.qa.testcases.LoginPageTest.setUp(LoginPageTest.java:31)
at com.crm.qa.testcases.LoginPageTest.setUp(LoginPageTest.java:31)
at com.crm.qa.testcases.LoginPageTest.setUp(LoginPageTest.java:31)
at com.crm.qa.testcases.LoginPageTest.setUp(LoginPageTest.java:31)
at com.crm.qa.testcases.LoginPageTest.setUp(LoginPageTest.java:31)
at com.crm.qa.testcases.LoginPageTest.setUp(LoginPageTest.java:31)
at com.crm.qa.testcases.LoginPageTest.setUp(LoginPageTest.java:31)
at com.crm.qa.testcases.LoginPageTest.setUp(LoginPageTest.java:31)
at com.crm.qa.testcases.LoginPageTest.setUp(LoginPageTest.java:31)
at com.crm.qa.testcases.LoginPageTest.setUp(LoginPageTest.java:31)
at com.crm.qa.testcases.LoginPageTest.setUp(LoginPageTest.java:31)
at com.crm.qa.testcases.LoginPageTest.setUp(LoginPageTest.java:31)
at com.crm.qa.testcases.LoginPageTest.setUp(LoginPageTest.java:31)
at com.crm.qa.testcases.LoginPageTest.setUp(LoginPageTest.java:31)
at com.crm.qa.testcases.LoginPageTest.setUp(LoginPageTest.java:31)
at com.crm.qa.testcases.LoginPageTest.setUp(LoginPageTest.java:31)
at com.crm.qa.testcases.LoginPageTest.setUp(LoginPageTest.java:31)
at com.crm.qa.testcases.LoginPageTest.setUp(LoginPageTest.java:31)
at com.crm.qa.testcases.LoginPageTest.setUp(LoginPageTest.java:31)
at com.crm.qa.testcases.LoginPageTest.setUp(LoginPageTest.java:31)
at com.crm.qa.testcases.LoginPageTest.setUp(LoginPageTest.java:31)
at com.crm.qa.testcases.LoginPageTest.setUp(LoginPageTest.java:31)
at com.crm.qa.testcases.LoginPageTest.setUp(LoginPageTest.java:31)
at com.crm.qa.testcases.LoginPageTest.setUp(LoginPageTest.java:31)
at com.crm.qa.testcases.LoginPageTest.setUp(LoginPageTest.java:31)
at com.crm.qa.testcases.LoginPageTest.setUp(LoginPageTest.java:31)
at com.crm.qa.testcases.LoginPageTest.setUp(LoginPageTest.java:31)
at com.crm.qa.testcases.LoginPageTest.setUp(LoginPageTest.java:31)
at com.crm.qa.testcases.LoginPageTest.setUp(LoginPageTest.java:31)
at com.crm.qa.testcases.LoginPageTest.setUp(LoginPageTest.java:31)
at com.crm.qa.testcases.LoginPageTest.setUp(LoginPageTest.java:31)
at com.crm.qa.testcases.LoginPageTest.setUp(LoginPageTest.java:31)
at com.crm.qa.testcases.LoginPageTest.setUp(LoginPageTest.java:31)
at com.crm.qa.testcases.LoginPageTest.setUp(LoginPageTest.java:31)
at com.crm.qa.testcases.LoginPageTest.setUp(LoginPageTest.java:31)
at com.crm.qa.testcases.LoginPageTest.setUp(LoginPageTest.java:31)
at com.crm.qa.testcases.LoginPageTest.setUp(LoginPageTest.java:31)
at com.crm.qa.testcases.LoginPageTest.setUp(LoginPageTest.java:31)
at com.crm.qa.testcases.LoginPageTest.setUp(LoginPageTest.java:31)
at com.crm.qa.testcases.LoginPageTest.setUp(LoginPageTest.java:31)
at com.crm.qa.testcases.LoginPageTest.setUp(LoginPageTest.java:31)
at com.crm.qa.testcases.LoginPageTest.setUp(LoginPageTest.java:31)
at com.crm.qa.testcases.LoginPageTest.setUp(LoginPageTest.java:31)
at com.crm.qa.testcases.LoginPageTest.setUp(LoginPageTest.java:31)
at com.crm.qa.testcases.LoginPageTest.setUp(LoginPageTest.java:31)
at com.crm.qa.testcases.LoginPageTest.setUp(LoginPageTest.java:31)
at com.crm.qa.testcases.LoginPageTest.setUp(LoginPageTest.java:31)
at com.crm.qa.testcases.LoginPageTest.setUp(LoginPageTest.java:31)
at com.crm.qa.testcases.LoginPageTest.setUp(LoginPageTest.java:31)
at com.crm.qa.testcases.LoginPageTest.setUp(LoginPageTest.java:31)
at com.crm.qa.testcases.LoginPageTest.setUp(LoginPageTest.java:31)
at com.crm.qa.testcases.LoginPageTest.setUp(LoginPageTest.java:31)
at com.crm.qa.testcases.LoginPageTest.setUp(LoginPageTest.java:31)
at com.crm.qa.testcases.LoginPageTest.setUp(LoginPageTest.java:31)
at com.crm.qa.testcases.LoginPageTest.setUp(LoginPageTest.java:31)
at com.crm.qa.testcases.LoginPageTest.setUp(LoginPageTest.java:31)
at com.crm.qa.testcases.LoginPageTest.setUp(LoginPageTest.java:31)
at com.crm.qa.testcases.LoginPageTest.setUp(LoginPageTest.java:31)
at com.crm.qa.testcases.LoginPageTest.setUp(LoginPageTest.java:31)
at com.crm.qa.testcases.LoginPageTest.setUp(LoginPageTest.java:31)
at com.crm.qa.testcases.LoginPageTest.setUp(LoginPageTest.java:31)
at com.crm.qa.testcases.LoginPageTest.setUp(LoginPageTest.java:31)
at com.crm.qa.testcases.LoginPageTest.setUp(LoginPageTest.java:31)
at com.crm.qa.testcases.LoginPageTest.setUp(LoginPageTest.java:31)
at com.crm.qa.testcases.LoginPageTest.setUp(LoginPageTest.java:31)
at com.crm.qa.testcases.LoginPageTest.setUp(LoginPageTest.java:31)
at com.crm.qa.testcases.LoginPageTest.setUp(LoginPageTest.java:31)
at com.crm.qa.testcases.LoginPageTest.setUp(LoginPageTest.java:31)
at com.crm.qa.testcases.LoginPageTest.setUp(LoginPageTest.java:31)
at com.crm.qa.testcases.LoginPageTest.setUp(LoginPageTest.java:31)
at com.crm.qa.testcases.LoginPageTest.setUp(LoginPageTest.java:31)
at com.crm.qa.testcases.LoginPageTest.setUp(LoginPageTest.java:31)
at com.crm.qa.testcases.LoginPageTest.setUp(LoginPageTest.java:31)
at com.crm.qa.testcases.LoginPageTest.setUp(LoginPageTest.java:31)
at com.crm.qa.testcases.LoginPageTest.setUp(LoginPageTest.java:31)
at com.crm.qa.testcases.LoginPageTest.setUp(LoginPageTest.java:31)
at com.crm.qa.testcases.LoginPageTest.setUp(LoginPageTest.java:31)
at com.crm.qa.testcases.LoginPageTest.setUp(LoginPageTest.java:31)
at com.crm.qa.testcases.LoginPageTest.setUp(LoginPageTest.java:31)
at com.crm.qa.testcases.LoginPageTest.setUp(LoginPageTest.java:31)
at com.crm.qa.testcases.LoginPageTest.setUp(LoginPageTest.java:31)
at com.crm.qa.testcases.LoginPageTest.setUp(LoginPageTest.java:31)
at com.crm.qa.testcases.LoginPageTest.setUp(LoginPageTest.java:31)
at com.crm.qa.testcases.LoginPageTest.setUp(LoginPageTest.java:31)
at com.crm.qa.testcases.LoginPageTest.setUp(LoginPageTest.java:31)
at com.crm.qa.testcases.LoginPageTest.setUp(LoginPageTest.java:31)
at com.crm.qa.testcases.LoginPageTest.setUp(LoginPageTest.java:31)
at com.crm.qa.testcases.LoginPageTest.setUp(LoginPageTest.java:31)
at com.crm.qa.testcases.LoginPageTest.setUp(LoginPageTest.java:31)
at com.crm.qa.testcases.LoginPageTest.setUp(LoginPageTest.java:31)
at com.crm.qa.testcases.LoginPageTest.setUp(LoginPageTest.java:31)
at com.crm.qa.testcases.LoginPageTest.setUp(LoginPageTest.java:31)
at com.crm.qa.testcases.LoginPageTest.setUp(LoginPageTest.java:31)
at com.crm.qa.testcases.LoginPageTest.setUp(LoginPageTest.java:31)
at com.crm.qa.testcases.LoginPageTest.setUp(LoginPageTest.java:31)
at com.crm.qa.testcases.LoginPageTest.setUp(LoginPageTest.java:31)
at com.crm.qa.testcases.LoginPageTest.setUp(LoginPageTest.java:31)
at com.crm.qa.testcases.LoginPageTest.setUp(LoginPageTest.java:31)
at com.crm.qa.testcases.LoginPageTest.setUp(LoginPageTest.java:31)
at com.crm.qa.testcases.LoginPageTest.setUp(LoginPageTest.java:31)
at com.crm.qa.testcases.LoginPageTest.setUp(LoginPageTest.java:31)
at com.crm.qa.testcases.LoginPageTest.setUp(LoginPageTest.java:31)
at com.crm.qa.testcases.LoginPageTest.setUp(LoginPageTest.java:31)
at com.crm.qa.testcases.LoginPageTest.setUp(LoginPageTest.java:31)
at com.crm.qa.testcases.LoginPageTest.setUp(LoginPageTest.java:31)
at com.crm.qa.testcases.LoginPageTest.setUp(LoginPageTest.java:31)
at com.crm.qa.testcases.LoginPageTest.setUp(LoginPageTest.java:31)
at com.crm.qa.testcases.LoginPageTest.setUp(LoginPageTest.java:31)
at com.crm.qa.testcases.LoginPageTest.setUp(LoginPageTest.java:31)
at com.crm.qa.testcases.LoginPageTest.setUp(LoginPageTest.java:31)
at com.crm.qa.testcases.LoginPageTest.setUp(LoginPageTest.java:31)
at com.crm.qa.testcases.LoginPageTest.setUp(LoginPageTest.java:31)
at com.crm.qa.testcases.LoginPageTest.setUp(LoginPageTest.java:31)
at com.crm.qa.testcases.LoginPageTest.setUp(LoginPageTest.java:31)
at com.crm.qa.testcases.LoginPageTest.setUp(LoginPageTest.java:31)
at com.crm.qa.testcases.LoginPageTest.setUp(LoginPageTest.java:31)
at com.crm.qa.testcases.LoginPageTest.setUp(LoginPageTest.java:31)
at com.crm.qa.testcases.LoginPageTest.setUp(LoginPageTest.java:31)
at com.crm.qa.testcases.LoginPageTest.setUp(LoginPageTest.java:31)
at com.crm.qa.testcases.LoginPageTest.setUp(LoginPageTest.java:31)
at com.crm.qa.testcases.LoginPageTest.setUp(LoginPageTest.java:31)
at com.crm.qa.testcases.LoginPageTest.setUp(LoginPageTest.java:31)
at com.crm.qa.testcases.LoginPageTest.setUp(LoginPageTest.java:31)
at com.crm.qa.testcases.LoginPageTest.setUp(LoginPageTest.java:31)
at com.crm.qa.testcases.LoginPageTest.setUp(LoginPageTest.java:31)
at com.crm.qa.testcases.LoginPageTest.setUp(LoginPageTest.java:31)
at com.crm.qa.testcases.LoginPageTest.setUp(LoginPageTest.java:31)
at com.crm.qa.testcases.LoginPageTest.setUp(LoginPageTest.java:31)
at com.crm.qa.testcases.LoginPageTest.setUp(LoginPageTest.java:31)
at com.crm.qa.testcases.LoginPageTest.setUp(LoginPageTest.java:31)
at com.crm.qa.testcases.LoginPageTest.setUp(LoginPageTest.java:31)
at com.crm.qa.testcases.LoginPageTest.setUp(LoginPageTest.java:31)
at com.crm.qa.testcases.LoginPageTest.setUp(LoginPageTest.java:31)
at com.crm.qa.testcases.LoginPageTest.setUp(LoginPageTest.java:31)
at com.crm.qa.testcases.LoginPageTest.setUp(LoginPageTest.java:31)
at com.crm.qa.testcases.LoginPageTest.setUp(LoginPageTest.java:31)
]]>
            </full-stacktrace>
          </exception> <!-- java.lang.StackOverflowError -->
          <reporter-output>
          </reporter-output>
        </test-method> <!-- loginTest -->
        <test-method status="SKIP" signature="tearDown()[pri:0, instance:com.crm.qa.testcases.LoginPageTest@25b485ba]" name="tearDown" is-config="true" duration-ms="-1654880450031" started-at="2022-06-10T13:00:50 EDT" finished-at="1969-12-31T19:00:00 EST">
          <reporter-output>
          </reporter-output>
        </test-method> <!-- tearDown -->
      </class> <!-- com.crm.qa.testcases.LoginPageTest -->
    </test> <!-- Test -->
  </suite> <!-- Suite -->
</testng-results>
