<?xml version="1.0" encoding="UTF-8"?>
<testng-results skipped="0" failed="0" ignored="0" total="1" passed="1">
  <reporter-output>
  </reporter-output>
  <suite name="Default suite" duration-ms="11917" started-at="2022-06-13T11:32:53 EDT" finished-at="2022-06-13T11:33:05 EDT">
    <groups>
    </groups>
    <test name="Default test" duration-ms="11917" started-at="2022-06-13T11:32:53 EDT" finished-at="2022-06-13T11:33:05 EDT">
      <class name="com.crm.qa.testcases.HomePageTest">
        <test-method status="PASS" signature="setUp()[pri:0, instance:com.crm.qa.testcases.HomePageTest@60285225]" name="setUp" is-config="true" duration-ms="11767" started-at="2022-06-13T11:32:53 EDT" finished-at="2022-06-13T11:33:05 EDT">
          <reporter-output>
          </reporter-output>
        </test-method> <!-- setUp -->
        <test-method status="PASS" signature="verifyHomePageTitleTest()[pri:0, instance:com.crm.qa.testcases.HomePageTest@60285225]" name="verifyHomePageTitleTest" duration-ms="20" started-at="2022-06-13T11:33:05 EDT" finished-at="2022-06-13T11:33:05 EDT">
          <reporter-output>
          </reporter-output>
        </test-method> <!-- verifyHomePageTitleTest -->
        <test-method status="PASS" signature="tearDown()[pri:0, instance:com.crm.qa.testcases.HomePageTest@60285225]" name="tearDown" is-config="true" duration-ms="82" started-at="2022-06-13T11:33:05 EDT" finished-at="2022-06-13T11:33:05 EDT">
          <reporter-output>
          </reporter-output>
        </test-method> <!-- tearDown -->
      </class> <!-- com.crm.qa.testcases.HomePageTest -->
    </test> <!-- Default test -->
  </suite> <!-- Default suite -->
</testng-results>
